# JRE version: Java(TM) SE Runtime Environment (8.0_201-b09) (build 1.8.0_201-b09)
# Java VM: Java HotSpot(TM) 64-Bit Server VM (25.201-b09 mixed mode windows-amd64 compressed oops)
Heap:
 PSYoungGen      total 850432K, used 400134K [0x000000076b400000, 0x00000007aec00000, 0x00000007c0000000)
  eden space 835584K, 47% used [0x000000076b400000,0x0000000783ac1af0,0x000000079e400000)
  from space 14848K, 0% used [0x000000079e400000,0x000000079e400000,0x000000079f280000)
  to   space 33792K, 0% used [0x00000007acb00000,0x00000007acb00000,0x00000007aec00000)
 ParOldGen       total 229376K, used 79148K [0x00000006c1c00000, 0x00000006cfc00000, 0x000000076b400000)
  object space 229376K, 34% used [0x00000006c1c00000,0x00000006c694b248,0x00000006cfc00000)
 Metaspace       used 59294K, capacity 63076K, committed 63448K, reserved 1105920K
  class space    used 6742K, capacity 7344K, committed 7424K, reserved 1048576K
GC Heap History (10 events):
Event: 4.576 GC heap before
{Heap before GC invocations=10 (full 1):
 PSYoungGen      total 537600K, used 5073K [0x000000076b400000, 0x00000007a0180000, 0x00000007c0000000)
  eden space 523776K, 0% used [0x000000076b400000,0x000000076b400000,0x000000078b380000)
  from space 13824K, 36% used [0x000000078b380000,0x000000078b8747d8,0x000000078c100000)
  to   space 13824K, 0% used [0x000000079f400000,0x000000079f400000,0x00000007a0180000)
 ParOldGen       total 175104K, used 9063K [0x00000006c1c00000, 0x00000006cc700000, 0x000000076b400000)
  object space 175104K, 5% used [0x00000006c1c00000,0x00000006c24d9cd8,0x00000006cc700000)
 Metaspace       used 20764K, capacity 21036K, committed 21248K, reserved 1069056K
  class space    used 2330K, capacity 2458K, committed 2560K, reserved 1048576K
Event: 4.620 GC heap after
Heap after GC invocations=10 (full 1):
 PSYoungGen      total 537600K, used 0K [0x000000076b400000, 0x00000007a0180000, 0x00000007c0000000)
  eden space 523776K, 0% used [0x000000076b400000,0x000000076b400000,0x000000078b380000)
  from space 13824K, 0% used [0x000000078b380000,0x000000078b380000,0x000000078c100000)
  to   space 13824K, 0% used [0x000000079f400000,0x000000079f400000,0x00000007a0180000)
 ParOldGen       total 90624K, used 10302K [0x00000006c1c00000, 0x00000006c7480000, 0x000000076b400000)
  object space 90624K, 11% used [0x00000006c1c00000,0x00000006c260fb10,0x00000006c7480000)
 Metaspace       used 20764K, capacity 21036K, committed 21248K, reserved 1069056K
  class space    used 2330K, capacity 2458K, committed 2560K, reserved 1048576K
}
Event: 8.341 GC heap before
{Heap before GC invocations=11 (full 1):
 PSYoungGen      total 537600K, used 172895K [0x000000076b400000, 0x00000007a0180000, 0x00000007c0000000)
  eden space 523776K, 33% used [0x000000076b400000,0x0000000775cd7e90,0x000000078b380000)
  from space 13824K, 0% used [0x000000078b380000,0x000000078b380000,0x000000078c100000)
  to   space 13824K, 0% used [0x000000079f400000,0x000000079f400000,0x00000007a0180000)
 ParOldGen       total 90624K, used 10302K [0x00000006c1c00000, 0x00000006c7480000, 0x000000076b400000)
  object space 90624K, 11% used [0x00000006c1c00000,0x00000006c260fb10,0x00000006c7480000)
 Metaspace       used 34619K, capacity 35076K, committed 35416K, reserved 1081344K
  class space    used 4053K, capacity 4197K, committed 4224K, reserved 1048576K
Event: 8.369 GC heap after
Heap after GC invocations=11 (full 1):
 PSYoungGen      total 787456K, used 13268K [0x000000076b400000, 0x00000007a0100000, 0x00000007c0000000)
  eden space 774144K, 0% used [0x000000076b400000,0x000000076b400000,0x000000079a800000)
  from space 13312K, 99% used [0x000000079f400000,0x00000007a00f5318,0x00000007a0100000)
  to   space 14848K, 0% used [0x000000079e400000,0x000000079e400000,0x000000079f280000)
 ParOldGen       total 90624K, used 10318K [0x00000006c1c00000, 0x00000006c7480000, 0x000000076b400000)
  object space 90624K, 11% used [0x00000006c1c00000,0x00000006c2613b10,0x00000006c7480000)
 Metaspace       used 34619K, capacity 35076K, committed 35416K, reserved 1081344K
  class space    used 4053K, capacity 4197K, committed 4224K, reserved 1048576K
}
Event: 8.369 GC heap before
{Heap before GC invocations=12 (full 2):
 PSYoungGen      total 787456K, used 13268K [0x000000076b400000, 0x00000007a0100000, 0x00000007c0000000)
  eden space 774144K, 0% used [0x000000076b400000,0x000000076b400000,0x000000079a800000)
  from space 13312K, 99% used [0x000000079f400000,0x00000007a00f5318,0x00000007a0100000)
  to   space 14848K, 0% used [0x000000079e400000,0x000000079e400000,0x000000079f280000)
 ParOldGen       total 90624K, used 10318K [0x00000006c1c00000, 0x00000006c7480000, 0x000000076b400000)
  object space 90624K, 11% used [0x00000006c1c00000,0x00000006c2613b10,0x00000006c7480000)
 Metaspace       used 34619K, capacity 35076K, committed 35416K, reserved 1081344K
  class space    used 4053K, capacity 4197K, committed 4224K, reserved 1048576K
Event: 8.497 GC heap after
Heap after GC invocations=12 (full 2):
 PSYoungGen      total 787456K, used 0K [0x000000076b400000, 0x00000007a0100000, 0x00000007c0000000)
  eden space 774144K, 0% used [0x000000076b400000,0x000000076b400000,0x000000079a800000)
  from space 13312K, 0% used [0x000000079f400000,0x000000079f400000,0x00000007a0100000)
  to   space 14848K, 0% used [0x000000079e400000,0x000000079e400000,0x000000079f280000)
 ParOldGen       total 131072K, used 22415K [0x00000006c1c00000, 0x00000006c9c00000, 0x000000076b400000)
  object space 131072K, 17% used [0x00000006c1c00000,0x00000006c31e3e88,0x00000006c9c00000)
 Metaspace       used 34619K, capacity 35076K, committed 35416K, reserved 1081344K
  class space    used 4053K, capacity 4197K, committed 4224K, reserved 1048576K
}
Event: 32.662 GC heap before
{Heap before GC invocations=13 (full 2):
 PSYoungGen      total 787456K, used 462022K [0x000000076b400000, 0x00000007a0100000, 0x00000007c0000000)
  eden space 774144K, 59% used [0x000000076b400000,0x0000000787731a28,0x000000079a800000)
  from space 13312K, 0% used [0x000000079f400000,0x000000079f400000,0x00000007a0100000)
  to   space 14848K, 0% used [0x000000079e400000,0x000000079e400000,0x000000079f280000)
 ParOldGen       total 131072K, used 22415K [0x00000006c1c00000, 0x00000006c9c00000, 0x000000076b400000)
  object space 131072K, 17% used [0x00000006c1c00000,0x00000006c31e3e88,0x00000006c9c00000)
 Metaspace       used 55459K, capacity 58908K, committed 58968K, reserved 1101824K
  class space    used 6463K, capacity 7006K, committed 7040K, reserved 1048576K
Event: 32.697 GC heap after
Heap after GC invocations=13 (full 2):
 PSYoungGen      total 850432K, used 14822K [0x000000076b400000, 0x00000007aec00000, 0x00000007c0000000)
  eden space 835584K, 0% used [0x000000076b400000,0x000000076b400000,0x000000079e400000)
  from space 14848K, 99% used [0x000000079e400000,0x000000079f279b20,0x000000079f280000)
  to   space 33792K, 0% used [0x00000007acb00000,0x00000007acb00000,0x00000007aec00000)
 ParOldGen       total 131072K, used 68840K [0x00000006c1c00000, 0x00000006c9c00000, 0x000000076b400000)
  object space 131072K, 52% used [0x00000006c1c00000,0x00000006c5f3a040,0x00000006c9c00000)
 Metaspace       used 55459K, capacity 58908K, committed 58968K, reserved 1101824K
  class space    used 6463K, capacity 7006K, committed 7040K, reserved 1048576K
}
Event: 32.697 GC heap before
{Heap before GC invocations=14 (full 3):
 PSYoungGen      total 850432K, used 14822K [0x000000076b400000, 0x00000007aec00000, 0x00000007c0000000)
  eden space 835584K, 0% used [0x000000076b400000,0x000000076b400000,0x000000079e400000)
  from space 14848K, 99% used [0x000000079e400000,0x000000079f279b20,0x000000079f280000)
  to   space 33792K, 0% used [0x00000007acb00000,0x00000007acb00000,0x00000007aec00000)
 ParOldGen       total 131072K, used 68840K [0x00000006c1c00000, 0x00000006c9c00000, 0x000000076b400000)
  object space 131072K, 52% used [0x00000006c1c00000,0x00000006c5f3a040,0x00000006c9c00000)
 Metaspace       used 55459K, capacity 58908K, committed 58968K, reserved 1101824K
  class space    used 6463K, capacity 7006K, committed 7040K, reserved 1048576K
Event: 33.004 GC heap after
Heap after GC invocations=14 (full 3):
 PSYoungGen      total 850432K, used 0K [0x000000076b400000, 0x00000007aec00000, 0x00000007c0000000)
  eden space 835584K, 0% used [0x000000076b400000,0x000000076b400000,0x000000079e400000)
  from space 14848K, 0% used [0x000000079e400000,0x000000079e400000,0x000000079f280000)
  to   space 33792K, 0% used [0x00000007acb00000,0x00000007acb00000,0x00000007aec00000)
 ParOldGen       total 229376K, used 79148K [0x00000006c1c00000, 0x00000006cfc00000, 0x000000076b400000)
  object space 229376K, 34% used [0x00000006c1c00000,0x00000006c694b248,0x00000006cfc00000)
 Metaspace       used 55459K, capacity 58908K, committed 58968K, reserved 1101824K
  class space    used 6463K, capacity 7006K, committed 7040K, reserved 1048576K
}

