# JRE version: Java(TM) SE Runtime Environment (8.0_201-b09) (build 1.8.0_201-b09)
# Java VM: Java HotSpot(TM) 64-Bit Server VM (25.201-b09 mixed mode windows-amd64 compressed oops)
Heap:
 PSYoungGen      total 850432K, used 279018K [0x000000076b400000, 0x00000007ae100000, 0x00000007c0000000)
  eden space 835072K, 33% used [0x000000076b400000,0x000000077c47a910,0x000000079e380000)
  from space 15360K, 0% used [0x000000079e380000,0x000000079e380000,0x000000079f280000)
  to   space 30208K, 0% used [0x00000007ac380000,0x00000007ac380000,0x00000007ae100000)
 ParOldGen       total 221184K, used 70502K [0x00000006c1c00000, 0x00000006cf400000, 0x000000076b400000)
  object space 221184K, 31% used [0x00000006c1c00000,0x00000006c60d9b38,0x00000006cf400000)
 Metaspace       used 59841K, capacity 63646K, committed 63744K, reserved 1105920K
  class space    used 6781K, capacity 7363K, committed 7424K, reserved 1048576K
GC Heap History (10 events):
Event: 4.505 GC heap before
{Heap before GC invocations=10 (full 1):
 PSYoungGen      total 537600K, used 5485K [0x000000076b400000, 0x00000007a0180000, 0x00000007c0000000)
  eden space 523776K, 0% used [0x000000076b400000,0x000000076b400000,0x000000078b380000)
  from space 13824K, 39% used [0x000000078b380000,0x000000078b8db4a0,0x000000078c100000)
  to   space 13824K, 0% used [0x000000079f400000,0x000000079f400000,0x00000007a0180000)
 ParOldGen       total 175104K, used 8965K [0x00000006c1c00000, 0x00000006cc700000, 0x000000076b400000)
  object space 175104K, 5% used [0x00000006c1c00000,0x00000006c24c17f0,0x00000006cc700000)
 Metaspace       used 20892K, capacity 21124K, committed 21296K, reserved 1069056K
  class space    used 2342K, capacity 2426K, committed 2432K, reserved 1048576K
Event: 4.553 GC heap after
Heap after GC invocations=10 (full 1):
 PSYoungGen      total 537600K, used 0K [0x000000076b400000, 0x00000007a0180000, 0x00000007c0000000)
  eden space 523776K, 0% used [0x000000076b400000,0x000000076b400000,0x000000078b380000)
  from space 13824K, 0% used [0x000000078b380000,0x000000078b380000,0x000000078c100000)
  to   space 13824K, 0% used [0x000000079f400000,0x000000079f400000,0x00000007a0180000)
 ParOldGen       total 92672K, used 10358K [0x00000006c1c00000, 0x00000006c7680000, 0x000000076b400000)
  object space 92672K, 11% used [0x00000006c1c00000,0x00000006c261d9e0,0x00000006c7680000)
 Metaspace       used 20892K, capacity 21124K, committed 21296K, reserved 1069056K
  class space    used 2342K, capacity 2426K, committed 2432K, reserved 1048576K
}
Event: 7.873 GC heap before
{Heap before GC invocations=11 (full 1):
 PSYoungGen      total 537600K, used 167343K [0x000000076b400000, 0x00000007a0180000, 0x00000007c0000000)
  eden space 523776K, 31% used [0x000000076b400000,0x000000077576be48,0x000000078b380000)
  from space 13824K, 0% used [0x000000078b380000,0x000000078b380000,0x000000078c100000)
  to   space 13824K, 0% used [0x000000079f400000,0x000000079f400000,0x00000007a0180000)
 ParOldGen       total 92672K, used 10358K [0x00000006c1c00000, 0x00000006c7680000, 0x000000076b400000)
  object space 92672K, 11% used [0x00000006c1c00000,0x00000006c261d9e0,0x00000006c7680000)
 Metaspace       used 34669K, capacity 35236K, committed 35456K, reserved 1081344K
  class space    used 4034K, capacity 4209K, committed 4224K, reserved 1048576K
Event: 7.894 GC heap after
Heap after GC invocations=11 (full 1):
 PSYoungGen      total 780288K, used 13625K [0x000000076b400000, 0x00000007a0180000, 0x00000007c0000000)
  eden space 766464K, 0% used [0x000000076b400000,0x000000076b400000,0x000000079a080000)
  from space 13824K, 98% used [0x000000079f400000,0x00000007a014e728,0x00000007a0180000)
  to   space 15360K, 0% used [0x000000079e380000,0x000000079e380000,0x000000079f280000)
 ParOldGen       total 92672K, used 10366K [0x00000006c1c00000, 0x00000006c7680000, 0x000000076b400000)
  object space 92672K, 11% used [0x00000006c1c00000,0x00000006c261f9e0,0x00000006c7680000)
 Metaspace       used 34669K, capacity 35236K, committed 35456K, reserved 1081344K
  class space    used 4034K, capacity 4209K, committed 4224K, reserved 1048576K
}
Event: 7.894 GC heap before
{Heap before GC invocations=12 (full 2):
 PSYoungGen      total 780288K, used 13625K [0x000000076b400000, 0x00000007a0180000, 0x00000007c0000000)
  eden space 766464K, 0% used [0x000000076b400000,0x000000076b400000,0x000000079a080000)
  from space 13824K, 98% used [0x000000079f400000,0x00000007a014e728,0x00000007a0180000)
  to   space 15360K, 0% used [0x000000079e380000,0x000000079e380000,0x000000079f280000)
 ParOldGen       total 92672K, used 10366K [0x00000006c1c00000, 0x00000006c7680000, 0x000000076b400000)
  object space 92672K, 11% used [0x00000006c1c00000,0x00000006c261f9e0,0x00000006c7680000)
 Metaspace       used 34669K, capacity 35236K, committed 35456K, reserved 1081344K
  class space    used 4034K, capacity 4209K, committed 4224K, reserved 1048576K
Event: 7.993 GC heap after
Heap after GC invocations=12 (full 2):
 PSYoungGen      total 780288K, used 0K [0x000000076b400000, 0x00000007a0180000, 0x00000007c0000000)
  eden space 766464K, 0% used [0x000000076b400000,0x000000076b400000,0x000000079a080000)
  from space 13824K, 0% used [0x000000079f400000,0x000000079f400000,0x00000007a0180000)
  to   space 15360K, 0% used [0x000000079e380000,0x000000079e380000,0x000000079f280000)
 ParOldGen       total 133120K, used 22753K [0x00000006c1c00000, 0x00000006c9e00000, 0x000000076b400000)
  object space 133120K, 17% used [0x00000006c1c00000,0x00000006c32387c0,0x00000006c9e00000)
 Metaspace       used 34669K, capacity 35236K, committed 35456K, reserved 1081344K
  class space    used 4034K, capacity 4209K, committed 4224K, reserved 1048576K
}
Event: 26.205 GC heap before
{Heap before GC invocations=13 (full 2):
 PSYoungGen      total 780288K, used 437064K [0x000000076b400000, 0x00000007a0180000, 0x00000007c0000000)
  eden space 766464K, 57% used [0x000000076b400000,0x0000000785ed23c0,0x000000079a080000)
  from space 13824K, 0% used [0x000000079f400000,0x000000079f400000,0x00000007a0180000)
  to   space 15360K, 0% used [0x000000079e380000,0x000000079e380000,0x000000079f280000)
 ParOldGen       total 133120K, used 22753K [0x00000006c1c00000, 0x00000006c9e00000, 0x000000076b400000)
  object space 133120K, 17% used [0x00000006c1c00000,0x00000006c32387c0,0x00000006c9e00000)
 Metaspace       used 55538K, capacity 59050K, committed 59096K, reserved 1101824K
  class space    used 6500K, capacity 7031K, committed 7040K, reserved 1048576K
Event: 26.266 GC heap after
Heap after GC invocations=13 (full 2):
 PSYoungGen      total 850432K, used 15356K [0x000000076b400000, 0x00000007ae100000, 0x00000007c0000000)
  eden space 835072K, 0% used [0x000000076b400000,0x000000076b400000,0x000000079e380000)
  from space 15360K, 99% used [0x000000079e380000,0x000000079f27f398,0x000000079f280000)
  to   space 30208K, 0% used [0x00000007ac380000,0x00000007ac380000,0x00000007ae100000)
 ParOldGen       total 133120K, used 59604K [0x00000006c1c00000, 0x00000006c9e00000, 0x000000076b400000)
  object space 133120K, 44% used [0x00000006c1c00000,0x00000006c56351d0,0x00000006c9e00000)
 Metaspace       used 55538K, capacity 59050K, committed 59096K, reserved 1101824K
  class space    used 6500K, capacity 7031K, committed 7040K, reserved 1048576K
}
Event: 26.266 GC heap before
{Heap before GC invocations=14 (full 3):
 PSYoungGen      total 850432K, used 15356K [0x000000076b400000, 0x00000007ae100000, 0x00000007c0000000)
  eden space 835072K, 0% used [0x000000076b400000,0x000000076b400000,0x000000079e380000)
  from space 15360K, 99% used [0x000000079e380000,0x000000079f27f398,0x000000079f280000)
  to   space 30208K, 0% used [0x00000007ac380000,0x00000007ac380000,0x00000007ae100000)
 ParOldGen       total 133120K, used 59604K [0x00000006c1c00000, 0x00000006c9e00000, 0x000000076b400000)
  object space 133120K, 44% used [0x00000006c1c00000,0x00000006c56351d0,0x00000006c9e00000)
 Metaspace       used 55538K, capacity 59050K, committed 59096K, reserved 1101824K
  class space    used 6500K, capacity 7031K, committed 7040K, reserved 1048576K
Event: 26.619 GC heap after
Heap after GC invocations=14 (full 3):
 PSYoungGen      total 850432K, used 0K [0x000000076b400000, 0x00000007ae100000, 0x00000007c0000000)
  eden space 835072K, 0% used [0x000000076b400000,0x000000076b400000,0x000000079e380000)
  from space 15360K, 0% used [0x000000079e380000,0x000000079e380000,0x000000079f280000)
  to   space 30208K, 0% used [0x00000007ac380000,0x00000007ac380000,0x00000007ae100000)
 ParOldGen       total 221184K, used 70502K [0x00000006c1c00000, 0x00000006cf400000, 0x000000076b400000)
  object space 221184K, 31% used [0x00000006c1c00000,0x00000006c60d9b38,0x00000006cf400000)
 Metaspace       used 55538K, capacity 59050K, committed 59096K, reserved 1101824K
  class space    used 6500K, capacity 7031K, committed 7040K, reserved 1048576K
}

