# JRE version: Java(TM) SE Runtime Environment (8.0_201-b09) (build 1.8.0_201-b09)
# Java VM: Java HotSpot(TM) 64-Bit Server VM (25.201-b09 mixed mode windows-amd64 compressed oops)
Heap:
 PSYoungGen      total 1028608K, used 571965K [0x000000076b400000, 0x00000007b8a00000, 0x00000007c0000000)
  eden space 1027584K, 55% used [0x000000076b400000,0x000000078e1e76b0,0x00000007a9f80000)
  from space 1024K, 65% used [0x00000007b8900000,0x00000007b89a8000,0x00000007b8a00000)
  to   space 35840K, 0% used [0x00000007b4400000,0x00000007b4400000,0x00000007b6700000)
 ParOldGen       total 262656K, used 109395K [0x00000006c1c00000, 0x00000006d1c80000, 0x000000076b400000)
  object space 262656K, 41% used [0x00000006c1c00000,0x00000006c86d4c08,0x00000006d1c80000)
 Metaspace       used 60904K, capacity 64537K, committed 64680K, reserved 1105920K
  class space    used 6753K, capacity 7331K, committed 7336K, reserved 1048576K
GC Heap History (10 events):
Event: 1339.147 GC heap before
{Heap before GC invocations=26 (full 6):
 PSYoungGen      total 1341952K, used 1297568K [0x000000076b400000, 0x00000007bff00000, 0x00000007c0000000)
  eden space 1297408K, 100% used [0x000000076b400000,0x00000007ba700000,0x00000007ba700000)
  from space 44544K, 0% used [0x00000007ba700000,0x00000007ba728000,0x00000007bd280000)
  to   space 43520K, 0% used [0x00000007bd480000,0x00000007bd480000,0x00000007bff00000)
 ParOldGen       total 262656K, used 109246K [0x00000006c1c00000, 0x00000006d1c80000, 0x000000076b400000)
  object space 262656K, 41% used [0x00000006c1c00000,0x00000006c86af890,0x00000006d1c80000)
 Metaspace       used 60571K, capacity 64167K, committed 64424K, reserved 1105920K
  class space    used 6697K, capacity 7292K, committed 7336K, reserved 1048576K
Event: 1339.159 GC heap after
Heap after GC invocations=26 (full 6):
 PSYoungGen      total 1238528K, used 224K [0x000000076b400000, 0x00000007bd500000, 0x00000007c0000000)
  eden space 1238016K, 0% used [0x000000076b400000,0x000000076b400000,0x00000007b6d00000)
  from space 512K, 43% used [0x00000007bd480000,0x00000007bd4b8000,0x00000007bd500000)
  to   space 42496K, 0% used [0x00000007b8200000,0x00000007b8200000,0x00000007bab80000)
 ParOldGen       total 262656K, used 109286K [0x00000006c1c00000, 0x00000006d1c80000, 0x000000076b400000)
  object space 262656K, 41% used [0x00000006c1c00000,0x00000006c86b9890,0x00000006d1c80000)
 Metaspace       used 60571K, capacity 64167K, committed 64424K, reserved 1105920K
  class space    used 6697K, capacity 7292K, committed 7336K, reserved 1048576K
}
Event: 1361.460 GC heap before
{Heap before GC invocations=27 (full 6):
 PSYoungGen      total 1238528K, used 1238240K [0x000000076b400000, 0x00000007bd500000, 0x00000007c0000000)
  eden space 1238016K, 100% used [0x000000076b400000,0x00000007b6d00000,0x00000007b6d00000)
  from space 512K, 43% used [0x00000007bd480000,0x00000007bd4b8000,0x00000007bd500000)
  to   space 42496K, 0% used [0x00000007b8200000,0x00000007b8200000,0x00000007bab80000)
 ParOldGen       total 262656K, used 109286K [0x00000006c1c00000, 0x00000006d1c80000, 0x000000076b400000)
  object space 262656K, 41% used [0x00000006c1c00000,0x00000006c86b9890,0x00000006d1c80000)
 Metaspace       used 60571K, capacity 64167K, committed 64424K, reserved 1105920K
  class space    used 6697K, capacity 7292K, committed 7336K, reserved 1048576K
Event: 1361.466 GC heap after
Heap after GC invocations=27 (full 6):
 PSYoungGen      total 1223680K, used 576K [0x000000076b400000, 0x00000007bd500000, 0x00000007c0000000)
  eden space 1181184K, 0% used [0x000000076b400000,0x000000076b400000,0x00000007b3580000)
  from space 42496K, 1% used [0x00000007b8200000,0x00000007b8290000,0x00000007bab80000)
  to   space 40960K, 0% used [0x00000007bad00000,0x00000007bad00000,0x00000007bd500000)
 ParOldGen       total 262656K, used 109395K [0x00000006c1c00000, 0x00000006d1c80000, 0x000000076b400000)
  object space 262656K, 41% used [0x00000006c1c00000,0x00000006c86d4c08,0x00000006d1c80000)
 Metaspace       used 60571K, capacity 64167K, committed 64424K, reserved 1105920K
  class space    used 6697K, capacity 7292K, committed 7336K, reserved 1048576K
}
Event: 1383.277 GC heap before
{Heap before GC invocations=28 (full 6):
 PSYoungGen      total 1223680K, used 1181760K [0x000000076b400000, 0x00000007bd500000, 0x00000007c0000000)
  eden space 1181184K, 100% used [0x000000076b400000,0x00000007b3580000,0x00000007b3580000)
  from space 42496K, 1% used [0x00000007b8200000,0x00000007b8290000,0x00000007bab80000)
  to   space 40960K, 0% used [0x00000007bad00000,0x00000007bad00000,0x00000007bd500000)
 ParOldGen       total 262656K, used 109395K [0x00000006c1c00000, 0x00000006d1c80000, 0x000000076b400000)
  object space 262656K, 41% used [0x00000006c1c00000,0x00000006c86d4c08,0x00000006d1c80000)
 Metaspace       used 60572K, capacity 64167K, committed 64424K, reserved 1105920K
  class space    used 6697K, capacity 7292K, committed 7336K, reserved 1048576K
Event: 1383.285 GC heap after
Heap after GC invocations=28 (full 6):
 PSYoungGen      total 1128448K, used 544K [0x000000076b400000, 0x00000007bae00000, 0x00000007c0000000)
  eden space 1127424K, 0% used [0x000000076b400000,0x000000076b400000,0x00000007b0100000)
  from space 1024K, 53% used [0x00000007bad00000,0x00000007bad88000,0x00000007bae00000)
  to   space 39424K, 0% used [0x00000007b6100000,0x00000007b6100000,0x00000007b8780000)
 ParOldGen       total 262656K, used 109395K [0x00000006c1c00000, 0x00000006d1c80000, 0x000000076b400000)
  object space 262656K, 41% used [0x00000006c1c00000,0x00000006c86d4c08,0x00000006d1c80000)
 Metaspace       used 60572K, capacity 64167K, committed 64424K, reserved 1105920K
  class space    used 6697K, capacity 7292K, committed 7336K, reserved 1048576K
}
Event: 1404.160 GC heap before
{Heap before GC invocations=29 (full 6):
 PSYoungGen      total 1128448K, used 1127968K [0x000000076b400000, 0x00000007bae00000, 0x00000007c0000000)
  eden space 1127424K, 100% used [0x000000076b400000,0x00000007b0100000,0x00000007b0100000)
  from space 1024K, 53% used [0x00000007bad00000,0x00000007bad88000,0x00000007bae00000)
  to   space 39424K, 0% used [0x00000007b6100000,0x00000007b6100000,0x00000007b8780000)
 ParOldGen       total 262656K, used 109395K [0x00000006c1c00000, 0x00000006d1c80000, 0x000000076b400000)
  object space 262656K, 41% used [0x00000006c1c00000,0x00000006c86d4c08,0x00000006d1c80000)
 Metaspace       used 60572K, capacity 64167K, committed 64424K, reserved 1105920K
  class space    used 6697K, capacity 7292K, committed 7336K, reserved 1048576K
Event: 1404.165 GC heap after
Heap after GC invocations=29 (full 6):
 PSYoungGen      total 1115648K, used 544K [0x000000076b400000, 0x00000007bad80000, 0x00000007c0000000)
  eden space 1076224K, 0% used [0x000000076b400000,0x000000076b400000,0x00000007acf00000)
  from space 39424K, 1% used [0x00000007b6100000,0x00000007b6188000,0x00000007b8780000)
  to   space 37376K, 0% used [0x00000007b8900000,0x00000007b8900000,0x00000007bad80000)
 ParOldGen       total 262656K, used 109395K [0x00000006c1c00000, 0x00000006d1c80000, 0x000000076b400000)
  object space 262656K, 41% used [0x00000006c1c00000,0x00000006c86d4c08,0x00000006d1c80000)
 Metaspace       used 60572K, capacity 64167K, committed 64424K, reserved 1105920K
  class space    used 6697K, capacity 7292K, committed 7336K, reserved 1048576K
}
Event: 1428.034 GC heap before
{Heap before GC invocations=30 (full 6):
 PSYoungGen      total 1115648K, used 1076768K [0x000000076b400000, 0x00000007bad80000, 0x00000007c0000000)
  eden space 1076224K, 100% used [0x000000076b400000,0x00000007acf00000,0x00000007acf00000)
  from space 39424K, 1% used [0x00000007b6100000,0x00000007b6188000,0x00000007b8780000)
  to   space 37376K, 0% used [0x00000007b8900000,0x00000007b8900000,0x00000007bad80000)
 ParOldGen       total 262656K, used 109395K [0x00000006c1c00000, 0x00000006d1c80000, 0x000000076b400000)
  object space 262656K, 41% used [0x00000006c1c00000,0x00000006c86d4c08,0x00000006d1c80000)
 Metaspace       used 60585K, capacity 64231K, committed 64424K, reserved 1105920K
  class space    used 6697K, capacity 7292K, committed 7336K, reserved 1048576K
Event: 1428.048 GC heap after
Heap after GC invocations=30 (full 6):
 PSYoungGen      total 1028608K, used 672K [0x000000076b400000, 0x00000007b8a00000, 0x00000007c0000000)
  eden space 1027584K, 0% used [0x000000076b400000,0x000000076b400000,0x00000007a9f80000)
  from space 1024K, 65% used [0x00000007b8900000,0x00000007b89a8000,0x00000007b8a00000)
  to   space 35840K, 0% used [0x00000007b4400000,0x00000007b4400000,0x00000007b6700000)
 ParOldGen       total 262656K, used 109395K [0x00000006c1c00000, 0x00000006d1c80000, 0x000000076b400000)
  object space 262656K, 41% used [0x00000006c1c00000,0x00000006c86d4c08,0x00000006d1c80000)
 Metaspace       used 60585K, capacity 64231K, committed 64424K, reserved 1105920K
  class space    used 6697K, capacity 7292K, committed 7336K, reserved 1048576K
}

