# JRE version: Java(TM) SE Runtime Environment (8.0_201-b09) (build 1.8.0_201-b09)
# Java VM: Java HotSpot(TM) 64-Bit Server VM (25.201-b09 mixed mode windows-amd64 compressed oops)
Heap:
 PSYoungGen      total 790016K, used 481500K [0x000000076b400000, 0x00000007a0280000, 0x00000007c0000000)
  eden space 775680K, 62% used [0x000000076b400000,0x0000000788a37208,0x000000079a980000)
  from space 14336K, 0% used [0x000000079f480000,0x000000079f480000,0x00000007a0280000)
  to   space 15360K, 0% used [0x000000079e480000,0x000000079e480000,0x000000079f380000)
 ParOldGen       total 131584K, used 22821K [0x00000006c1c00000, 0x00000006c9c80000, 0x000000076b400000)
  object space 131584K, 17% used [0x00000006c1c00000,0x00000006c3249680,0x00000006c9c80000)
 Metaspace       used 55303K, capacity 58806K, committed 59008K, reserved 1101824K
  class space    used 6474K, capacity 6995K, committed 7040K, reserved 1048576K
GC Heap History (10 events):
Event: 4.144 GC heap before
{Heap before GC invocations=8 (full 0):
 PSYoungGen      total 274944K, used 267815K [0x000000076b400000, 0x000000078ce00000, 0x00000007c0000000)
  eden space 262144K, 99% used [0x000000076b400000,0x000000077b3b9a18,0x000000077b400000)
  from space 12800K, 46% used [0x000000077b400000,0x000000077b9d0258,0x000000077c080000)
  to   space 13312K, 0% used [0x000000078c100000,0x000000078c100000,0x000000078ce00000)
 ParOldGen       total 175104K, used 7902K [0x00000006c1c00000, 0x00000006cc700000, 0x000000076b400000)
  object space 175104K, 4% used [0x00000006c1c00000,0x00000006c23b7b10,0x00000006cc700000)
 Metaspace       used 17733K, capacity 17954K, committed 18176K, reserved 1064960K
  class space    used 2168K, capacity 2263K, committed 2304K, reserved 1048576K
Event: 4.147 GC heap after
Heap after GC invocations=8 (full 0):
 PSYoungGen      total 537088K, used 6572K [0x000000076b400000, 0x000000078cf00000, 0x00000007c0000000)
  eden space 523776K, 0% used [0x000000076b400000,0x000000076b400000,0x000000078b380000)
  from space 13312K, 49% used [0x000000078c100000,0x000000078c76b0d0,0x000000078ce00000)
  to   space 13824K, 0% used [0x000000078b380000,0x000000078b380000,0x000000078c100000)
 ParOldGen       total 175104K, used 8222K [0x00000006c1c00000, 0x00000006cc700000, 0x000000076b400000)
  object space 175104K, 4% used [0x00000006c1c00000,0x00000006c2407b88,0x00000006cc700000)
 Metaspace       used 17733K, capacity 17954K, committed 18176K, reserved 1064960K
  class space    used 2168K, capacity 2263K, committed 2304K, reserved 1048576K
}
Event: 4.394 GC heap before
{Heap before GC invocations=9 (full 0):
 PSYoungGen      total 537088K, used 38603K [0x000000076b400000, 0x000000078cf00000, 0x00000007c0000000)
  eden space 523776K, 6% used [0x000000076b400000,0x000000076d347ee0,0x000000078b380000)
  from space 13312K, 49% used [0x000000078c100000,0x000000078c76b0d0,0x000000078ce00000)
  to   space 13824K, 0% used [0x000000078b380000,0x000000078b380000,0x000000078c100000)
 ParOldGen       total 175104K, used 8222K [0x00000006c1c00000, 0x00000006cc700000, 0x000000076b400000)
  object space 175104K, 4% used [0x00000006c1c00000,0x00000006c2407b88,0x00000006cc700000)
 Metaspace       used 20840K, capacity 21124K, committed 21296K, reserved 1069056K
  class space    used 2337K, capacity 2426K, committed 2432K, reserved 1048576K
Event: 4.399 GC heap after
Heap after GC invocations=9 (full 0):
 PSYoungGen      total 537600K, used 5250K [0x000000076b400000, 0x00000007a0280000, 0x00000007c0000000)
  eden space 523776K, 0% used [0x000000076b400000,0x000000076b400000,0x000000078b380000)
  from space 13824K, 37% used [0x000000078b380000,0x000000078b8a08f8,0x000000078c100000)
  to   space 14336K, 0% used [0x000000079f480000,0x000000079f480000,0x00000007a0280000)
 ParOldGen       total 175104K, used 8962K [0x00000006c1c00000, 0x00000006cc700000, 0x000000076b400000)
  object space 175104K, 5% used [0x00000006c1c00000,0x00000006c24c0818,0x00000006cc700000)
 Metaspace       used 20840K, capacity 21124K, committed 21296K, reserved 1069056K
  class space    used 2337K, capacity 2426K, committed 2432K, reserved 1048576K
}
Event: 4.399 GC heap before
{Heap before GC invocations=10 (full 1):
 PSYoungGen      total 537600K, used 5250K [0x000000076b400000, 0x00000007a0280000, 0x00000007c0000000)
  eden space 523776K, 0% used [0x000000076b400000,0x000000076b400000,0x000000078b380000)
  from space 13824K, 37% used [0x000000078b380000,0x000000078b8a08f8,0x000000078c100000)
  to   space 14336K, 0% used [0x000000079f480000,0x000000079f480000,0x00000007a0280000)
 ParOldGen       total 175104K, used 8962K [0x00000006c1c00000, 0x00000006cc700000, 0x000000076b400000)
  object space 175104K, 5% used [0x00000006c1c00000,0x00000006c24c0818,0x00000006cc700000)
 Metaspace       used 20840K, capacity 21124K, committed 21296K, reserved 1069056K
  class space    used 2337K, capacity 2426K, committed 2432K, reserved 1048576K
Event: 4.448 GC heap after
Heap after GC invocations=10 (full 1):
 PSYoungGen      total 537600K, used 0K [0x000000076b400000, 0x00000007a0280000, 0x00000007c0000000)
  eden space 523776K, 0% used [0x000000076b400000,0x000000076b400000,0x000000078b380000)
  from space 13824K, 0% used [0x000000078b380000,0x000000078b380000,0x000000078c100000)
  to   space 14336K, 0% used [0x000000079f480000,0x000000079f480000,0x00000007a0280000)
 ParOldGen       total 90112K, used 10116K [0x00000006c1c00000, 0x00000006c7400000, 0x000000076b400000)
  object space 90112K, 11% used [0x00000006c1c00000,0x00000006c25e1318,0x00000006c7400000)
 Metaspace       used 20840K, capacity 21124K, committed 21296K, reserved 1069056K
  class space    used 2337K, capacity 2426K, committed 2432K, reserved 1048576K
}
Event: 7.159 GC heap before
{Heap before GC invocations=11 (full 1):
 PSYoungGen      total 537600K, used 171934K [0x000000076b400000, 0x00000007a0280000, 0x00000007c0000000)
  eden space 523776K, 32% used [0x000000076b400000,0x0000000775be78e8,0x000000078b380000)
  from space 13824K, 0% used [0x000000078b380000,0x000000078b380000,0x000000078c100000)
  to   space 14336K, 0% used [0x000000079f480000,0x000000079f480000,0x00000007a0280000)
 ParOldGen       total 90112K, used 10116K [0x00000006c1c00000, 0x00000006c7400000, 0x000000076b400000)
  object space 90112K, 11% used [0x00000006c1c00000,0x00000006c25e1318,0x00000006c7400000)
 Metaspace       used 34695K, capacity 35208K, committed 35456K, reserved 1081344K
  class space    used 4045K, capacity 4195K, committed 4224K, reserved 1048576K
Event: 7.181 GC heap after
Heap after GC invocations=11 (full 1):
 PSYoungGen      total 790016K, used 13928K [0x000000076b400000, 0x00000007a0280000, 0x00000007c0000000)
  eden space 775680K, 0% used [0x000000076b400000,0x000000076b400000,0x000000079a980000)
  from space 14336K, 97% used [0x000000079f480000,0x00000007a021a1f0,0x00000007a0280000)
  to   space 15360K, 0% used [0x000000079e480000,0x000000079e480000,0x000000079f380000)
 ParOldGen       total 90112K, used 10124K [0x00000006c1c00000, 0x00000006c7400000, 0x000000076b400000)
  object space 90112K, 11% used [0x00000006c1c00000,0x00000006c25e3318,0x00000006c7400000)
 Metaspace       used 34695K, capacity 35208K, committed 35456K, reserved 1081344K
  class space    used 4045K, capacity 4195K, committed 4224K, reserved 1048576K
}
Event: 7.181 GC heap before
{Heap before GC invocations=12 (full 2):
 PSYoungGen      total 790016K, used 13928K [0x000000076b400000, 0x00000007a0280000, 0x00000007c0000000)
  eden space 775680K, 0% used [0x000000076b400000,0x000000076b400000,0x000000079a980000)
  from space 14336K, 97% used [0x000000079f480000,0x00000007a021a1f0,0x00000007a0280000)
  to   space 15360K, 0% used [0x000000079e480000,0x000000079e480000,0x000000079f380000)
 ParOldGen       total 90112K, used 10124K [0x00000006c1c00000, 0x00000006c7400000, 0x000000076b400000)
  object space 90112K, 11% used [0x00000006c1c00000,0x00000006c25e3318,0x00000006c7400000)
 Metaspace       used 34695K, capacity 35208K, committed 35456K, reserved 1081344K
  class space    used 4045K, capacity 4195K, committed 4224K, reserved 1048576K
Event: 7.298 GC heap after
Heap after GC invocations=12 (full 2):
 PSYoungGen      total 790016K, used 0K [0x000000076b400000, 0x00000007a0280000, 0x00000007c0000000)
  eden space 775680K, 0% used [0x000000076b400000,0x000000076b400000,0x000000079a980000)
  from space 14336K, 0% used [0x000000079f480000,0x000000079f480000,0x00000007a0280000)
  to   space 15360K, 0% used [0x000000079e480000,0x000000079e480000,0x000000079f380000)
 ParOldGen       total 131584K, used 22821K [0x00000006c1c00000, 0x00000006c9c80000, 0x000000076b400000)
  object space 131584K, 17% used [0x00000006c1c00000,0x00000006c3249680,0x00000006c9c80000)
 Metaspace       used 34695K, capacity 35208K, committed 35456K, reserved 1081344K
  class space    used 4045K, capacity 4195K, committed 4224K, reserved 1048576K
}

