# JRE version: Java(TM) SE Runtime Environment (8.0_201-b09) (build 1.8.0_201-b09)
# Java VM: Java HotSpot(TM) 64-Bit Server VM (25.201-b09 mixed mode windows-amd64 compressed oops)
Heap:
 PSYoungGen      total 1098240K, used 544409K [0x000000076b400000, 0x00000007b6a80000, 0x00000007c0000000)
  eden space 1056256K, 47% used [0x000000076b400000,0x0000000789eb4d58,0x00000007abb80000)
  from space 41984K, 99% used [0x00000007aeb00000,0x00000007b13f1748,0x00000007b1400000)
  to   space 48640K, 0% used [0x00000007abb80000,0x00000007abb80000,0x00000007aeb00000)
 ParOldGen       total 228352K, used 104082K [0x00000006c1c00000, 0x00000006cfb00000, 0x000000076b400000)
  object space 228352K, 45% used [0x00000006c1c00000,0x00000006c81a49a0,0x00000006cfb00000)
 Metaspace       used 60488K, capacity 64214K, committed 64424K, reserved 1105920K
  class space    used 6748K, capacity 7327K, committed 7336K, reserved 1048576K
GC Heap History (10 events):
Event: 7.166 GC heap before
{Heap before GC invocations=11 (full 1):
 PSYoungGen      total 538112K, used 162644K [0x000000076b400000, 0x00000007a0380000, 0x00000007c0000000)
  eden space 524288K, 31% used [0x000000076b400000,0x00000007752d51a0,0x000000078b400000)
  from space 13824K, 0% used [0x000000078b400000,0x000000078b400000,0x000000078c180000)
  to   space 14336K, 0% used [0x000000079f580000,0x000000079f580000,0x00000007a0380000)
 ParOldGen       total 90624K, used 10295K [0x00000006c1c00000, 0x00000006c7480000, 0x000000076b400000)
  object space 90624K, 11% used [0x00000006c1c00000,0x00000006c260dfb0,0x00000006c7480000)
 Metaspace       used 34716K, capacity 35178K, committed 35496K, reserved 1081344K
  class space    used 4072K, capacity 4230K, committed 4264K, reserved 1048576K
Event: 7.180 GC heap after
Heap after GC invocations=11 (full 1):
 PSYoungGen      total 791552K, used 13950K [0x000000076b400000, 0x00000007a0380000, 0x00000007c0000000)
  eden space 777216K, 0% used [0x000000076b400000,0x000000076b400000,0x000000079ab00000)
  from space 14336K, 97% used [0x000000079f580000,0x00000007a031f960,0x00000007a0380000)
  to   space 15360K, 0% used [0x000000079e580000,0x000000079e580000,0x000000079f480000)
 ParOldGen       total 90624K, used 10303K [0x00000006c1c00000, 0x00000006c7480000, 0x000000076b400000)
  object space 90624K, 11% used [0x00000006c1c00000,0x00000006c260ffb0,0x00000006c7480000)
 Metaspace       used 34716K, capacity 35178K, committed 35496K, reserved 1081344K
  class space    used 4072K, capacity 4230K, committed 4264K, reserved 1048576K
}
Event: 7.180 GC heap before
{Heap before GC invocations=12 (full 2):
 PSYoungGen      total 791552K, used 13950K [0x000000076b400000, 0x00000007a0380000, 0x00000007c0000000)
  eden space 777216K, 0% used [0x000000076b400000,0x000000076b400000,0x000000079ab00000)
  from space 14336K, 97% used [0x000000079f580000,0x00000007a031f960,0x00000007a0380000)
  to   space 15360K, 0% used [0x000000079e580000,0x000000079e580000,0x000000079f480000)
 ParOldGen       total 90624K, used 10303K [0x00000006c1c00000, 0x00000006c7480000, 0x000000076b400000)
  object space 90624K, 11% used [0x00000006c1c00000,0x00000006c260ffb0,0x00000006c7480000)
 Metaspace       used 34716K, capacity 35178K, committed 35496K, reserved 1081344K
  class space    used 4072K, capacity 4230K, committed 4264K, reserved 1048576K
Event: 7.250 GC heap after
Heap after GC invocations=12 (full 2):
 PSYoungGen      total 791552K, used 0K [0x000000076b400000, 0x00000007a0380000, 0x00000007c0000000)
  eden space 777216K, 0% used [0x000000076b400000,0x000000076b400000,0x000000079ab00000)
  from space 14336K, 0% used [0x000000079f580000,0x000000079f580000,0x00000007a0380000)
  to   space 15360K, 0% used [0x000000079e580000,0x000000079e580000,0x000000079f480000)
 ParOldGen       total 128000K, used 23032K [0x00000006c1c00000, 0x00000006c9900000, 0x000000076b400000)
  object space 128000K, 17% used [0x00000006c1c00000,0x00000006c327e340,0x00000006c9900000)
 Metaspace       used 34716K, capacity 35178K, committed 35496K, reserved 1081344K
  class space    used 4072K, capacity 4230K, committed 4264K, reserved 1048576K
}
Event: 45.565 GC heap before
{Heap before GC invocations=13 (full 2):
 PSYoungGen      total 791552K, used 495247K [0x000000076b400000, 0x00000007a0380000, 0x00000007c0000000)
  eden space 777216K, 63% used [0x000000076b400000,0x00000007897a3ff8,0x000000079ab00000)
  from space 14336K, 0% used [0x000000079f580000,0x000000079f580000,0x00000007a0380000)
  to   space 15360K, 0% used [0x000000079e580000,0x000000079e580000,0x000000079f480000)
 ParOldGen       total 128000K, used 23032K [0x00000006c1c00000, 0x00000006c9900000, 0x000000076b400000)
  object space 128000K, 17% used [0x00000006c1c00000,0x00000006c327e340,0x00000006c9900000)
 Metaspace       used 55545K, capacity 59050K, committed 59160K, reserved 1101824K
  class space    used 6466K, capacity 6987K, committed 7080K, reserved 1048576K
Event: 45.611 GC heap after
Heap after GC invocations=13 (full 2):
 PSYoungGen      total 852480K, used 15356K [0x000000076b400000, 0x00000007b1400000, 0x00000007c0000000)
  eden space 837120K, 0% used [0x000000076b400000,0x000000076b400000,0x000000079e580000)
  from space 15360K, 99% used [0x000000079e580000,0x000000079f47f018,0x000000079f480000)
  to   space 41984K, 0% used [0x00000007aeb00000,0x00000007aeb00000,0x00000007b1400000)
 ParOldGen       total 128000K, used 91025K [0x00000006c1c00000, 0x00000006c9900000, 0x000000076b400000)
  object space 128000K, 71% used [0x00000006c1c00000,0x00000006c74e4598,0x00000006c9900000)
 Metaspace       used 55545K, capacity 59050K, committed 59160K, reserved 1101824K
  class space    used 6466K, capacity 6987K, committed 7080K, reserved 1048576K
}
Event: 45.611 GC heap before
{Heap before GC invocations=14 (full 3):
 PSYoungGen      total 852480K, used 15356K [0x000000076b400000, 0x00000007b1400000, 0x00000007c0000000)
  eden space 837120K, 0% used [0x000000076b400000,0x000000076b400000,0x000000079e580000)
  from space 15360K, 99% used [0x000000079e580000,0x000000079f47f018,0x000000079f480000)
  to   space 41984K, 0% used [0x00000007aeb00000,0x00000007aeb00000,0x00000007b1400000)
 ParOldGen       total 128000K, used 91025K [0x00000006c1c00000, 0x00000006c9900000, 0x000000076b400000)
  object space 128000K, 71% used [0x00000006c1c00000,0x00000006c74e4598,0x00000006c9900000)
 Metaspace       used 55545K, capacity 59050K, committed 59160K, reserved 1101824K
  class space    used 6466K, capacity 6987K, committed 7080K, reserved 1048576K
Event: 45.868 GC heap after
Heap after GC invocations=14 (full 3):
 PSYoungGen      total 852480K, used 0K [0x000000076b400000, 0x00000007b1400000, 0x00000007c0000000)
  eden space 837120K, 0% used [0x000000076b400000,0x000000076b400000,0x000000079e580000)
  from space 15360K, 0% used [0x000000079e580000,0x000000079e580000,0x000000079f480000)
  to   space 41984K, 0% used [0x00000007aeb00000,0x00000007aeb00000,0x00000007b1400000)
 ParOldGen       total 228352K, used 78226K [0x00000006c1c00000, 0x00000006cfb00000, 0x000000076b400000)
  object space 228352K, 34% used [0x00000006c1c00000,0x00000006c6864b80,0x00000006cfb00000)
 Metaspace       used 55545K, capacity 59050K, committed 59160K, reserved 1101824K
  class space    used 6466K, capacity 6987K, committed 7080K, reserved 1048576K
}
Event: 211.419 GC heap before
{Heap before GC invocations=15 (full 3):
 PSYoungGen      total 852480K, used 837120K [0x000000076b400000, 0x00000007b1400000, 0x00000007c0000000)
  eden space 837120K, 100% used [0x000000076b400000,0x000000079e580000,0x000000079e580000)
  from space 15360K, 0% used [0x000000079e580000,0x000000079e580000,0x000000079f480000)
  to   space 41984K, 0% used [0x00000007aeb00000,0x00000007aeb00000,0x00000007b1400000)
 ParOldGen       total 228352K, used 78226K [0x00000006c1c00000, 0x00000006cfb00000, 0x000000076b400000)
  object space 228352K, 34% used [0x00000006c1c00000,0x00000006c6864b80,0x00000006cfb00000)
 Metaspace       used 60009K, capacity 63802K, committed 63912K, reserved 1105920K
  class space    used 6681K, capacity 7283K, committed 7336K, reserved 1048576K
Event: 211.447 GC heap after
Heap after GC invocations=15 (full 3):
 PSYoungGen      total 1098240K, used 41925K [0x000000076b400000, 0x00000007b6a80000, 0x00000007c0000000)
  eden space 1056256K, 0% used [0x000000076b400000,0x000000076b400000,0x00000007abb80000)
  from space 41984K, 99% used [0x00000007aeb00000,0x00000007b13f1748,0x00000007b1400000)
  to   space 48640K, 0% used [0x00000007abb80000,0x00000007abb80000,0x00000007aeb00000)
 ParOldGen       total 228352K, used 104082K [0x00000006c1c00000, 0x00000006cfb00000, 0x000000076b400000)
  object space 228352K, 45% used [0x00000006c1c00000,0x00000006c81a49a0,0x00000006cfb00000)
 Metaspace       used 60009K, capacity 63802K, committed 63912K, reserved 1105920K
  class space    used 6681K, capacity 7283K, committed 7336K, reserved 1048576K
}

