# JRE version: Java(TM) SE Runtime Environment (8.0_201-b09) (build 1.8.0_201-b09)
# Java VM: Java HotSpot(TM) 64-Bit Server VM (25.201-b09 mixed mode windows-amd64 compressed oops)
Heap:
 PSYoungGen      total 1133056K, used 142525K [0x000000076b400000, 0x00000007bdc80000, 0x00000007c0000000)
  eden space 1027072K, 6% used [0x000000076b400000,0x000000076f04d748,0x00000007a9f00000)
  from space 105984K, 76% used [0x00000007b1080000,0x00000007b5f61dc0,0x00000007b7800000)
  to   space 116224K, 0% used [0x00000007a9f00000,0x00000007a9f00000,0x00000007b1080000)
 ParOldGen       total 325120K, used 138516K [0x00000006c1c00000, 0x00000006d5980000, 0x000000076b400000)
  object space 325120K, 42% used [0x00000006c1c00000,0x00000006ca345230,0x00000006d5980000)
 Metaspace       used 55166K, capacity 58537K, committed 58752K, reserved 1101824K
  class space    used 6224K, capacity 6719K, committed 6784K, reserved 1048576K
GC Heap History (10 events):
Event: 7.475 GC heap before
{Heap before GC invocations=11 (full 1):
 PSYoungGen      total 538112K, used 172493K [0x000000076b400000, 0x00000007a0280000, 0x00000007c0000000)
  eden space 523776K, 32% used [0x000000076b400000,0x0000000775c73450,0x000000078b380000)
  from space 14336K, 0% used [0x000000078b380000,0x000000078b380000,0x000000078c180000)
  to   space 14336K, 0% used [0x000000079f480000,0x000000079f480000,0x00000007a0280000)
 ParOldGen       total 89088K, used 10317K [0x00000006c1c00000, 0x00000006c7300000, 0x000000076b400000)
  object space 89088K, 11% used [0x00000006c1c00000,0x00000006c2613410,0x00000006c7300000)
 Metaspace       used 34551K, capacity 35115K, committed 35416K, reserved 1081344K
  class space    used 4059K, capacity 4213K, committed 4224K, reserved 1048576K
Event: 7.491 GC heap after
Heap after GC invocations=11 (full 1):
 PSYoungGen      total 796160K, used 13874K [0x000000076b400000, 0x00000007a0280000, 0x00000007c0000000)
  eden space 781824K, 0% used [0x000000076b400000,0x000000076b400000,0x000000079af80000)
  from space 14336K, 96% used [0x000000079f480000,0x00000007a020c8d0,0x00000007a0280000)
  to   space 15872K, 0% used [0x000000079e380000,0x000000079e380000,0x000000079f300000)
 ParOldGen       total 89088K, used 10325K [0x00000006c1c00000, 0x00000006c7300000, 0x000000076b400000)
  object space 89088K, 11% used [0x00000006c1c00000,0x00000006c2615410,0x00000006c7300000)
 Metaspace       used 34551K, capacity 35115K, committed 35416K, reserved 1081344K
  class space    used 4059K, capacity 4213K, committed 4224K, reserved 1048576K
}
Event: 7.491 GC heap before
{Heap before GC invocations=12 (full 2):
 PSYoungGen      total 796160K, used 13874K [0x000000076b400000, 0x00000007a0280000, 0x00000007c0000000)
  eden space 781824K, 0% used [0x000000076b400000,0x000000076b400000,0x000000079af80000)
  from space 14336K, 96% used [0x000000079f480000,0x00000007a020c8d0,0x00000007a0280000)
  to   space 15872K, 0% used [0x000000079e380000,0x000000079e380000,0x000000079f300000)
 ParOldGen       total 89088K, used 10325K [0x00000006c1c00000, 0x00000006c7300000, 0x000000076b400000)
  object space 89088K, 11% used [0x00000006c1c00000,0x00000006c2615410,0x00000006c7300000)
 Metaspace       used 34551K, capacity 35115K, committed 35416K, reserved 1081344K
  class space    used 4059K, capacity 4213K, committed 4224K, reserved 1048576K
Event: 7.583 GC heap after
Heap after GC invocations=12 (full 2):
 PSYoungGen      total 796160K, used 0K [0x000000076b400000, 0x00000007a0280000, 0x00000007c0000000)
  eden space 781824K, 0% used [0x000000076b400000,0x000000076b400000,0x000000079af80000)
  from space 14336K, 0% used [0x000000079f480000,0x000000079f480000,0x00000007a0280000)
  to   space 15872K, 0% used [0x000000079e380000,0x000000079e380000,0x000000079f300000)
 ParOldGen       total 131072K, used 23057K [0x00000006c1c00000, 0x00000006c9c00000, 0x000000076b400000)
  object space 131072K, 17% used [0x00000006c1c00000,0x00000006c3284660,0x00000006c9c00000)
 Metaspace       used 34551K, capacity 35115K, committed 35416K, reserved 1081344K
  class space    used 4059K, capacity 4213K, committed 4224K, reserved 1048576K
}
Event: 348.609 GC heap before
{Heap before GC invocations=13 (full 2):
 PSYoungGen      total 796160K, used 781488K [0x000000076b400000, 0x00000007a0280000, 0x00000007c0000000)
  eden space 781824K, 99% used [0x000000076b400000,0x000000079af2c260,0x000000079af80000)
  from space 14336K, 0% used [0x000000079f480000,0x000000079f480000,0x00000007a0280000)
  to   space 15872K, 0% used [0x000000079e380000,0x000000079e380000,0x000000079f300000)
 ParOldGen       total 131072K, used 23057K [0x00000006c1c00000, 0x00000006c9c00000, 0x000000076b400000)
  object space 131072K, 17% used [0x00000006c1c00000,0x00000006c3284660,0x00000006c9c00000)
 Metaspace       used 54639K, capacity 57987K, committed 58240K, reserved 1101824K
  class space    used 6208K, capacity 6716K, committed 6784K, reserved 1048576K
Event: 348.730 GC heap after
Heap after GC invocations=13 (full 2):
 PSYoungGen      total 850944K, used 15855K [0x000000076b400000, 0x00000007b7800000, 0x00000007c0000000)
  eden space 835072K, 0% used [0x000000076b400000,0x000000076b400000,0x000000079e380000)
  from space 15872K, 99% used [0x000000079e380000,0x000000079f2fbc98,0x000000079f300000)
  to   space 105984K, 0% used [0x00000007b1080000,0x00000007b1080000,0x00000007b7800000)
 ParOldGen       total 265728K, used 262482K [0x00000006c1c00000, 0x00000006d1f80000, 0x000000076b400000)
  object space 265728K, 98% used [0x00000006c1c00000,0x00000006d1c54a58,0x00000006d1f80000)
 Metaspace       used 54639K, capacity 57987K, committed 58240K, reserved 1101824K
  class space    used 6208K, capacity 6716K, committed 6784K, reserved 1048576K
}
Event: 348.730 GC heap before
{Heap before GC invocations=14 (full 3):
 PSYoungGen      total 850944K, used 15855K [0x000000076b400000, 0x00000007b7800000, 0x00000007c0000000)
  eden space 835072K, 0% used [0x000000076b400000,0x000000076b400000,0x000000079e380000)
  from space 15872K, 99% used [0x000000079e380000,0x000000079f2fbc98,0x000000079f300000)
  to   space 105984K, 0% used [0x00000007b1080000,0x00000007b1080000,0x00000007b7800000)
 ParOldGen       total 265728K, used 262482K [0x00000006c1c00000, 0x00000006d1f80000, 0x000000076b400000)
  object space 265728K, 98% used [0x00000006c1c00000,0x00000006d1c54a58,0x00000006d1f80000)
 Metaspace       used 54639K, capacity 57987K, committed 58240K, reserved 1101824K
  class space    used 6208K, capacity 6716K, committed 6784K, reserved 1048576K
Event: 348.999 GC heap after
Heap after GC invocations=14 (full 3):
 PSYoungGen      total 850944K, used 0K [0x000000076b400000, 0x00000007b7800000, 0x00000007c0000000)
  eden space 835072K, 0% used [0x000000076b400000,0x000000076b400000,0x000000079e380000)
  from space 15872K, 0% used [0x000000079e380000,0x000000079e380000,0x000000079f300000)
  to   space 105984K, 0% used [0x00000007b1080000,0x00000007b1080000,0x00000007b7800000)
 ParOldGen       total 325120K, used 106108K [0x00000006c1c00000, 0x00000006d5980000, 0x000000076b400000)
  object space 325120K, 32% used [0x00000006c1c00000,0x00000006c839f220,0x00000006d5980000)
 Metaspace       used 54639K, capacity 57987K, committed 58240K, reserved 1101824K
  class space    used 6208K, capacity 6716K, committed 6784K, reserved 1048576K
}
Event: 568.381 GC heap before
{Heap before GC invocations=15 (full 3):
 PSYoungGen      total 850944K, used 835072K [0x000000076b400000, 0x00000007b7800000, 0x00000007c0000000)
  eden space 835072K, 100% used [0x000000076b400000,0x000000079e380000,0x000000079e380000)
  from space 15872K, 0% used [0x000000079e380000,0x000000079e380000,0x000000079f300000)
  to   space 105984K, 0% used [0x00000007b1080000,0x00000007b1080000,0x00000007b7800000)
 ParOldGen       total 325120K, used 106108K [0x00000006c1c00000, 0x00000006d5980000, 0x000000076b400000)
  object space 325120K, 32% used [0x00000006c1c00000,0x00000006c839f220,0x00000006d5980000)
 Metaspace       used 55106K, capacity 58461K, committed 58752K, reserved 1101824K
  class space    used 6218K, capacity 6717K, committed 6784K, reserved 1048576K
Event: 568.421 GC heap after
Heap after GC invocations=15 (full 3):
 PSYoungGen      total 1133056K, used 80775K [0x000000076b400000, 0x00000007bdc80000, 0x00000007c0000000)
  eden space 1027072K, 0% used [0x000000076b400000,0x000000076b400000,0x00000007a9f00000)
  from space 105984K, 76% used [0x00000007b1080000,0x00000007b5f61dc0,0x00000007b7800000)
  to   space 116224K, 0% used [0x00000007a9f00000,0x00000007a9f00000,0x00000007b1080000)
 ParOldGen       total 325120K, used 138516K [0x00000006c1c00000, 0x00000006d5980000, 0x000000076b400000)
  object space 325120K, 42% used [0x00000006c1c00000,0x00000006ca345230,0x00000006d5980000)
 Metaspace       used 55106K, capacity 58461K, committed 58752K, reserved 1101824K
  class space    used 6218K, capacity 6717K, committed 6784K, reserved 1048576K
}

