# JRE version: Java(TM) SE Runtime Environment (8.0_201-b09) (build 1.8.0_201-b09)
# Java VM: Java HotSpot(TM) 64-Bit Server VM (25.201-b09 mixed mode windows-amd64 compressed oops)
Heap:
 PSYoungGen      total 1088000K, used 424915K [0x000000076b400000, 0x00000007b7980000, 0x00000007c0000000)
  eden space 1058304K, 40% used [0x000000076b400000,0x00000007852f4ef8,0x00000007abd80000)
  from space 29696K, 0% used [0x00000007adf00000,0x00000007adf00000,0x00000007afc00000)
  to   space 34304K, 0% used [0x00000007abd80000,0x00000007abd80000,0x00000007adf00000)
 ParOldGen       total 205312K, used 73208K [0x00000006c1c00000, 0x00000006ce480000, 0x000000076b400000)
  object space 205312K, 35% used [0x00000006c1c00000,0x00000006c637e020,0x00000006ce480000)
 Metaspace       used 59980K, capacity 63730K, committed 63912K, reserved 1105920K
  class space    used 6754K, capacity 7333K, committed 7336K, reserved 1048576K
GC Heap History (10 events):
Event: 10.294 GC heap before
{Heap before GC invocations=12 (full 2):
 PSYoungGen      total 784384K, used 13930K [0x000000076b400000, 0x00000007a0380000, 0x00000007c0000000)
  eden space 770048K, 0% used [0x000000076b400000,0x000000076b400000,0x000000079a400000)
  from space 14336K, 97% used [0x000000079f580000,0x00000007a031abe8,0x00000007a0380000)
  to   space 15360K, 0% used [0x000000079e580000,0x000000079e580000,0x000000079f480000)
 ParOldGen       total 91136K, used 10297K [0x00000006c1c00000, 0x00000006c7500000, 0x000000076b400000)
  object space 91136K, 11% used [0x00000006c1c00000,0x00000006c260e5d0,0x00000006c7500000)
 Metaspace       used 34710K, capacity 35178K, committed 35496K, reserved 1081344K
  class space    used 4071K, capacity 4230K, committed 4264K, reserved 1048576K
Event: 10.397 GC heap after
Heap after GC invocations=12 (full 2):
 PSYoungGen      total 784384K, used 0K [0x000000076b400000, 0x00000007a0380000, 0x00000007c0000000)
  eden space 770048K, 0% used [0x000000076b400000,0x000000076b400000,0x000000079a400000)
  from space 14336K, 0% used [0x000000079f580000,0x000000079f580000,0x00000007a0380000)
  to   space 15360K, 0% used [0x000000079e580000,0x000000079e580000,0x000000079f480000)
 ParOldGen       total 127488K, used 23009K [0x00000006c1c00000, 0x00000006c9880000, 0x000000076b400000)
  object space 127488K, 18% used [0x00000006c1c00000,0x00000006c32786d8,0x00000006c9880000)
 Metaspace       used 34710K, capacity 35178K, committed 35496K, reserved 1081344K
  class space    used 4071K, capacity 4230K, committed 4264K, reserved 1048576K
}
Event: 70.316 GC heap before
{Heap before GC invocations=13 (full 2):
 PSYoungGen      total 784384K, used 479940K [0x000000076b400000, 0x00000007a0380000, 0x00000007c0000000)
  eden space 770048K, 62% used [0x000000076b400000,0x00000007888b1068,0x000000079a400000)
  from space 14336K, 0% used [0x000000079f580000,0x000000079f580000,0x00000007a0380000)
  to   space 15360K, 0% used [0x000000079e580000,0x000000079e580000,0x000000079f480000)
 ParOldGen       total 127488K, used 23009K [0x00000006c1c00000, 0x00000006c9880000, 0x000000076b400000)
  object space 127488K, 18% used [0x00000006c1c00000,0x00000006c32786d8,0x00000006c9880000)
 Metaspace       used 55580K, capacity 59072K, committed 59160K, reserved 1101824K
  class space    used 6468K, capacity 7020K, committed 7080K, reserved 1048576K
Event: 70.354 GC heap after
Heap after GC invocations=13 (full 2):
 PSYoungGen      total 852480K, used 15333K [0x000000076b400000, 0x00000007afc00000, 0x00000007c0000000)
  eden space 837120K, 0% used [0x000000076b400000,0x000000076b400000,0x000000079e580000)
  from space 15360K, 99% used [0x000000079e580000,0x000000079f4795c8,0x000000079f480000)
  to   space 29696K, 0% used [0x00000007adf00000,0x00000007adf00000,0x00000007afc00000)
 ParOldGen       total 127488K, used 57863K [0x00000006c1c00000, 0x00000006c9880000, 0x000000076b400000)
  object space 127488K, 45% used [0x00000006c1c00000,0x00000006c5481f70,0x00000006c9880000)
 Metaspace       used 55580K, capacity 59072K, committed 59160K, reserved 1101824K
  class space    used 6468K, capacity 7020K, committed 7080K, reserved 1048576K
}
Event: 70.354 GC heap before
{Heap before GC invocations=14 (full 3):
 PSYoungGen      total 852480K, used 15333K [0x000000076b400000, 0x00000007afc00000, 0x00000007c0000000)
  eden space 837120K, 0% used [0x000000076b400000,0x000000076b400000,0x000000079e580000)
  from space 15360K, 99% used [0x000000079e580000,0x000000079f4795c8,0x000000079f480000)
  to   space 29696K, 0% used [0x00000007adf00000,0x00000007adf00000,0x00000007afc00000)
 ParOldGen       total 127488K, used 57863K [0x00000006c1c00000, 0x00000006c9880000, 0x000000076b400000)
  object space 127488K, 45% used [0x00000006c1c00000,0x00000006c5481f70,0x00000006c9880000)
 Metaspace       used 55580K, capacity 59072K, committed 59160K, reserved 1101824K
  class space    used 6468K, capacity 7020K, committed 7080K, reserved 1048576K
Event: 70.721 GC heap after
Heap after GC invocations=14 (full 3):
 PSYoungGen      total 852480K, used 0K [0x000000076b400000, 0x00000007afc00000, 0x00000007c0000000)
  eden space 837120K, 0% used [0x000000076b400000,0x000000076b400000,0x000000079e580000)
  from space 15360K, 0% used [0x000000079e580000,0x000000079e580000,0x000000079f480000)
  to   space 29696K, 0% used [0x00000007adf00000,0x00000007adf00000,0x00000007afc00000)
 ParOldGen       total 205312K, used 68907K [0x00000006c1c00000, 0x00000006ce480000, 0x000000076b400000)
  object space 205312K, 33% used [0x00000006c1c00000,0x00000006c5f4ad98,0x00000006ce480000)
 Metaspace       used 55580K, capacity 59072K, committed 59160K, reserved 1101824K
  class space    used 6468K, capacity 7020K, committed 7080K, reserved 1048576K
}
Event: 92.371 GC heap before
{Heap before GC invocations=15 (full 3):
 PSYoungGen      total 852480K, used 258819K [0x000000076b400000, 0x00000007afc00000, 0x00000007c0000000)
  eden space 837120K, 30% used [0x000000076b400000,0x000000077b0c0e18,0x000000079e580000)
  from space 15360K, 0% used [0x000000079e580000,0x000000079e580000,0x000000079f480000)
  to   space 29696K, 0% used [0x00000007adf00000,0x00000007adf00000,0x00000007afc00000)
 ParOldGen       total 205312K, used 68907K [0x00000006c1c00000, 0x00000006ce480000, 0x000000076b400000)
  object space 205312K, 33% used [0x00000006c1c00000,0x00000006c5f4ad98,0x00000006ce480000)
 Metaspace       used 58657K, capacity 62350K, committed 62632K, reserved 1103872K
  class space    used 6639K, capacity 7211K, committed 7336K, reserved 1048576K
Event: 92.403 GC heap after
Heap after GC invocations=15 (full 3):
 PSYoungGen      total 1088000K, used 29672K [0x000000076b400000, 0x00000007b7980000, 0x00000007c0000000)
  eden space 1058304K, 0% used [0x000000076b400000,0x000000076b400000,0x00000007abd80000)
  from space 29696K, 99% used [0x00000007adf00000,0x00000007afbfa248,0x00000007afc00000)
  to   space 34304K, 0% used [0x00000007abd80000,0x00000007abd80000,0x00000007adf00000)
 ParOldGen       total 205312K, used 69222K [0x00000006c1c00000, 0x00000006ce480000, 0x000000076b400000)
  object space 205312K, 33% used [0x00000006c1c00000,0x00000006c5f99b70,0x00000006ce480000)
 Metaspace       used 58657K, capacity 62350K, committed 62632K, reserved 1103872K
  class space    used 6639K, capacity 7211K, committed 7336K, reserved 1048576K
}
Event: 92.403 GC heap before
{Heap before GC invocations=16 (full 4):
 PSYoungGen      total 1088000K, used 29672K [0x000000076b400000, 0x00000007b7980000, 0x00000007c0000000)
  eden space 1058304K, 0% used [0x000000076b400000,0x000000076b400000,0x00000007abd80000)
  from space 29696K, 99% used [0x00000007adf00000,0x00000007afbfa248,0x00000007afc00000)
  to   space 34304K, 0% used [0x00000007abd80000,0x00000007abd80000,0x00000007adf00000)
 ParOldGen       total 205312K, used 69222K [0x00000006c1c00000, 0x00000006ce480000, 0x000000076b400000)
  object space 205312K, 33% used [0x00000006c1c00000,0x00000006c5f99b70,0x00000006ce480000)
 Metaspace       used 58657K, capacity 62350K, committed 62632K, reserved 1103872K
  class space    used 6639K, capacity 7211K, committed 7336K, reserved 1048576K
Event: 92.747 GC heap after
Heap after GC invocations=16 (full 4):
 PSYoungGen      total 1088000K, used 0K [0x000000076b400000, 0x00000007b7980000, 0x00000007c0000000)
  eden space 1058304K, 0% used [0x000000076b400000,0x000000076b400000,0x00000007abd80000)
  from space 29696K, 0% used [0x00000007adf00000,0x00000007adf00000,0x00000007afc00000)
  to   space 34304K, 0% used [0x00000007abd80000,0x00000007abd80000,0x00000007adf00000)
 ParOldGen       total 205312K, used 73208K [0x00000006c1c00000, 0x00000006ce480000, 0x000000076b400000)
  object space 205312K, 35% used [0x00000006c1c00000,0x00000006c637e020,0x00000006ce480000)
 Metaspace       used 58657K, capacity 62350K, committed 62632K, reserved 1103872K
  class space    used 6639K, capacity 7211K, committed 7336K, reserved 1048576K
}

