# JRE version: Java(TM) SE Runtime Environment (8.0_201-b09) (build 1.8.0_201-b09)
# Java VM: Java HotSpot(TM) 64-Bit Server VM (25.201-b09 mixed mode windows-amd64 compressed oops)
Heap:
 PSYoungGen      total 1094656K, used 861586K [0x000000076b400000, 0x00000007b6f00000, 0x00000007c0000000)
  eden space 1051136K, 80% used [0x000000076b400000,0x000000079ed939f0,0x00000007ab680000)
  from space 43520K, 37% used [0x00000007ade80000,0x00000007aee51168,0x00000007b0900000)
  to   space 40960K, 0% used [0x00000007ab680000,0x00000007ab680000,0x00000007ade80000)
 ParOldGen       total 237568K, used 85338K [0x00000006c1c00000, 0x00000006d0400000, 0x000000076b400000)
  object space 237568K, 35% used [0x00000006c1c00000,0x00000006c6f569e0,0x00000006d0400000)
 Metaspace       used 58734K, capacity 62365K, committed 62504K, reserved 1103872K
  class space    used 6604K, capacity 7163K, committed 7208K, reserved 1048576K
GC Heap History (10 events):
Event: 12.931 GC heap before
{Heap before GC invocations=11 (full 1):
 PSYoungGen      total 538112K, used 161609K [0x000000076b400000, 0x00000007a0380000, 0x00000007c0000000)
  eden space 524288K, 30% used [0x000000076b400000,0x00000007751d2440,0x000000078b400000)
  from space 13824K, 0% used [0x000000078b400000,0x000000078b400000,0x000000078c180000)
  to   space 14336K, 0% used [0x000000079f580000,0x000000079f580000,0x00000007a0380000)
 ParOldGen       total 93184K, used 10342K [0x00000006c1c00000, 0x00000006c7700000, 0x000000076b400000)
  object space 93184K, 11% used [0x00000006c1c00000,0x00000006c2619a58,0x00000006c7700000)
 Metaspace       used 34660K, capacity 35175K, committed 35496K, reserved 1081344K
  class space    used 4071K, capacity 4229K, committed 4264K, reserved 1048576K
Event: 12.959 GC heap after
Heap after GC invocations=11 (full 1):
 PSYoungGen      total 776192K, used 13286K [0x000000076b400000, 0x00000007a0280000, 0x00000007c0000000)
  eden space 762880K, 0% used [0x000000076b400000,0x000000076b400000,0x0000000799d00000)
  from space 13312K, 99% used [0x000000079f580000,0x00000007a0279958,0x00000007a0280000)
  to   space 15360K, 0% used [0x000000079e480000,0x000000079e480000,0x000000079f380000)
 ParOldGen       total 93184K, used 10350K [0x00000006c1c00000, 0x00000006c7700000, 0x000000076b400000)
  object space 93184K, 11% used [0x00000006c1c00000,0x00000006c261ba58,0x00000006c7700000)
 Metaspace       used 34660K, capacity 35175K, committed 35496K, reserved 1081344K
  class space    used 4071K, capacity 4229K, committed 4264K, reserved 1048576K
}
Event: 12.959 GC heap before
{Heap before GC invocations=12 (full 2):
 PSYoungGen      total 776192K, used 13286K [0x000000076b400000, 0x00000007a0280000, 0x00000007c0000000)
  eden space 762880K, 0% used [0x000000076b400000,0x000000076b400000,0x0000000799d00000)
  from space 13312K, 99% used [0x000000079f580000,0x00000007a0279958,0x00000007a0280000)
  to   space 15360K, 0% used [0x000000079e480000,0x000000079e480000,0x000000079f380000)
 ParOldGen       total 93184K, used 10350K [0x00000006c1c00000, 0x00000006c7700000, 0x000000076b400000)
  object space 93184K, 11% used [0x00000006c1c00000,0x00000006c261ba58,0x00000006c7700000)
 Metaspace       used 34660K, capacity 35175K, committed 35496K, reserved 1081344K
  class space    used 4071K, capacity 4229K, committed 4264K, reserved 1048576K
Event: 13.088 GC heap after
Heap after GC invocations=12 (full 2):
 PSYoungGen      total 776192K, used 0K [0x000000076b400000, 0x00000007a0280000, 0x00000007c0000000)
  eden space 762880K, 0% used [0x000000076b400000,0x000000076b400000,0x0000000799d00000)
  from space 13312K, 0% used [0x000000079f580000,0x000000079f580000,0x00000007a0280000)
  to   space 15360K, 0% used [0x000000079e480000,0x000000079e480000,0x000000079f380000)
 ParOldGen       total 130048K, used 22381K [0x00000006c1c00000, 0x00000006c9b00000, 0x000000076b400000)
  object space 130048K, 17% used [0x00000006c1c00000,0x00000006c31db750,0x00000006c9b00000)
 Metaspace       used 34660K, capacity 35175K, committed 35496K, reserved 1081344K
  class space    used 4071K, capacity 4229K, committed 4264K, reserved 1048576K
}
Event: 151.712 GC heap before
{Heap before GC invocations=13 (full 2):
 PSYoungGen      total 776192K, used 499669K [0x000000076b400000, 0x00000007a0280000, 0x00000007c0000000)
  eden space 762880K, 65% used [0x000000076b400000,0x0000000789bf5448,0x0000000799d00000)
  from space 13312K, 0% used [0x000000079f580000,0x000000079f580000,0x00000007a0280000)
  to   space 15360K, 0% used [0x000000079e480000,0x000000079e480000,0x000000079f380000)
 ParOldGen       total 130048K, used 22381K [0x00000006c1c00000, 0x00000006c9b00000, 0x000000076b400000)
  object space 130048K, 17% used [0x00000006c1c00000,0x00000006c31db750,0x00000006c9b00000)
 Metaspace       used 55572K, capacity 59017K, committed 59160K, reserved 1101824K
  class space    used 6463K, capacity 7001K, committed 7080K, reserved 1048576K
Event: 151.766 GC heap after
Heap after GC invocations=13 (full 2):
 PSYoungGen      total 851456K, used 15348K [0x000000076b400000, 0x00000007b0900000, 0x00000007c0000000)
  eden space 836096K, 0% used [0x000000076b400000,0x000000076b400000,0x000000079e480000)
  from space 15360K, 99% used [0x000000079e480000,0x000000079f37d2d8,0x000000079f380000)
  to   space 43520K, 0% used [0x00000007ade80000,0x00000007ade80000,0x00000007b0900000)
 ParOldGen       total 130048K, used 93705K [0x00000006c1c00000, 0x00000006c9b00000, 0x000000076b400000)
  object space 130048K, 72% used [0x00000006c1c00000,0x00000006c77824a8,0x00000006c9b00000)
 Metaspace       used 55572K, capacity 59017K, committed 59160K, reserved 1101824K
  class space    used 6463K, capacity 7001K, committed 7080K, reserved 1048576K
}
Event: 151.766 GC heap before
{Heap before GC invocations=14 (full 3):
 PSYoungGen      total 851456K, used 15348K [0x000000076b400000, 0x00000007b0900000, 0x00000007c0000000)
  eden space 836096K, 0% used [0x000000076b400000,0x000000076b400000,0x000000079e480000)
  from space 15360K, 99% used [0x000000079e480000,0x000000079f37d2d8,0x000000079f380000)
  to   space 43520K, 0% used [0x00000007ade80000,0x00000007ade80000,0x00000007b0900000)
 ParOldGen       total 130048K, used 93705K [0x00000006c1c00000, 0x00000006c9b00000, 0x000000076b400000)
  object space 130048K, 72% used [0x00000006c1c00000,0x00000006c77824a8,0x00000006c9b00000)
 Metaspace       used 55572K, capacity 59017K, committed 59160K, reserved 1101824K
  class space    used 6463K, capacity 7001K, committed 7080K, reserved 1048576K
Event: 152.008 GC heap after
Heap after GC invocations=14 (full 3):
 PSYoungGen      total 851456K, used 0K [0x000000076b400000, 0x00000007b0900000, 0x00000007c0000000)
  eden space 836096K, 0% used [0x000000076b400000,0x000000076b400000,0x000000079e480000)
  from space 15360K, 0% used [0x000000079e480000,0x000000079e480000,0x000000079f380000)
  to   space 43520K, 0% used [0x00000007ade80000,0x00000007ade80000,0x00000007b0900000)
 ParOldGen       total 237568K, used 85330K [0x00000006c1c00000, 0x00000006d0400000, 0x000000076b400000)
  object space 237568K, 35% used [0x00000006c1c00000,0x00000006c6f549e0,0x00000006d0400000)
 Metaspace       used 55572K, capacity 59017K, committed 59160K, reserved 1101824K
  class space    used 6463K, capacity 7001K, committed 7080K, reserved 1048576K
}
Event: 347.650 GC heap before
{Heap before GC invocations=15 (full 3):
 PSYoungGen      total 851456K, used 836096K [0x000000076b400000, 0x00000007b0900000, 0x00000007c0000000)
  eden space 836096K, 100% used [0x000000076b400000,0x000000079e480000,0x000000079e480000)
  from space 15360K, 0% used [0x000000079e480000,0x000000079e480000,0x000000079f380000)
  to   space 43520K, 0% used [0x00000007ade80000,0x00000007ade80000,0x00000007b0900000)
 ParOldGen       total 237568K, used 85330K [0x00000006c1c00000, 0x00000006d0400000, 0x000000076b400000)
  object space 237568K, 35% used [0x00000006c1c00000,0x00000006c6f549e0,0x00000006d0400000)
 Metaspace       used 58414K, capacity 62053K, committed 62248K, reserved 1103872K
  class space    used 6585K, capacity 7127K, committed 7208K, reserved 1048576K
Event: 347.720 GC heap after
Heap after GC invocations=15 (full 3):
 PSYoungGen      total 1094656K, used 16196K [0x000000076b400000, 0x00000007b6f00000, 0x00000007c0000000)
  eden space 1051136K, 0% used [0x000000076b400000,0x000000076b400000,0x00000007ab680000)
  from space 43520K, 37% used [0x00000007ade80000,0x00000007aee51168,0x00000007b0900000)
  to   space 40960K, 0% used [0x00000007ab680000,0x00000007ab680000,0x00000007ade80000)
 ParOldGen       total 237568K, used 85338K [0x00000006c1c00000, 0x00000006d0400000, 0x000000076b400000)
  object space 237568K, 35% used [0x00000006c1c00000,0x00000006c6f569e0,0x00000006d0400000)
 Metaspace       used 58414K, capacity 62053K, committed 62248K, reserved 1103872K
  class space    used 6585K, capacity 7127K, committed 7208K, reserved 1048576K
}

