# JRE version: Java(TM) SE Runtime Environment (8.0_201-b09) (build 1.8.0_201-b09)
# Java VM: Java HotSpot(TM) 64-Bit Server VM (25.201-b09 mixed mode windows-amd64 compressed oops)
Heap:
 PSYoungGen      total 1102336K, used 859366K [0x000000076b400000, 0x00000007b4100000, 0x00000007c0000000)
  eden space 1070592K, 77% used [0x000000076b400000,0x000000079dd13b90,0x00000007ac980000)
  from space 31744K, 97% used [0x00000007aed00000,0x00000007b0b25f60,0x00000007b0c00000)
  to   space 36352K, 0% used [0x00000007ac980000,0x00000007ac980000,0x00000007aed00000)
 ParOldGen       total 212480K, used 93654K [0x00000006c1c00000, 0x00000006ceb80000, 0x000000076b400000)
  object space 212480K, 44% used [0x00000006c1c00000,0x00000006c77758d0,0x00000006ceb80000)
 Metaspace       used 60150K, capacity 63818K, committed 64000K, reserved 1105920K
  class space    used 6705K, capacity 7305K, committed 7424K, reserved 1048576K
GC Heap History (10 events):
Event: 8.725 GC heap before
{Heap before GC invocations=11 (full 1):
 PSYoungGen      total 537600K, used 172483K [0x000000076b400000, 0x00000007a0280000, 0x00000007c0000000)
  eden space 523776K, 32% used [0x000000076b400000,0x0000000775c70c38,0x000000078b380000)
  from space 13824K, 0% used [0x000000078b380000,0x000000078b380000,0x000000078c100000)
  to   space 14336K, 0% used [0x000000079f480000,0x000000079f480000,0x00000007a0280000)
 ParOldGen       total 88576K, used 10295K [0x00000006c1c00000, 0x00000006c7280000, 0x000000076b400000)
  object space 88576K, 11% used [0x00000006c1c00000,0x00000006c260de90,0x00000006c7280000)
 Metaspace       used 34513K, capacity 35012K, committed 35416K, reserved 1081344K
  class space    used 4044K, capacity 4197K, committed 4224K, reserved 1048576K
Event: 8.747 GC heap after
Heap after GC invocations=11 (full 1):
 PSYoungGen      total 799232K, used 13222K [0x000000076b400000, 0x00000007a0180000, 0x00000007c0000000)
  eden space 785920K, 0% used [0x000000076b400000,0x000000076b400000,0x000000079b380000)
  from space 13312K, 99% used [0x000000079f480000,0x00000007a01699a0,0x00000007a0180000)
  to   space 15360K, 0% used [0x000000079e380000,0x000000079e380000,0x000000079f280000)
 ParOldGen       total 88576K, used 10303K [0x00000006c1c00000, 0x00000006c7280000, 0x000000076b400000)
  object space 88576K, 11% used [0x00000006c1c00000,0x00000006c260fe90,0x00000006c7280000)
 Metaspace       used 34513K, capacity 35012K, committed 35416K, reserved 1081344K
  class space    used 4044K, capacity 4197K, committed 4224K, reserved 1048576K
}
Event: 8.747 GC heap before
{Heap before GC invocations=12 (full 2):
 PSYoungGen      total 799232K, used 13222K [0x000000076b400000, 0x00000007a0180000, 0x00000007c0000000)
  eden space 785920K, 0% used [0x000000076b400000,0x000000076b400000,0x000000079b380000)
  from space 13312K, 99% used [0x000000079f480000,0x00000007a01699a0,0x00000007a0180000)
  to   space 15360K, 0% used [0x000000079e380000,0x000000079e380000,0x000000079f280000)
 ParOldGen       total 88576K, used 10303K [0x00000006c1c00000, 0x00000006c7280000, 0x000000076b400000)
  object space 88576K, 11% used [0x00000006c1c00000,0x00000006c260fe90,0x00000006c7280000)
 Metaspace       used 34513K, capacity 35012K, committed 35416K, reserved 1081344K
  class space    used 4044K, capacity 4197K, committed 4224K, reserved 1048576K
Event: 8.846 GC heap after
Heap after GC invocations=12 (full 2):
 PSYoungGen      total 799232K, used 0K [0x000000076b400000, 0x00000007a0180000, 0x00000007c0000000)
  eden space 785920K, 0% used [0x000000076b400000,0x000000076b400000,0x000000079b380000)
  from space 13312K, 0% used [0x000000079f480000,0x000000079f480000,0x00000007a0180000)
  to   space 15360K, 0% used [0x000000079e380000,0x000000079e380000,0x000000079f280000)
 ParOldGen       total 124928K, used 22321K [0x00000006c1c00000, 0x00000006c9600000, 0x000000076b400000)
  object space 124928K, 17% used [0x00000006c1c00000,0x00000006c31cc6c0,0x00000006c9600000)
 Metaspace       used 34513K, capacity 35012K, committed 35416K, reserved 1081344K
  class space    used 4044K, capacity 4197K, committed 4224K, reserved 1048576K
}
Event: 29.154 GC heap before
{Heap before GC invocations=13 (full 2):
 PSYoungGen      total 799232K, used 432589K [0x000000076b400000, 0x00000007a0180000, 0x00000007c0000000)
  eden space 785920K, 55% used [0x000000076b400000,0x0000000785a734a8,0x000000079b380000)
  from space 13312K, 0% used [0x000000079f480000,0x000000079f480000,0x00000007a0180000)
  to   space 15360K, 0% used [0x000000079e380000,0x000000079e380000,0x000000079f280000)
 ParOldGen       total 124928K, used 22321K [0x00000006c1c00000, 0x00000006c9600000, 0x000000076b400000)
  object space 124928K, 17% used [0x00000006c1c00000,0x00000006c31cc6c0,0x00000006c9600000)
 Metaspace       used 55438K, capacity 58900K, committed 59008K, reserved 1101824K
  class space    used 6458K, capacity 7004K, committed 7040K, reserved 1048576K
Event: 29.184 GC heap after
Heap after GC invocations=13 (full 2):
 PSYoungGen      total 850432K, used 15348K [0x000000076b400000, 0x00000007b0c00000, 0x00000007c0000000)
  eden space 835072K, 0% used [0x000000076b400000,0x000000076b400000,0x000000079e380000)
  from space 15360K, 99% used [0x000000079e380000,0x000000079f27d3b0,0x000000079f280000)
  to   space 31744K, 0% used [0x00000007aed00000,0x00000007aed00000,0x00000007b0c00000)
 ParOldGen       total 124928K, used 62902K [0x00000006c1c00000, 0x00000006c9600000, 0x000000076b400000)
  object space 124928K, 50% used [0x00000006c1c00000,0x00000006c596db18,0x00000006c9600000)
 Metaspace       used 55438K, capacity 58900K, committed 59008K, reserved 1101824K
  class space    used 6458K, capacity 7004K, committed 7040K, reserved 1048576K
}
Event: 29.184 GC heap before
{Heap before GC invocations=14 (full 3):
 PSYoungGen      total 850432K, used 15348K [0x000000076b400000, 0x00000007b0c00000, 0x00000007c0000000)
  eden space 835072K, 0% used [0x000000076b400000,0x000000076b400000,0x000000079e380000)
  from space 15360K, 99% used [0x000000079e380000,0x000000079f27d3b0,0x000000079f280000)
  to   space 31744K, 0% used [0x00000007aed00000,0x00000007aed00000,0x00000007b0c00000)
 ParOldGen       total 124928K, used 62902K [0x00000006c1c00000, 0x00000006c9600000, 0x000000076b400000)
  object space 124928K, 50% used [0x00000006c1c00000,0x00000006c596db18,0x00000006c9600000)
 Metaspace       used 55438K, capacity 58900K, committed 59008K, reserved 1101824K
  class space    used 6458K, capacity 7004K, committed 7040K, reserved 1048576K
Event: 29.458 GC heap after
Heap after GC invocations=14 (full 3):
 PSYoungGen      total 850432K, used 0K [0x000000076b400000, 0x00000007b0c00000, 0x00000007c0000000)
  eden space 835072K, 0% used [0x000000076b400000,0x000000076b400000,0x000000079e380000)
  from space 15360K, 0% used [0x000000079e380000,0x000000079e380000,0x000000079f280000)
  to   space 31744K, 0% used [0x00000007aed00000,0x00000007aed00000,0x00000007b0c00000)
 ParOldGen       total 212480K, used 73190K [0x00000006c1c00000, 0x00000006ceb80000, 0x000000076b400000)
  object space 212480K, 34% used [0x00000006c1c00000,0x00000006c6379b60,0x00000006ceb80000)
 Metaspace       used 55438K, capacity 58900K, committed 59008K, reserved 1101824K
  class space    used 6458K, capacity 7004K, committed 7040K, reserved 1048576K
}
Event: 187.320 GC heap before
{Heap before GC invocations=15 (full 3):
 PSYoungGen      total 850432K, used 835072K [0x000000076b400000, 0x00000007b0c00000, 0x00000007c0000000)
  eden space 835072K, 100% used [0x000000076b400000,0x000000079e380000,0x000000079e380000)
  from space 15360K, 0% used [0x000000079e380000,0x000000079e380000,0x000000079f280000)
  to   space 31744K, 0% used [0x00000007aed00000,0x00000007aed00000,0x00000007b0c00000)
 ParOldGen       total 212480K, used 73190K [0x00000006c1c00000, 0x00000006ceb80000, 0x000000076b400000)
  object space 212480K, 34% used [0x00000006c1c00000,0x00000006c6379b60,0x00000006ceb80000)
 Metaspace       used 59493K, capacity 63184K, committed 63360K, reserved 1105920K
  class space    used 6689K, capacity 7268K, committed 7296K, reserved 1048576K
Event: 187.352 GC heap after
Heap after GC invocations=15 (full 3):
 PSYoungGen      total 1102336K, used 30871K [0x000000076b400000, 0x00000007b4100000, 0x00000007c0000000)
  eden space 1070592K, 0% used [0x000000076b400000,0x000000076b400000,0x00000007ac980000)
  from space 31744K, 97% used [0x00000007aed00000,0x00000007b0b25f60,0x00000007b0c00000)
  to   space 36352K, 0% used [0x00000007ac980000,0x00000007ac980000,0x00000007aed00000)
 ParOldGen       total 212480K, used 93654K [0x00000006c1c00000, 0x00000006ceb80000, 0x000000076b400000)
  object space 212480K, 44% used [0x00000006c1c00000,0x00000006c77758d0,0x00000006ceb80000)
 Metaspace       used 59493K, capacity 63184K, committed 63360K, reserved 1105920K
  class space    used 6689K, capacity 7268K, committed 7296K, reserved 1048576K
}

