# JRE version: Java(TM) SE Runtime Environment (8.0_201-b09) (build 1.8.0_201-b09)
# Java VM: Java HotSpot(TM) 64-Bit Server VM (25.201-b09 mixed mode windows-amd64 compressed oops)
Heap:
 PSYoungGen      total 850432K, used 754173K [0x000000076b400000, 0x00000007ac000000, 0x00000007c0000000)
  eden space 835072K, 90% used [0x000000076b400000,0x000000079947f510,0x000000079e380000)
  from space 15360K, 0% used [0x000000079e380000,0x000000079e380000,0x000000079f280000)
  to   space 31232K, 0% used [0x00000007aa180000,0x00000007aa180000,0x00000007ac000000)
 ParOldGen       total 231936K, used 71221K [0x00000006c1c00000, 0x00000006cfe80000, 0x000000076b400000)
  object space 231936K, 30% used [0x00000006c1c00000,0x00000006c618d600,0x00000006cfe80000)
 Metaspace       used 60842K, capacity 64656K, committed 64768K, reserved 1105920K
  class space    used 6835K, capacity 7418K, committed 7424K, reserved 1048576K
GC Heap History (10 events):
Event: 4.561 GC heap before
{Heap before GC invocations=10 (full 1):
 PSYoungGen      total 537088K, used 5522K [0x000000076b400000, 0x00000007a0200000, 0x00000007c0000000)
  eden space 523264K, 0% used [0x000000076b400000,0x000000076b400000,0x000000078b300000)
  from space 13824K, 39% used [0x000000078b300000,0x000000078b864a20,0x000000078c080000)
  to   space 14336K, 0% used [0x000000079f400000,0x000000079f400000,0x00000007a0200000)
 ParOldGen       total 175104K, used 9031K [0x00000006c1c00000, 0x00000006cc700000, 0x000000076b400000)
  object space 175104K, 5% used [0x00000006c1c00000,0x00000006c24d1f60,0x00000006cc700000)
 Metaspace       used 20923K, capacity 21124K, committed 21296K, reserved 1069056K
  class space    used 2342K, capacity 2426K, committed 2432K, reserved 1048576K
Event: 4.610 GC heap after
Heap after GC invocations=10 (full 1):
 PSYoungGen      total 537088K, used 0K [0x000000076b400000, 0x00000007a0200000, 0x00000007c0000000)
  eden space 523264K, 0% used [0x000000076b400000,0x000000076b400000,0x000000078b300000)
  from space 13824K, 0% used [0x000000078b300000,0x000000078b300000,0x000000078c080000)
  to   space 14336K, 0% used [0x000000079f400000,0x000000079f400000,0x00000007a0200000)
 ParOldGen       total 92672K, used 10344K [0x00000006c1c00000, 0x00000006c7680000, 0x000000076b400000)
  object space 92672K, 11% used [0x00000006c1c00000,0x00000006c261a3e0,0x00000006c7680000)
 Metaspace       used 20923K, capacity 21124K, committed 21296K, reserved 1069056K
  class space    used 2342K, capacity 2426K, committed 2432K, reserved 1048576K
}
Event: 7.056 GC heap before
{Heap before GC invocations=11 (full 1):
 PSYoungGen      total 537088K, used 167799K [0x000000076b400000, 0x00000007a0200000, 0x00000007c0000000)
  eden space 523264K, 32% used [0x000000076b400000,0x00000007757ddef0,0x000000078b300000)
  from space 13824K, 0% used [0x000000078b300000,0x000000078b300000,0x000000078c080000)
  to   space 14336K, 0% used [0x000000079f400000,0x000000079f400000,0x00000007a0200000)
 ParOldGen       total 92672K, used 10344K [0x00000006c1c00000, 0x00000006c7680000, 0x000000076b400000)
  object space 92672K, 11% used [0x00000006c1c00000,0x00000006c261a3e0,0x00000006c7680000)
 Metaspace       used 34724K, capacity 35208K, committed 35456K, reserved 1081344K
  class space    used 4045K, capacity 4195K, committed 4224K, reserved 1048576K
Event: 7.074 GC heap after
Heap after GC invocations=11 (full 1):
 PSYoungGen      total 780288K, used 13686K [0x000000076b400000, 0x00000007a0180000, 0x00000007c0000000)
  eden space 766464K, 0% used [0x000000076b400000,0x000000076b400000,0x000000079a080000)
  from space 13824K, 99% used [0x000000079f400000,0x00000007a015d8c8,0x00000007a0180000)
  to   space 15360K, 0% used [0x000000079e380000,0x000000079e380000,0x000000079f280000)
 ParOldGen       total 92672K, used 10352K [0x00000006c1c00000, 0x00000006c7680000, 0x000000076b400000)
  object space 92672K, 11% used [0x00000006c1c00000,0x00000006c261c3e0,0x00000006c7680000)
 Metaspace       used 34724K, capacity 35208K, committed 35456K, reserved 1081344K
  class space    used 4045K, capacity 4195K, committed 4224K, reserved 1048576K
}
Event: 7.074 GC heap before
{Heap before GC invocations=12 (full 2):
 PSYoungGen      total 780288K, used 13686K [0x000000076b400000, 0x00000007a0180000, 0x00000007c0000000)
  eden space 766464K, 0% used [0x000000076b400000,0x000000076b400000,0x000000079a080000)
  from space 13824K, 99% used [0x000000079f400000,0x00000007a015d8c8,0x00000007a0180000)
  to   space 15360K, 0% used [0x000000079e380000,0x000000079e380000,0x000000079f280000)
 ParOldGen       total 92672K, used 10352K [0x00000006c1c00000, 0x00000006c7680000, 0x000000076b400000)
  object space 92672K, 11% used [0x00000006c1c00000,0x00000006c261c3e0,0x00000006c7680000)
 Metaspace       used 34724K, capacity 35208K, committed 35456K, reserved 1081344K
  class space    used 4045K, capacity 4195K, committed 4224K, reserved 1048576K
Event: 7.186 GC heap after
Heap after GC invocations=12 (full 2):
 PSYoungGen      total 780288K, used 0K [0x000000076b400000, 0x00000007a0180000, 0x00000007c0000000)
  eden space 766464K, 0% used [0x000000076b400000,0x000000076b400000,0x000000079a080000)
  from space 13824K, 0% used [0x000000079f400000,0x000000079f400000,0x00000007a0180000)
  to   space 15360K, 0% used [0x000000079e380000,0x000000079e380000,0x000000079f280000)
 ParOldGen       total 138752K, used 22827K [0x00000006c1c00000, 0x00000006ca380000, 0x000000076b400000)
  object space 138752K, 16% used [0x00000006c1c00000,0x00000006c324add0,0x00000006ca380000)
 Metaspace       used 34724K, capacity 35208K, committed 35456K, reserved 1081344K
  class space    used 4045K, capacity 4195K, committed 4224K, reserved 1048576K
}
Event: 26.064 GC heap before
{Heap before GC invocations=13 (full 2):
 PSYoungGen      total 780288K, used 454555K [0x000000076b400000, 0x00000007a0180000, 0x00000007c0000000)
  eden space 766464K, 59% used [0x000000076b400000,0x0000000786fe6f58,0x000000079a080000)
  from space 13824K, 0% used [0x000000079f400000,0x000000079f400000,0x00000007a0180000)
  to   space 15360K, 0% used [0x000000079e380000,0x000000079e380000,0x000000079f280000)
 ParOldGen       total 138752K, used 22827K [0x00000006c1c00000, 0x00000006ca380000, 0x000000076b400000)
  object space 138752K, 16% used [0x00000006c1c00000,0x00000006c324add0,0x00000006ca380000)
 Metaspace       used 55508K, capacity 59004K, committed 59096K, reserved 1101824K
  class space    used 6486K, capacity 6998K, committed 7040K, reserved 1048576K
Event: 26.098 GC heap after
Heap after GC invocations=13 (full 2):
 PSYoungGen      total 850432K, used 15349K [0x000000076b400000, 0x00000007ac000000, 0x00000007c0000000)
  eden space 835072K, 0% used [0x000000076b400000,0x000000076b400000,0x000000079e380000)
  from space 15360K, 99% used [0x000000079e380000,0x000000079f27d698,0x000000079f280000)
  to   space 31232K, 0% used [0x00000007aa180000,0x00000007aa180000,0x00000007ac000000)
 ParOldGen       total 138752K, used 60389K [0x00000006c1c00000, 0x00000006ca380000, 0x000000076b400000)
  object space 138752K, 43% used [0x00000006c1c00000,0x00000006c56f9450,0x00000006ca380000)
 Metaspace       used 55508K, capacity 59004K, committed 59096K, reserved 1101824K
  class space    used 6486K, capacity 6998K, committed 7040K, reserved 1048576K
}
Event: 26.098 GC heap before
{Heap before GC invocations=14 (full 3):
 PSYoungGen      total 850432K, used 15349K [0x000000076b400000, 0x00000007ac000000, 0x00000007c0000000)
  eden space 835072K, 0% used [0x000000076b400000,0x000000076b400000,0x000000079e380000)
  from space 15360K, 99% used [0x000000079e380000,0x000000079f27d698,0x000000079f280000)
  to   space 31232K, 0% used [0x00000007aa180000,0x00000007aa180000,0x00000007ac000000)
 ParOldGen       total 138752K, used 60389K [0x00000006c1c00000, 0x00000006ca380000, 0x000000076b400000)
  object space 138752K, 43% used [0x00000006c1c00000,0x00000006c56f9450,0x00000006ca380000)
 Metaspace       used 55508K, capacity 59004K, committed 59096K, reserved 1101824K
  class space    used 6486K, capacity 6998K, committed 7040K, reserved 1048576K
Event: 26.424 GC heap after
Heap after GC invocations=14 (full 3):
 PSYoungGen      total 850432K, used 0K [0x000000076b400000, 0x00000007ac000000, 0x00000007c0000000)
  eden space 835072K, 0% used [0x000000076b400000,0x000000076b400000,0x000000079e380000)
  from space 15360K, 0% used [0x000000079e380000,0x000000079e380000,0x000000079f280000)
  to   space 31232K, 0% used [0x00000007aa180000,0x00000007aa180000,0x00000007ac000000)
 ParOldGen       total 231936K, used 71221K [0x00000006c1c00000, 0x00000006cfe80000, 0x000000076b400000)
  object space 231936K, 30% used [0x00000006c1c00000,0x00000006c618d600,0x00000006cfe80000)
 Metaspace       used 55508K, capacity 59004K, committed 59096K, reserved 1101824K
  class space    used 6486K, capacity 6998K, committed 7040K, reserved 1048576K
}

