# JRE version: OpenJDK Runtime Environment Corretto-17.0.3.6.1 (17.0.3+6) (build 17.0.3+6-LTS)
# Java VM: OpenJDK 64-Bit Server VM Corretto-17.0.3.6.1 (17.0.3+6-LTS, mixed mode, sharing, tiered, compressed oops, compressed class ptrs, g1 gc, windows-amd64)
GC Precious Log:
 CPUs: 8 total, 8 available
 Memory: 16205M
 Large Page Support: Disabled
 NUMA Support: Disabled
 Compressed Oops: Enabled (Zero based)
 Heap Region Size: 2M
 Heap Min Capacity: 8M
 Heap Initial Capacity: 254M
 Heap Max Capacity: 4052M
 Pre-touch: Disabled
 Parallel Workers: 8
 Concurrent Workers: 2
 Concurrent Refinement Workers: 8
 Periodic GC: Disabled
Heap:
 garbage-first heap   total 368640K, used 245158K [0x0000000702c00000, 0x0000000800000000)
  region size 2048K, 71 young (145408K), 0 survivors (0K)
 Metaspace       used 71080K, committed 71552K, reserved 1114112K
  class space    used 7531K, committed 7744K, reserved 1048576K
GC Heap History (20 events):
Event: 127.465 GC heap before
{Heap before GC invocations=38 (full 0):
 garbage-first heap   total 405504K, used 321739K [0x0000000702c00000, 0x0000000800000000)
  region size 2048K, 87 young (178176K), 1 survivors (2048K)
 Metaspace       used 70382K, committed 70912K, reserved 1114112K
  class space    used 7514K, committed 7744K, reserved 1048576K
}
Event: 127.467 GC heap after
{Heap after GC invocations=39 (full 0):
 garbage-first heap   total 405504K, used 146046K [0x0000000702c00000, 0x0000000800000000)
  region size 2048K, 1 young (2048K), 1 survivors (2048K)
 Metaspace       used 70382K, committed 70912K, reserved 1114112K
  class space    used 7514K, committed 7744K, reserved 1048576K
}
Event: 165.890 GC heap before
{Heap before GC invocations=40 (full 0):
 garbage-first heap   total 405504K, used 320126K [0x0000000702c00000, 0x0000000800000000)
  region size 2048K, 90 young (184320K), 1 survivors (2048K)
 Metaspace       used 70503K, committed 70976K, reserved 1114112K
  class space    used 7521K, committed 7744K, reserved 1048576K
}
Event: 165.896 GC heap after
{Heap after GC invocations=41 (full 0):
 garbage-first heap   total 405504K, used 165740K [0x0000000702c00000, 0x0000000800000000)
  region size 2048K, 12 young (24576K), 12 survivors (24576K)
 Metaspace       used 70503K, committed 70976K, reserved 1114112K
  class space    used 7521K, committed 7744K, reserved 1048576K
}
Event: 166.586 GC heap before
{Heap before GC invocations=41 (full 0):
 garbage-first heap   total 405504K, used 167788K [0x0000000702c00000, 0x0000000800000000)
  region size 2048K, 13 young (26624K), 12 survivors (24576K)
 Metaspace       used 70504K, committed 70976K, reserved 1114112K
  class space    used 7521K, committed 7744K, reserved 1048576K
}
Event: 166.594 GC heap after
{Heap after GC invocations=42 (full 0):
 garbage-first heap   total 405504K, used 165657K [0x0000000702c00000, 0x0000000800000000)
  region size 2048K, 2 young (4096K), 2 survivors (4096K)
 Metaspace       used 70504K, committed 70976K, reserved 1114112K
  class space    used 7521K, committed 7744K, reserved 1048576K
}
Event: 220.494 GC heap before
{Heap before GC invocations=42 (full 0):
 garbage-first heap   total 405504K, used 313113K [0x0000000702c00000, 0x0000000800000000)
  region size 2048K, 74 young (151552K), 2 survivors (4096K)
 Metaspace       used 70606K, committed 71104K, reserved 1114112K
  class space    used 7522K, committed 7744K, reserved 1048576K
}
Event: 220.496 GC heap after
{Heap after GC invocations=43 (full 0):
 garbage-first heap   total 405504K, used 163177K [0x0000000702c00000, 0x0000000800000000)
  region size 2048K, 1 young (2048K), 1 survivors (2048K)
 Metaspace       used 70606K, committed 71104K, reserved 1114112K
  class space    used 7522K, committed 7744K, reserved 1048576K
}
Event: 278.083 GC heap before
{Heap before GC invocations=44 (full 0):
 garbage-first heap   total 405504K, used 318825K [0x0000000702c00000, 0x0000000800000000)
  region size 2048K, 77 young (157696K), 1 survivors (2048K)
 Metaspace       used 70658K, committed 71104K, reserved 1114112K
  class space    used 7524K, committed 7744K, reserved 1048576K
}
Event: 278.084 GC heap after
{Heap after GC invocations=45 (full 0):
 garbage-first heap   total 405504K, used 162608K [0x0000000702c00000, 0x0000000800000000)
  region size 2048K, 1 young (2048K), 1 survivors (2048K)
 Metaspace       used 70658K, committed 71104K, reserved 1114112K
  class space    used 7524K, committed 7744K, reserved 1048576K
}
Event: 284.387 GC heap before
{Heap before GC invocations=45 (full 0):
 garbage-first heap   total 405504K, used 178992K [0x0000000702c00000, 0x0000000800000000)
  region size 2048K, 9 young (18432K), 1 survivors (2048K)
 Metaspace       used 70660K, committed 71104K, reserved 1114112K
  class space    used 7524K, committed 7744K, reserved 1048576K
}
Event: 284.389 GC heap after
{Heap after GC invocations=46 (full 0):
 garbage-first heap   total 405504K, used 159494K [0x0000000702c00000, 0x0000000800000000)
  region size 2048K, 1 young (2048K), 1 survivors (2048K)
 Metaspace       used 70660K, committed 71104K, reserved 1114112K
  class space    used 7524K, committed 7744K, reserved 1048576K
}
Event: 346.238 GC heap before
{Heap before GC invocations=46 (full 0):
 garbage-first heap   total 405504K, used 327430K [0x0000000702c00000, 0x0000000800000000)
  region size 2048K, 83 young (169984K), 1 survivors (2048K)
 Metaspace       used 70716K, committed 71232K, reserved 1114112K
  class space    used 7525K, committed 7744K, reserved 1048576K
}
Event: 346.239 GC heap after
{Heap after GC invocations=47 (full 0):
 garbage-first heap   total 405504K, used 159585K [0x0000000702c00000, 0x0000000800000000)
  region size 2048K, 1 young (2048K), 1 survivors (2048K)
 Metaspace       used 70716K, committed 71232K, reserved 1114112K
  class space    used 7525K, committed 7744K, reserved 1048576K
}
Event: 409.422 GC heap before
{Heap before GC invocations=48 (full 0):
 garbage-first heap   total 405504K, used 333665K [0x0000000702c00000, 0x0000000800000000)
  region size 2048K, 86 young (176128K), 1 survivors (2048K)
 Metaspace       used 70751K, committed 71232K, reserved 1114112K
  class space    used 7530K, committed 7744K, reserved 1048576K
}
Event: 409.424 GC heap after
{Heap after GC invocations=49 (full 0):
 garbage-first heap   total 405504K, used 160772K [0x0000000702c00000, 0x0000000800000000)
  region size 2048K, 1 young (2048K), 1 survivors (2048K)
 Metaspace       used 70751K, committed 71232K, reserved 1114112K
  class space    used 7530K, committed 7744K, reserved 1048576K
}
Event: 415.563 GC heap before
{Heap before GC invocations=49 (full 0):
 garbage-first heap   total 405504K, used 177156K [0x0000000702c00000, 0x0000000800000000)
  region size 2048K, 9 young (18432K), 1 survivors (2048K)
 Metaspace       used 70754K, committed 71232K, reserved 1114112K
  class space    used 7530K, committed 7744K, reserved 1048576K
}
Event: 415.568 GC heap after
{Heap after GC invocations=50 (full 0):
 garbage-first heap   total 405504K, used 157160K [0x0000000702c00000, 0x0000000800000000)
  region size 2048K, 1 young (2048K), 1 survivors (2048K)
 Metaspace       used 70754K, committed 71232K, reserved 1114112K
  class space    used 7530K, committed 7744K, reserved 1048576K
}
Event: 437.813 GC heap before
{Heap before GC invocations=50 (full 0):
 garbage-first heap   total 405504K, used 216552K [0x0000000702c00000, 0x0000000800000000)
  region size 2048K, 31 young (63488K), 1 survivors (2048K)
 Metaspace       used 70844K, committed 71296K, reserved 1114112K
  class space    used 7530K, committed 7744K, reserved 1048576K
}
Event: 437.870 GC heap after
{Heap after GC invocations=51 (full 1):
 garbage-first heap   total 368640K, used 101798K [0x0000000702c00000, 0x0000000800000000)
  region size 2048K, 0 young (0K), 0 survivors (0K)
 Metaspace       used 70844K, committed 71296K, reserved 1114112K
  class space    used 7530K, committed 7744K, reserved 1048576K
}

