# JRE version: Java(TM) SE Runtime Environment 18.9 (11.0.9+7) (build 11.0.9+7-LTS)
# Java VM: Java HotSpot(TM) 64-Bit Server VM 18.9 (11.0.9+7-LTS, mixed mode, tiered, compressed oops, g1 gc, windows-amd64)
Heap:
 garbage-first heap   total 310272K, used 172483K [0x0000000704000000, 0x0000000800000000)
  region size 1024K, 41 young (41984K), 2 survivors (2048K)
 Metaspace       used 82690K, capacity 85139K, committed 85424K, reserved 1124352K
  class space    used 8587K, capacity 9614K, committed 9728K, reserved 1048576K
GC Heap History (10 events):
Event: 411.709 GC heap before
{Heap before GC invocations=61 (full 0):
 garbage-first heap   total 310272K, used 271569K [0x0000000704000000, 0x0000000800000000)
  region size 1024K, 137 young (140288K), 2 survivors (2048K)
 Metaspace       used 82472K, capacity 84975K, committed 85040K, reserved 1124352K
  class space    used 8565K, capacity 9581K, committed 9600K, reserved 1048576K
}
Event: 411.711 GC heap after
{Heap after GC invocations=62 (full 0):
 garbage-first heap   total 310272K, used 133351K [0x0000000704000000, 0x0000000800000000)
  region size 1024K, 2 young (2048K), 2 survivors (2048K)
 Metaspace       used 82472K, capacity 84975K, committed 85040K, reserved 1124352K
  class space    used 8565K, capacity 9581K, committed 9600K, reserved 1048576K
}
Event: 426.035 GC heap before
{Heap before GC invocations=62 (full 0):
 garbage-first heap   total 310272K, used 272615K [0x0000000704000000, 0x0000000800000000)
  region size 1024K, 138 young (141312K), 2 survivors (2048K)
 Metaspace       used 82639K, capacity 85136K, committed 85424K, reserved 1124352K
  class space    used 8574K, capacity 9613K, committed 9728K, reserved 1048576K
}
Event: 426.038 GC heap after
{Heap after GC invocations=63 (full 0):
 garbage-first heap   total 310272K, used 133523K [0x0000000704000000, 0x0000000800000000)
  region size 1024K, 2 young (2048K), 2 survivors (2048K)
 Metaspace       used 82639K, capacity 85136K, committed 85424K, reserved 1124352K
  class space    used 8574K, capacity 9613K, committed 9728K, reserved 1048576K
}
Event: 440.667 GC heap before
{Heap before GC invocations=63 (full 0):
 garbage-first heap   total 310272K, used 272787K [0x0000000704000000, 0x0000000800000000)
  region size 1024K, 138 young (141312K), 2 survivors (2048K)
 Metaspace       used 82643K, capacity 85136K, committed 85424K, reserved 1124352K
  class space    used 8574K, capacity 9613K, committed 9728K, reserved 1048576K
}
Event: 440.670 GC heap after
{Heap after GC invocations=64 (full 0):
 garbage-first heap   total 310272K, used 133492K [0x0000000704000000, 0x0000000800000000)
  region size 1024K, 2 young (2048K), 2 survivors (2048K)
 Metaspace       used 82643K, capacity 85136K, committed 85424K, reserved 1124352K
  class space    used 8574K, capacity 9613K, committed 9728K, reserved 1048576K
}
Event: 454.603 GC heap before
{Heap before GC invocations=64 (full 0):
 garbage-first heap   total 310272K, used 272756K [0x0000000704000000, 0x0000000800000000)
  region size 1024K, 138 young (141312K), 2 survivors (2048K)
 Metaspace       used 82643K, capacity 85136K, committed 85424K, reserved 1124352K
  class space    used 8574K, capacity 9613K, committed 9728K, reserved 1048576K
}
Event: 454.606 GC heap after
{Heap after GC invocations=65 (full 0):
 garbage-first heap   total 310272K, used 133595K [0x0000000704000000, 0x0000000800000000)
  region size 1024K, 2 young (2048K), 2 survivors (2048K)
 Metaspace       used 82643K, capacity 85136K, committed 85424K, reserved 1124352K
  class space    used 8574K, capacity 9613K, committed 9728K, reserved 1048576K
}
Event: 468.979 GC heap before
{Heap before GC invocations=65 (full 0):
 garbage-first heap   total 310272K, used 272859K [0x0000000704000000, 0x0000000800000000)
  region size 1024K, 138 young (141312K), 2 survivors (2048K)
 Metaspace       used 82651K, capacity 85136K, committed 85424K, reserved 1124352K
  class space    used 8574K, capacity 9613K, committed 9728K, reserved 1048576K
}
Event: 468.983 GC heap after
{Heap after GC invocations=66 (full 0):
 garbage-first heap   total 310272K, used 133571K [0x0000000704000000, 0x0000000800000000)
  region size 1024K, 2 young (2048K), 2 survivors (2048K)
 Metaspace       used 82651K, capacity 85136K, committed 85424K, reserved 1124352K
  class space    used 8574K, capacity 9613K, committed 9728K, reserved 1048576K
}

