# JRE version: OpenJDK Runtime Environment Corretto-17.0.3.6.1 (17.0.3+6) (build 17.0.3+6-LTS)
# Java VM: OpenJDK 64-Bit Server VM Corretto-17.0.3.6.1 (17.0.3+6-LTS, mixed mode, sharing, tiered, compressed oops, compressed class ptrs, g1 gc, windows-amd64)
GC Precious Log:
 CPUs: 8 total, 8 available
 Memory: 16205M
 Large Page Support: Disabled
 NUMA Support: Disabled
 Compressed Oops: Enabled (Zero based)
 Heap Region Size: 2M
 Heap Min Capacity: 8M
 Heap Initial Capacity: 254M
 Heap Max Capacity: 4052M
 Pre-touch: Disabled
 Parallel Workers: 8
 Concurrent Workers: 2
 Concurrent Refinement Workers: 8
 Periodic GC: Disabled
Heap:
 garbage-first heap   total 352256K, used 241664K [0x0000000702c00000, 0x0000000800000000)
  region size 2048K, 44 young (90112K), 8 survivors (16384K)
 Metaspace       used 71588K, committed 72128K, reserved 1114112K
  class space    used 7664K, committed 7936K, reserved 1048576K
GC Heap History (20 events):
Event: 95.609 GC heap before
{Heap before GC invocations=41 (full 0):
 garbage-first heap   total 352256K, used 272996K [0x0000000702c00000, 0x0000000800000000)
  region size 2048K, 61 young (124928K), 1 survivors (2048K)
 Metaspace       used 69896K, committed 70400K, reserved 1114112K
  class space    used 7480K, committed 7744K, reserved 1048576K
}
Event: 95.614 GC heap after
{Heap after GC invocations=42 (full 0):
 garbage-first heap   total 352256K, used 164043K [0x0000000702c00000, 0x0000000800000000)
  region size 2048K, 8 young (16384K), 8 survivors (16384K)
 Metaspace       used 69896K, committed 70400K, reserved 1114112K
  class space    used 7480K, committed 7744K, reserved 1048576K
}
Event: 96.113 GC heap before
{Heap before GC invocations=42 (full 0):
 garbage-first heap   total 352256K, used 172235K [0x0000000702c00000, 0x0000000800000000)
  region size 2048K, 13 young (26624K), 8 survivors (16384K)
 Metaspace       used 69963K, committed 70528K, reserved 1114112K
  class space    used 7481K, committed 7744K, reserved 1048576K
}
Event: 96.118 GC heap after
{Heap after GC invocations=43 (full 0):
 garbage-first heap   total 352256K, used 165707K [0x0000000702c00000, 0x0000000800000000)
  region size 2048K, 2 young (4096K), 2 survivors (4096K)
 Metaspace       used 69963K, committed 70528K, reserved 1114112K
  class space    used 7481K, committed 7744K, reserved 1048576K
}
Event: 111.222 GC heap before
{Heap before GC invocations=44 (full 0):
 garbage-first heap   total 352256K, used 280395K [0x0000000702c00000, 0x0000000800000000)
  region size 2048K, 57 young (116736K), 2 survivors (4096K)
 Metaspace       used 70879K, committed 71360K, reserved 1114112K
  class space    used 7614K, committed 7872K, reserved 1048576K
}
Event: 111.225 GC heap after
{Heap after GC invocations=45 (full 0):
 garbage-first heap   total 352256K, used 174455K [0x0000000702c00000, 0x0000000800000000)
  region size 2048K, 6 young (12288K), 6 survivors (12288K)
 Metaspace       used 70879K, committed 71360K, reserved 1114112K
  class space    used 7614K, committed 7872K, reserved 1048576K
}
Event: 111.674 GC heap before
{Heap before GC invocations=45 (full 0):
 garbage-first heap   total 352256K, used 178551K [0x0000000702c00000, 0x0000000800000000)
  region size 2048K, 8 young (16384K), 6 survivors (12288K)
 Metaspace       used 70883K, committed 71360K, reserved 1114112K
  class space    used 7614K, committed 7872K, reserved 1048576K
}
Event: 111.679 GC heap after
{Heap after GC invocations=46 (full 0):
 garbage-first heap   total 352256K, used 152094K [0x0000000702c00000, 0x0000000800000000)
  region size 2048K, 1 young (2048K), 1 survivors (2048K)
 Metaspace       used 70883K, committed 71360K, reserved 1114112K
  class space    used 7614K, committed 7872K, reserved 1048576K
}
Event: 127.123 GC heap before
{Heap before GC invocations=46 (full 0):
 garbage-first heap   total 352256K, used 277022K [0x0000000702c00000, 0x0000000800000000)
  region size 2048K, 62 young (126976K), 1 survivors (2048K)
 Metaspace       used 70986K, committed 71552K, reserved 1114112K
  class space    used 7621K, committed 7872K, reserved 1048576K
}
Event: 127.125 GC heap after
{Heap after GC invocations=47 (full 0):
 garbage-first heap   total 352256K, used 157178K [0x0000000702c00000, 0x0000000800000000)
  region size 2048K, 4 young (8192K), 4 survivors (8192K)
 Metaspace       used 70986K, committed 71552K, reserved 1114112K
  class space    used 7621K, committed 7872K, reserved 1048576K
}
Event: 144.024 GC heap before
{Heap before GC invocations=47 (full 0):
 garbage-first heap   total 352256K, used 278010K [0x0000000702c00000, 0x0000000800000000)
  region size 2048K, 63 young (129024K), 4 survivors (8192K)
 Metaspace       used 71242K, committed 71744K, reserved 1114112K
  class space    used 7645K, committed 7936K, reserved 1048576K
}
Event: 144.026 GC heap after
{Heap after GC invocations=48 (full 0):
 garbage-first heap   total 352256K, used 155416K [0x0000000702c00000, 0x0000000800000000)
  region size 2048K, 3 young (6144K), 3 survivors (6144K)
 Metaspace       used 71242K, committed 71744K, reserved 1114112K
  class space    used 7645K, committed 7936K, reserved 1048576K
}
Event: 161.823 GC heap before
{Heap before GC invocations=48 (full 0):
 garbage-first heap   total 352256K, used 280344K [0x0000000702c00000, 0x0000000800000000)
  region size 2048K, 65 young (133120K), 3 survivors (6144K)
 Metaspace       used 71306K, committed 71872K, reserved 1114112K
  class space    used 7650K, committed 7936K, reserved 1048576K
}
Event: 161.825 GC heap after
{Heap after GC invocations=49 (full 0):
 garbage-first heap   total 352256K, used 157451K [0x0000000702c00000, 0x0000000800000000)
  region size 2048K, 4 young (8192K), 4 survivors (8192K)
 Metaspace       used 71306K, committed 71872K, reserved 1114112K
  class space    used 7650K, committed 7936K, reserved 1048576K
}
Event: 178.285 GC heap before
{Heap before GC invocations=50 (full 0):
 garbage-first heap   total 352256K, used 284427K [0x0000000702c00000, 0x0000000800000000)
  region size 2048K, 68 young (139264K), 4 survivors (8192K)
 Metaspace       used 71394K, committed 71936K, reserved 1114112K
  class space    used 7653K, committed 7936K, reserved 1048576K
}
Event: 178.290 GC heap after
{Heap after GC invocations=51 (full 0):
 garbage-first heap   total 352256K, used 164169K [0x0000000702c00000, 0x0000000800000000)
  region size 2048K, 9 young (18432K), 9 survivors (18432K)
 Metaspace       used 71394K, committed 71936K, reserved 1114112K
  class space    used 7653K, committed 7936K, reserved 1048576K
}
Event: 178.294 GC heap before
{Heap before GC invocations=51 (full 0):
 garbage-first heap   total 352256K, used 166217K [0x0000000702c00000, 0x0000000800000000)
  region size 2048K, 10 young (20480K), 9 survivors (18432K)
 Metaspace       used 71399K, committed 71936K, reserved 1114112K
  class space    used 7653K, committed 7936K, reserved 1048576K
}
Event: 178.300 GC heap after
{Heap after GC invocations=52 (full 0):
 garbage-first heap   total 352256K, used 150992K [0x0000000702c00000, 0x0000000800000000)
  region size 2048K, 2 young (4096K), 2 survivors (4096K)
 Metaspace       used 71399K, committed 71936K, reserved 1114112K
  class space    used 7653K, committed 7936K, reserved 1048576K
}
Event: 200.821 GC heap before
{Heap before GC invocations=52 (full 0):
 garbage-first heap   total 352256K, used 277968K [0x0000000702c00000, 0x0000000800000000)
  region size 2048K, 64 young (131072K), 2 survivors (4096K)
 Metaspace       used 71517K, committed 72064K, reserved 1114112K
  class space    used 7663K, committed 7936K, reserved 1048576K
}
Event: 200.825 GC heap after
{Heap after GC invocations=53 (full 0):
 garbage-first heap   total 352256K, used 169984K [0x0000000702c00000, 0x0000000800000000)
  region size 2048K, 8 young (16384K), 8 survivors (16384K)
 Metaspace       used 71517K, committed 72064K, reserved 1114112K
  class space    used 7663K, committed 7936K, reserved 1048576K
}

