# JRE version: Java(TM) SE Runtime Environment (8.0_201-b09) (build 1.8.0_201-b09)
# Java VM: Java HotSpot(TM) 64-Bit Server VM (25.201-b09 mixed mode windows-amd64 compressed oops)
Heap:
 PSYoungGen      total 1235456K, used 958773K [0x000000076b400000, 0x00000007c0000000, 0x00000007c0000000)
  eden space 1096704K, 74% used [0x000000076b400000,0x000000079d4d2f38,0x00000007ae300000)
  from space 138752K, 99% used [0x00000007ae300000,0x00000007b6a7a868,0x00000007b6a80000)
  to   space 153088K, 0% used [0x00000007b6a80000,0x00000007b6a80000,0x00000007c0000000)
 ParOldGen       total 384512K, used 157220K [0x00000006c1c00000, 0x00000006d9380000, 0x000000076b400000)
  object space 384512K, 40% used [0x00000006c1c00000,0x00000006cb589178,0x00000006d9380000)
 Metaspace       used 61972K, capacity 65764K, committed 65832K, reserved 1107968K
  class space    used 6826K, capacity 7424K, committed 7464K, reserved 1048576K
GC Heap History (10 events):
Event: 493.808 GC heap before
{Heap before GC invocations=18 (full 4):
 PSYoungGen      total 1170432K, used 1127936K [0x000000076b400000, 0x00000007c0000000, 0x00000007c0000000)
  eden space 1127936K, 100% used [0x000000076b400000,0x00000007b0180000,0x00000007b0180000)
  from space 42496K, 0% used [0x00000007b0180000,0x00000007b0180000,0x00000007b2b00000)
  to   space 108032K, 0% used [0x00000007b9680000,0x00000007b9680000,0x00000007c0000000)
 ParOldGen       total 325632K, used 117696K [0x00000006c1c00000, 0x00000006d5a00000, 0x000000076b400000)
  object space 325632K, 36% used [0x00000006c1c00000,0x00000006c8ef0170,0x00000006d5a00000)
 Metaspace       used 61101K, capacity 64856K, committed 65064K, reserved 1107968K
  class space    used 6758K, capacity 7350K, committed 7464K, reserved 1048576K
Event: 493.873 GC heap after
Heap after GC invocations=18 (full 4):
 PSYoungGen      total 1199616K, used 108009K [0x000000076b400000, 0x00000007c0000000, 0x00000007c0000000)
  eden space 1091584K, 0% used [0x000000076b400000,0x000000076b400000,0x00000007ade00000)
  from space 108032K, 99% used [0x00000007b9680000,0x00000007bfffa6f8,0x00000007c0000000)
  to   space 148480K, 0% used [0x00000007ade00000,0x00000007ade00000,0x00000007b6f00000)
 ParOldGen       total 325632K, used 173475K [0x00000006c1c00000, 0x00000006d5a00000, 0x000000076b400000)
  object space 325632K, 53% used [0x00000006c1c00000,0x00000006cc568e08,0x00000006d5a00000)
 Metaspace       used 61101K, capacity 64856K, committed 65064K, reserved 1107968K
  class space    used 6758K, capacity 7350K, committed 7464K, reserved 1048576K
}
Event: 519.388 GC heap before
{Heap before GC invocations=19 (full 4):
 PSYoungGen      total 1199616K, used 1199593K [0x000000076b400000, 0x00000007c0000000, 0x00000007c0000000)
  eden space 1091584K, 100% used [0x000000076b400000,0x00000007ade00000,0x00000007ade00000)
  from space 108032K, 99% used [0x00000007b9680000,0x00000007bfffa6f8,0x00000007c0000000)
  to   space 148480K, 0% used [0x00000007ade00000,0x00000007ade00000,0x00000007b6f00000)
 ParOldGen       total 325632K, used 173475K [0x00000006c1c00000, 0x00000006d5a00000, 0x000000076b400000)
  object space 325632K, 53% used [0x00000006c1c00000,0x00000006cc568e08,0x00000006d5a00000)
 Metaspace       used 61192K, capacity 64990K, committed 65320K, reserved 1107968K
  class space    used 6759K, capacity 7351K, committed 7464K, reserved 1048576K
Event: 519.432 GC heap after
Heap after GC invocations=19 (full 4):
 PSYoungGen      total 1240064K, used 18335K [0x000000076b400000, 0x00000007c0000000, 0x00000007c0000000)
  eden space 1091584K, 0% used [0x000000076b400000,0x000000076b400000,0x00000007ade00000)
  from space 148480K, 12% used [0x00000007ade00000,0x00000007aefe7c50,0x00000007b6f00000)
  to   space 143360K, 0% used [0x00000007b7400000,0x00000007b7400000,0x00000007c0000000)
 ParOldGen       total 325632K, used 281632K [0x00000006c1c00000, 0x00000006d5a00000, 0x000000076b400000)
  object space 325632K, 86% used [0x00000006c1c00000,0x00000006d2f08230,0x00000006d5a00000)
 Metaspace       used 61192K, capacity 64990K, committed 65320K, reserved 1107968K
  class space    used 6759K, capacity 7351K, committed 7464K, reserved 1048576K
}
Event: 519.432 GC heap before
{Heap before GC invocations=20 (full 5):
 PSYoungGen      total 1240064K, used 18335K [0x000000076b400000, 0x00000007c0000000, 0x00000007c0000000)
  eden space 1091584K, 0% used [0x000000076b400000,0x000000076b400000,0x00000007ade00000)
  from space 148480K, 12% used [0x00000007ade00000,0x00000007aefe7c50,0x00000007b6f00000)
  to   space 143360K, 0% used [0x00000007b7400000,0x00000007b7400000,0x00000007c0000000)
 ParOldGen       total 325632K, used 281632K [0x00000006c1c00000, 0x00000006d5a00000, 0x000000076b400000)
  object space 325632K, 86% used [0x00000006c1c00000,0x00000006d2f08230,0x00000006d5a00000)
 Metaspace       used 61192K, capacity 64990K, committed 65320K, reserved 1107968K
  class space    used 6759K, capacity 7351K, committed 7464K, reserved 1048576K
Event: 519.540 GC heap after
Heap after GC invocations=20 (full 5):
 PSYoungGen      total 1240064K, used 0K [0x000000076b400000, 0x00000007c0000000, 0x00000007c0000000)
  eden space 1091584K, 0% used [0x000000076b400000,0x000000076b400000,0x00000007ade00000)
  from space 148480K, 0% used [0x00000007ade00000,0x00000007ade00000,0x00000007b6f00000)
  to   space 143360K, 0% used [0x00000007b7400000,0x00000007b7400000,0x00000007c0000000)
 ParOldGen       total 384512K, used 123841K [0x00000006c1c00000, 0x00000006d9380000, 0x000000076b400000)
  object space 384512K, 32% used [0x00000006c1c00000,0x00000006c94f0458,0x00000006d9380000)
 Metaspace       used 61192K, capacity 64990K, committed 65320K, reserved 1107968K
  class space    used 6759K, capacity 7351K, committed 7464K, reserved 1048576K
}
Event: 562.591 GC heap before
{Heap before GC invocations=21 (full 5):
 PSYoungGen      total 1240064K, used 1091584K [0x000000076b400000, 0x00000007c0000000, 0x00000007c0000000)
  eden space 1091584K, 100% used [0x000000076b400000,0x00000007ade00000,0x00000007ade00000)
  from space 148480K, 0% used [0x00000007ade00000,0x00000007ade00000,0x00000007b6f00000)
  to   space 143360K, 0% used [0x00000007b7400000,0x00000007b7400000,0x00000007c0000000)
 ParOldGen       total 384512K, used 123841K [0x00000006c1c00000, 0x00000006d9380000, 0x000000076b400000)
  object space 384512K, 32% used [0x00000006c1c00000,0x00000006c94f0458,0x00000006d9380000)
 Metaspace       used 61420K, capacity 65210K, committed 65576K, reserved 1107968K
  class space    used 6773K, capacity 7353K, committed 7464K, reserved 1048576K
Event: 562.609 GC heap after
Heap after GC invocations=21 (full 5):
 PSYoungGen      total 1225728K, used 59327K [0x000000076b400000, 0x00000007bf200000, 0x00000007c0000000)
  eden space 1096704K, 0% used [0x000000076b400000,0x000000076b400000,0x00000007ae300000)
  from space 129024K, 45% used [0x00000007b7400000,0x00000007badefd38,0x00000007bf200000)
  to   space 138752K, 0% used [0x00000007ae300000,0x00000007ae300000,0x00000007b6a80000)
 ParOldGen       total 384512K, used 123849K [0x00000006c1c00000, 0x00000006d9380000, 0x000000076b400000)
  object space 384512K, 32% used [0x00000006c1c00000,0x00000006c94f2458,0x00000006d9380000)
 Metaspace       used 61420K, capacity 65210K, committed 65576K, reserved 1107968K
  class space    used 6773K, capacity 7353K, committed 7464K, reserved 1048576K
}
Event: 686.034 GC heap before
{Heap before GC invocations=22 (full 5):
 PSYoungGen      total 1225728K, used 1156031K [0x000000076b400000, 0x00000007bf200000, 0x00000007c0000000)
  eden space 1096704K, 100% used [0x000000076b400000,0x00000007ae300000,0x00000007ae300000)
  from space 129024K, 45% used [0x00000007b7400000,0x00000007badefd38,0x00000007bf200000)
  to   space 138752K, 0% used [0x00000007ae300000,0x00000007ae300000,0x00000007b6a80000)
 ParOldGen       total 384512K, used 123849K [0x00000006c1c00000, 0x00000006d9380000, 0x000000076b400000)
  object space 384512K, 32% used [0x00000006c1c00000,0x00000006c94f2458,0x00000006d9380000)
 Metaspace       used 61632K, capacity 65422K, committed 65576K, reserved 1107968K
  class space    used 6775K, capacity 7355K, committed 7464K, reserved 1048576K
Event: 686.085 GC heap after
Heap after GC invocations=22 (full 5):
 PSYoungGen      total 1235456K, used 138730K [0x000000076b400000, 0x00000007c0000000, 0x00000007c0000000)
  eden space 1096704K, 0% used [0x000000076b400000,0x000000076b400000,0x00000007ae300000)
  from space 138752K, 99% used [0x00000007ae300000,0x00000007b6a7a868,0x00000007b6a80000)
  to   space 153088K, 0% used [0x00000007b6a80000,0x00000007b6a80000,0x00000007c0000000)
 ParOldGen       total 384512K, used 157220K [0x00000006c1c00000, 0x00000006d9380000, 0x000000076b400000)
  object space 384512K, 40% used [0x00000006c1c00000,0x00000006cb589178,0x00000006d9380000)
 Metaspace       used 61632K, capacity 65422K, committed 65576K, reserved 1107968K
  class space    used 6775K, capacity 7355K, committed 7464K, reserved 1048576K
}

