# JRE version: Java(TM) SE Runtime Environment (8.0_201-b09) (build 1.8.0_201-b09)
# Java VM: Java HotSpot(TM) 64-Bit Server VM (25.201-b09 mixed mode windows-amd64 compressed oops)
Heap:
 PSYoungGen      total 851456K, used 287148K [0x000000076b400000, 0x00000007b0880000, 0x00000007c0000000)
  eden space 836608K, 34% used [0x000000076b400000,0x000000077cc6b3c8,0x000000079e500000)
  from space 14848K, 0% used [0x000000079e500000,0x000000079e500000,0x000000079f380000)
  to   space 30208K, 0% used [0x00000007aeb00000,0x00000007aeb00000,0x00000007b0880000)
 ParOldGen       total 203264K, used 68813K [0x00000006c1c00000, 0x00000006ce280000, 0x000000076b400000)
  object space 203264K, 33% used [0x00000006c1c00000,0x00000006c5f33738,0x00000006ce280000)
 Metaspace       used 58758K, capacity 62378K, committed 62552K, reserved 1103872K
  class space    used 6663K, capacity 7225K, committed 7296K, reserved 1048576K
GC Heap History (10 events):
Event: 5.003 GC heap before
{Heap before GC invocations=10 (full 1):
 PSYoungGen      total 537600K, used 5113K [0x000000076b400000, 0x00000007a0280000, 0x00000007c0000000)
  eden space 524288K, 0% used [0x000000076b400000,0x000000076b400000,0x000000078b400000)
  from space 13312K, 38% used [0x000000078b400000,0x000000078b8fe748,0x000000078c100000)
  to   space 13824K, 0% used [0x000000079f500000,0x000000079f500000,0x00000007a0280000)
 ParOldGen       total 175104K, used 9073K [0x00000006c1c00000, 0x00000006cc700000, 0x000000076b400000)
  object space 175104K, 5% used [0x00000006c1c00000,0x00000006c24dc778,0x00000006cc700000)
 Metaspace       used 20763K, capacity 21028K, committed 21248K, reserved 1069056K
  class space    used 2335K, capacity 2458K, committed 2560K, reserved 1048576K
Event: 5.053 GC heap after
Heap after GC invocations=10 (full 1):
 PSYoungGen      total 537600K, used 0K [0x000000076b400000, 0x00000007a0280000, 0x00000007c0000000)
  eden space 524288K, 0% used [0x000000076b400000,0x000000076b400000,0x000000078b400000)
  from space 13312K, 0% used [0x000000078b400000,0x000000078b400000,0x000000078c100000)
  to   space 13824K, 0% used [0x000000079f500000,0x000000079f500000,0x00000007a0280000)
 ParOldGen       total 89600K, used 10288K [0x00000006c1c00000, 0x00000006c7380000, 0x000000076b400000)
  object space 89600K, 11% used [0x00000006c1c00000,0x00000006c260c3d8,0x00000006c7380000)
 Metaspace       used 20763K, capacity 21028K, committed 21248K, reserved 1069056K
  class space    used 2335K, capacity 2458K, committed 2560K, reserved 1048576K
}
Event: 9.446 GC heap before
{Heap before GC invocations=11 (full 1):
 PSYoungGen      total 537600K, used 161755K [0x000000076b400000, 0x00000007a0280000, 0x00000007c0000000)
  eden space 524288K, 30% used [0x000000076b400000,0x00000007751f6f38,0x000000078b400000)
  from space 13312K, 0% used [0x000000078b400000,0x000000078b400000,0x000000078c100000)
  to   space 13824K, 0% used [0x000000079f500000,0x000000079f500000,0x00000007a0280000)
 ParOldGen       total 89600K, used 10288K [0x00000006c1c00000, 0x00000006c7380000, 0x000000076b400000)
  object space 89600K, 11% used [0x00000006c1c00000,0x00000006c260c3d8,0x00000006c7380000)
 Metaspace       used 34497K, capacity 35004K, committed 35416K, reserved 1081344K
  class space    used 4044K, capacity 4197K, committed 4224K, reserved 1048576K
Event: 9.469 GC heap after
Heap after GC invocations=11 (full 1):
 PSYoungGen      total 794112K, used 13207K [0x000000076b400000, 0x00000007a0200000, 0x00000007c0000000)
  eden space 780800K, 0% used [0x000000076b400000,0x000000076b400000,0x000000079ae80000)
  from space 13312K, 99% used [0x000000079f500000,0x00000007a01e5c40,0x00000007a0200000)
  to   space 14848K, 0% used [0x000000079e500000,0x000000079e500000,0x000000079f380000)
 ParOldGen       total 89600K, used 10296K [0x00000006c1c00000, 0x00000006c7380000, 0x000000076b400000)
  object space 89600K, 11% used [0x00000006c1c00000,0x00000006c260e3d8,0x00000006c7380000)
 Metaspace       used 34497K, capacity 35004K, committed 35416K, reserved 1081344K
  class space    used 4044K, capacity 4197K, committed 4224K, reserved 1048576K
}
Event: 9.469 GC heap before
{Heap before GC invocations=12 (full 2):
 PSYoungGen      total 794112K, used 13207K [0x000000076b400000, 0x00000007a0200000, 0x00000007c0000000)
  eden space 780800K, 0% used [0x000000076b400000,0x000000076b400000,0x000000079ae80000)
  from space 13312K, 99% used [0x000000079f500000,0x00000007a01e5c40,0x00000007a0200000)
  to   space 14848K, 0% used [0x000000079e500000,0x000000079e500000,0x000000079f380000)
 ParOldGen       total 89600K, used 10296K [0x00000006c1c00000, 0x00000006c7380000, 0x000000076b400000)
  object space 89600K, 11% used [0x00000006c1c00000,0x00000006c260e3d8,0x00000006c7380000)
 Metaspace       used 34497K, capacity 35004K, committed 35416K, reserved 1081344K
  class space    used 4044K, capacity 4197K, committed 4224K, reserved 1048576K
Event: 9.601 GC heap after
Heap after GC invocations=12 (full 2):
 PSYoungGen      total 794112K, used 0K [0x000000076b400000, 0x00000007a0200000, 0x00000007c0000000)
  eden space 780800K, 0% used [0x000000076b400000,0x000000076b400000,0x000000079ae80000)
  from space 13312K, 0% used [0x000000079f500000,0x000000079f500000,0x00000007a0200000)
  to   space 14848K, 0% used [0x000000079e500000,0x000000079e500000,0x000000079f380000)
 ParOldGen       total 125440K, used 22299K [0x00000006c1c00000, 0x00000006c9680000, 0x000000076b400000)
  object space 125440K, 17% used [0x00000006c1c00000,0x00000006c31c6dc0,0x00000006c9680000)
 Metaspace       used 34497K, capacity 35004K, committed 35416K, reserved 1081344K
  class space    used 4044K, capacity 4197K, committed 4224K, reserved 1048576K
}
Event: 86.096 GC heap before
{Heap before GC invocations=13 (full 2):
 PSYoungGen      total 794112K, used 451968K [0x000000076b400000, 0x00000007a0200000, 0x00000007c0000000)
  eden space 780800K, 57% used [0x000000076b400000,0x0000000786d60128,0x000000079ae80000)
  from space 13312K, 0% used [0x000000079f500000,0x000000079f500000,0x00000007a0200000)
  to   space 14848K, 0% used [0x000000079e500000,0x000000079e500000,0x000000079f380000)
 ParOldGen       total 125440K, used 22299K [0x00000006c1c00000, 0x00000006c9680000, 0x000000076b400000)
  object space 125440K, 17% used [0x00000006c1c00000,0x00000006c31c6dc0,0x00000006c9680000)
 Metaspace       used 55394K, capacity 58872K, committed 58968K, reserved 1101824K
  class space    used 6456K, capacity 7010K, committed 7040K, reserved 1048576K
Event: 86.124 GC heap after
Heap after GC invocations=13 (full 2):
 PSYoungGen      total 851456K, used 14831K [0x000000076b400000, 0x00000007b0880000, 0x00000007c0000000)
  eden space 836608K, 0% used [0x000000076b400000,0x000000076b400000,0x000000079e500000)
  from space 14848K, 99% used [0x000000079e500000,0x000000079f37bf90,0x000000079f380000)
  to   space 30208K, 0% used [0x00000007aeb00000,0x00000007aeb00000,0x00000007b0880000)
 ParOldGen       total 125440K, used 59014K [0x00000006c1c00000, 0x00000006c9680000, 0x000000076b400000)
  object space 125440K, 47% used [0x00000006c1c00000,0x00000006c55a19f0,0x00000006c9680000)
 Metaspace       used 55394K, capacity 58872K, committed 58968K, reserved 1101824K
  class space    used 6456K, capacity 7010K, committed 7040K, reserved 1048576K
}
Event: 86.124 GC heap before
{Heap before GC invocations=14 (full 3):
 PSYoungGen      total 851456K, used 14831K [0x000000076b400000, 0x00000007b0880000, 0x00000007c0000000)
  eden space 836608K, 0% used [0x000000076b400000,0x000000076b400000,0x000000079e500000)
  from space 14848K, 99% used [0x000000079e500000,0x000000079f37bf90,0x000000079f380000)
  to   space 30208K, 0% used [0x00000007aeb00000,0x00000007aeb00000,0x00000007b0880000)
 ParOldGen       total 125440K, used 59014K [0x00000006c1c00000, 0x00000006c9680000, 0x000000076b400000)
  object space 125440K, 47% used [0x00000006c1c00000,0x00000006c55a19f0,0x00000006c9680000)
 Metaspace       used 55394K, capacity 58872K, committed 58968K, reserved 1101824K
  class space    used 6456K, capacity 7010K, committed 7040K, reserved 1048576K
Event: 86.405 GC heap after
Heap after GC invocations=14 (full 3):
 PSYoungGen      total 851456K, used 0K [0x000000076b400000, 0x00000007b0880000, 0x00000007c0000000)
  eden space 836608K, 0% used [0x000000076b400000,0x000000076b400000,0x000000079e500000)
  from space 14848K, 0% used [0x000000079e500000,0x000000079e500000,0x000000079f380000)
  to   space 30208K, 0% used [0x00000007aeb00000,0x00000007aeb00000,0x00000007b0880000)
 ParOldGen       total 203264K, used 68813K [0x00000006c1c00000, 0x00000006ce280000, 0x000000076b400000)
  object space 203264K, 33% used [0x00000006c1c00000,0x00000006c5f33738,0x00000006ce280000)
 Metaspace       used 55394K, capacity 58872K, committed 58968K, reserved 1101824K
  class space    used 6456K, capacity 7010K, committed 7040K, reserved 1048576K
}

