# JRE version: Java(TM) SE Runtime Environment (8.0_201-b09) (build 1.8.0_201-b09)
# Java VM: Java HotSpot(TM) 64-Bit Server VM (25.201-b09 mixed mode windows-amd64 compressed oops)
Heap:
 PSYoungGen      total 851968K, used 125780K [0x000000076b400000, 0x00000007b0280000, 0x00000007c0000000)
  eden space 836608K, 15% used [0x000000076b400000,0x0000000772ed53b0,0x000000079e500000)
  from space 15360K, 0% used [0x000000079e500000,0x000000079e500000,0x000000079f400000)
  to   space 29696K, 0% used [0x00000007ae580000,0x00000007ae580000,0x00000007b0280000)
 ParOldGen       total 203264K, used 65437K [0x00000006c1c00000, 0x00000006ce280000, 0x000000076b400000)
  object space 203264K, 32% used [0x00000006c1c00000,0x00000006c5be7460,0x00000006ce280000)
 Metaspace       used 55941K, capacity 59506K, committed 59608K, reserved 1101824K
  class space    used 6509K, capacity 7029K, committed 7040K, reserved 1048576K
GC Heap History (10 events):
Event: 5.915 GC heap before
{Heap before GC invocations=10 (full 1):
 PSYoungGen      total 538112K, used 5502K [0x000000076b400000, 0x00000007a0380000, 0x00000007c0000000)
  eden space 524288K, 0% used [0x000000076b400000,0x000000076b400000,0x000000078b400000)
  from space 13824K, 39% used [0x000000078b400000,0x000000078b95f980,0x000000078c180000)
  to   space 14336K, 0% used [0x000000079f580000,0x000000079f580000,0x00000007a0380000)
 ParOldGen       total 175104K, used 8911K [0x00000006c1c00000, 0x00000006cc700000, 0x000000076b400000)
  object space 175104K, 5% used [0x00000006c1c00000,0x00000006c24b3e80,0x00000006cc700000)
 Metaspace       used 20911K, capacity 21124K, committed 21296K, reserved 1069056K
  class space    used 2342K, capacity 2426K, committed 2432K, reserved 1048576K
Event: 5.997 GC heap after
Heap after GC invocations=10 (full 1):
 PSYoungGen      total 538112K, used 0K [0x000000076b400000, 0x00000007a0380000, 0x00000007c0000000)
  eden space 524288K, 0% used [0x000000076b400000,0x000000076b400000,0x000000078b400000)
  from space 13824K, 0% used [0x000000078b400000,0x000000078b400000,0x000000078c180000)
  to   space 14336K, 0% used [0x000000079f580000,0x000000079f580000,0x00000007a0380000)
 ParOldGen       total 94208K, used 10357K [0x00000006c1c00000, 0x00000006c7800000, 0x000000076b400000)
  object space 94208K, 10% used [0x00000006c1c00000,0x00000006c261d6f0,0x00000006c7800000)
 Metaspace       used 20911K, capacity 21124K, committed 21296K, reserved 1069056K
  class space    used 2342K, capacity 2426K, committed 2432K, reserved 1048576K
}
Event: 15.410 GC heap before
{Heap before GC invocations=11 (full 1):
 PSYoungGen      total 538112K, used 171349K [0x000000076b400000, 0x00000007a0380000, 0x00000007c0000000)
  eden space 524288K, 32% used [0x000000076b400000,0x0000000775b55618,0x000000078b400000)
  from space 13824K, 0% used [0x000000078b400000,0x000000078b400000,0x000000078c180000)
  to   space 14336K, 0% used [0x000000079f580000,0x000000079f580000,0x00000007a0380000)
 ParOldGen       total 94208K, used 10357K [0x00000006c1c00000, 0x00000006c7800000, 0x000000076b400000)
  object space 94208K, 10% used [0x00000006c1c00000,0x00000006c261d6f0,0x00000006c7800000)
 Metaspace       used 34725K, capacity 35208K, committed 35456K, reserved 1081344K
  class space    used 4045K, capacity 4195K, committed 4224K, reserved 1048576K
Event: 15.442 GC heap after
Heap after GC invocations=11 (full 1):
 PSYoungGen      total 771584K, used 13631K [0x000000076b400000, 0x00000007a0300000, 0x00000007c0000000)
  eden space 757760K, 0% used [0x000000076b400000,0x000000076b400000,0x0000000799800000)
  from space 13824K, 98% used [0x000000079f580000,0x00000007a02cff30,0x00000007a0300000)
  to   space 15360K, 0% used [0x000000079e500000,0x000000079e500000,0x000000079f400000)
 ParOldGen       total 94208K, used 10365K [0x00000006c1c00000, 0x00000006c7800000, 0x000000076b400000)
  object space 94208K, 11% used [0x00000006c1c00000,0x00000006c261f6f0,0x00000006c7800000)
 Metaspace       used 34725K, capacity 35208K, committed 35456K, reserved 1081344K
  class space    used 4045K, capacity 4195K, committed 4224K, reserved 1048576K
}
Event: 15.442 GC heap before
{Heap before GC invocations=12 (full 2):
 PSYoungGen      total 771584K, used 13631K [0x000000076b400000, 0x00000007a0300000, 0x00000007c0000000)
  eden space 757760K, 0% used [0x000000076b400000,0x000000076b400000,0x0000000799800000)
  from space 13824K, 98% used [0x000000079f580000,0x00000007a02cff30,0x00000007a0300000)
  to   space 15360K, 0% used [0x000000079e500000,0x000000079e500000,0x000000079f400000)
 ParOldGen       total 94208K, used 10365K [0x00000006c1c00000, 0x00000006c7800000, 0x000000076b400000)
  object space 94208K, 11% used [0x00000006c1c00000,0x00000006c261f6f0,0x00000006c7800000)
 Metaspace       used 34725K, capacity 35208K, committed 35456K, reserved 1081344K
  class space    used 4045K, capacity 4195K, committed 4224K, reserved 1048576K
Event: 15.571 GC heap after
Heap after GC invocations=12 (full 2):
 PSYoungGen      total 771584K, used 0K [0x000000076b400000, 0x00000007a0300000, 0x00000007c0000000)
  eden space 757760K, 0% used [0x000000076b400000,0x000000076b400000,0x0000000799800000)
  from space 13824K, 0% used [0x000000079f580000,0x000000079f580000,0x00000007a0300000)
  to   space 15360K, 0% used [0x000000079e500000,0x000000079e500000,0x000000079f400000)
 ParOldGen       total 127488K, used 22812K [0x00000006c1c00000, 0x00000006c9880000, 0x000000076b400000)
  object space 127488K, 17% used [0x00000006c1c00000,0x00000006c3247340,0x00000006c9880000)
 Metaspace       used 34725K, capacity 35208K, committed 35456K, reserved 1081344K
  class space    used 4045K, capacity 4195K, committed 4224K, reserved 1048576K
}
Event: 33.296 GC heap before
{Heap before GC invocations=13 (full 2):
 PSYoungGen      total 771584K, used 438710K [0x000000076b400000, 0x00000007a0300000, 0x00000007c0000000)
  eden space 757760K, 57% used [0x000000076b400000,0x000000078606d9c0,0x0000000799800000)
  from space 13824K, 0% used [0x000000079f580000,0x000000079f580000,0x00000007a0300000)
  to   space 15360K, 0% used [0x000000079e500000,0x000000079e500000,0x000000079f400000)
 ParOldGen       total 127488K, used 22812K [0x00000006c1c00000, 0x00000006c9880000, 0x000000076b400000)
  object space 127488K, 17% used [0x00000006c1c00000,0x00000006c3247340,0x00000006c9880000)
 Metaspace       used 55502K, capacity 59044K, committed 59096K, reserved 1101824K
  class space    used 6496K, capacity 7028K, committed 7040K, reserved 1048576K
Event: 33.328 GC heap after
Heap after GC invocations=13 (full 2):
 PSYoungGen      total 851968K, used 15349K [0x000000076b400000, 0x00000007b0280000, 0x00000007c0000000)
  eden space 836608K, 0% used [0x000000076b400000,0x000000076b400000,0x000000079e500000)
  from space 15360K, 99% used [0x000000079e500000,0x000000079f3fd768,0x000000079f400000)
  to   space 29696K, 0% used [0x00000007ae580000,0x00000007ae580000,0x00000007b0280000)
 ParOldGen       total 127488K, used 57845K [0x00000006c1c00000, 0x00000006c9880000, 0x000000076b400000)
  object space 127488K, 45% used [0x00000006c1c00000,0x00000006c547d490,0x00000006c9880000)
 Metaspace       used 55502K, capacity 59044K, committed 59096K, reserved 1101824K
  class space    used 6496K, capacity 7028K, committed 7040K, reserved 1048576K
}
Event: 33.328 GC heap before
{Heap before GC invocations=14 (full 3):
 PSYoungGen      total 851968K, used 15349K [0x000000076b400000, 0x00000007b0280000, 0x00000007c0000000)
  eden space 836608K, 0% used [0x000000076b400000,0x000000076b400000,0x000000079e500000)
  from space 15360K, 99% used [0x000000079e500000,0x000000079f3fd768,0x000000079f400000)
  to   space 29696K, 0% used [0x00000007ae580000,0x00000007ae580000,0x00000007b0280000)
 ParOldGen       total 127488K, used 57845K [0x00000006c1c00000, 0x00000006c9880000, 0x000000076b400000)
  object space 127488K, 45% used [0x00000006c1c00000,0x00000006c547d490,0x00000006c9880000)
 Metaspace       used 55502K, capacity 59044K, committed 59096K, reserved 1101824K
  class space    used 6496K, capacity 7028K, committed 7040K, reserved 1048576K
Event: 33.652 GC heap after
Heap after GC invocations=14 (full 3):
 PSYoungGen      total 851968K, used 0K [0x000000076b400000, 0x00000007b0280000, 0x00000007c0000000)
  eden space 836608K, 0% used [0x000000076b400000,0x000000076b400000,0x000000079e500000)
  from space 15360K, 0% used [0x000000079e500000,0x000000079e500000,0x000000079f400000)
  to   space 29696K, 0% used [0x00000007ae580000,0x00000007ae580000,0x00000007b0280000)
 ParOldGen       total 203264K, used 65437K [0x00000006c1c00000, 0x00000006ce280000, 0x000000076b400000)
  object space 203264K, 32% used [0x00000006c1c00000,0x00000006c5be7460,0x00000006ce280000)
 Metaspace       used 55502K, capacity 59044K, committed 59096K, reserved 1101824K
  class space    used 6496K, capacity 7028K, committed 7040K, reserved 1048576K
}

