# JRE version: Java(TM) SE Runtime Environment (8.0_201-b09) (build 1.8.0_201-b09)
# Java VM: Java HotSpot(TM) 64-Bit Server VM (25.201-b09 mixed mode windows-amd64 compressed oops)
Heap:
 PSYoungGen      total 851456K, used 462915K [0x000000076b400000, 0x00000007b5300000, 0x00000007c0000000)
  eden space 836096K, 55% used [0x000000076b400000,0x0000000787810ec8,0x000000079e480000)
  from space 15360K, 0% used [0x000000079e480000,0x000000079e480000,0x000000079f380000)
  to   space 87040K, 0% used [0x00000007afe00000,0x00000007afe00000,0x00000007b5300000)
 ParOldGen       total 305664K, used 103665K [0x00000006c1c00000, 0x00000006d4680000, 0x000000076b400000)
  object space 305664K, 33% used [0x00000006c1c00000,0x00000006c813c440,0x00000006d4680000)
 Metaspace       used 59079K, capacity 62748K, committed 62848K, reserved 1105920K
  class space    used 6691K, capacity 7260K, committed 7296K, reserved 1048576K
GC Heap History (10 events):
Event: 4.101 GC heap before
{Heap before GC invocations=10 (full 1):
 PSYoungGen      total 538112K, used 5101K [0x000000076b400000, 0x00000007a0380000, 0x00000007c0000000)
  eden space 524288K, 0% used [0x000000076b400000,0x000000076b400000,0x000000078b400000)
  from space 13824K, 36% used [0x000000078b400000,0x000000078b8fb440,0x000000078c180000)
  to   space 14336K, 0% used [0x000000079f580000,0x000000079f580000,0x00000007a0380000)
 ParOldGen       total 175104K, used 8931K [0x00000006c1c00000, 0x00000006cc700000, 0x000000076b400000)
  object space 175104K, 5% used [0x00000006c1c00000,0x00000006c24b8da0,0x00000006cc700000)
 Metaspace       used 20773K, capacity 21036K, committed 21248K, reserved 1069056K
  class space    used 2335K, capacity 2458K, committed 2560K, reserved 1048576K
Event: 4.147 GC heap after
Heap after GC invocations=10 (full 1):
 PSYoungGen      total 538112K, used 0K [0x000000076b400000, 0x00000007a0380000, 0x00000007c0000000)
  eden space 524288K, 0% used [0x000000076b400000,0x000000076b400000,0x000000078b400000)
  from space 13824K, 0% used [0x000000078b400000,0x000000078b400000,0x000000078c180000)
  to   space 14336K, 0% used [0x000000079f580000,0x000000079f580000,0x00000007a0380000)
 ParOldGen       total 92160K, used 10297K [0x00000006c1c00000, 0x00000006c7600000, 0x000000076b400000)
  object space 92160K, 11% used [0x00000006c1c00000,0x00000006c260e7a0,0x00000006c7600000)
 Metaspace       used 20773K, capacity 21036K, committed 21248K, reserved 1069056K
  class space    used 2335K, capacity 2458K, committed 2560K, reserved 1048576K
}
Event: 6.350 GC heap before
{Heap before GC invocations=11 (full 1):
 PSYoungGen      total 538112K, used 162179K [0x000000076b400000, 0x00000007a0380000, 0x00000007c0000000)
  eden space 524288K, 30% used [0x000000076b400000,0x0000000775260e78,0x000000078b400000)
  from space 13824K, 0% used [0x000000078b400000,0x000000078b400000,0x000000078c180000)
  to   space 14336K, 0% used [0x000000079f580000,0x000000079f580000,0x00000007a0380000)
 ParOldGen       total 92160K, used 10297K [0x00000006c1c00000, 0x00000006c7600000, 0x000000076b400000)
  object space 92160K, 11% used [0x00000006c1c00000,0x00000006c260e7a0,0x00000006c7600000)
 Metaspace       used 34510K, capacity 35012K, committed 35416K, reserved 1081344K
  class space    used 4043K, capacity 4197K, committed 4224K, reserved 1048576K
Event: 6.360 GC heap after
Heap after GC invocations=11 (full 1):
 PSYoungGen      total 778752K, used 13225K [0x000000076b400000, 0x00000007a0280000, 0x00000007c0000000)
  eden space 765440K, 0% used [0x000000076b400000,0x000000076b400000,0x0000000799f80000)
  from space 13312K, 99% used [0x000000079f580000,0x00000007a026a580,0x00000007a0280000)
  to   space 15360K, 0% used [0x000000079e480000,0x000000079e480000,0x000000079f380000)
 ParOldGen       total 92160K, used 10313K [0x00000006c1c00000, 0x00000006c7600000, 0x000000076b400000)
  object space 92160K, 11% used [0x00000006c1c00000,0x00000006c26127a0,0x00000006c7600000)
 Metaspace       used 34510K, capacity 35012K, committed 35416K, reserved 1081344K
  class space    used 4043K, capacity 4197K, committed 4224K, reserved 1048576K
}
Event: 6.360 GC heap before
{Heap before GC invocations=12 (full 2):
 PSYoungGen      total 778752K, used 13225K [0x000000076b400000, 0x00000007a0280000, 0x00000007c0000000)
  eden space 765440K, 0% used [0x000000076b400000,0x000000076b400000,0x0000000799f80000)
  from space 13312K, 99% used [0x000000079f580000,0x00000007a026a580,0x00000007a0280000)
  to   space 15360K, 0% used [0x000000079e480000,0x000000079e480000,0x000000079f380000)
 ParOldGen       total 92160K, used 10313K [0x00000006c1c00000, 0x00000006c7600000, 0x000000076b400000)
  object space 92160K, 11% used [0x00000006c1c00000,0x00000006c26127a0,0x00000006c7600000)
 Metaspace       used 34510K, capacity 35012K, committed 35416K, reserved 1081344K
  class space    used 4043K, capacity 4197K, committed 4224K, reserved 1048576K
Event: 6.421 GC heap after
Heap after GC invocations=12 (full 2):
 PSYoungGen      total 778752K, used 0K [0x000000076b400000, 0x00000007a0280000, 0x00000007c0000000)
  eden space 765440K, 0% used [0x000000076b400000,0x000000076b400000,0x0000000799f80000)
  from space 13312K, 0% used [0x000000079f580000,0x000000079f580000,0x00000007a0280000)
  to   space 15360K, 0% used [0x000000079e480000,0x000000079e480000,0x000000079f380000)
 ParOldGen       total 131584K, used 22302K [0x00000006c1c00000, 0x00000006c9c80000, 0x000000076b400000)
  object space 131584K, 16% used [0x00000006c1c00000,0x00000006c31c7b20,0x00000006c9c80000)
 Metaspace       used 34510K, capacity 35012K, committed 35416K, reserved 1081344K
  class space    used 4043K, capacity 4197K, committed 4224K, reserved 1048576K
}
Event: 27.440 GC heap before
{Heap before GC invocations=13 (full 2):
 PSYoungGen      total 778752K, used 596377K [0x000000076b400000, 0x00000007a0280000, 0x00000007c0000000)
  eden space 765440K, 77% used [0x000000076b400000,0x000000078fa66418,0x0000000799f80000)
  from space 13312K, 0% used [0x000000079f580000,0x000000079f580000,0x00000007a0280000)
  to   space 15360K, 0% used [0x000000079e480000,0x000000079e480000,0x000000079f380000)
 ParOldGen       total 131584K, used 22302K [0x00000006c1c00000, 0x00000006c9c80000, 0x000000076b400000)
  object space 131584K, 16% used [0x00000006c1c00000,0x00000006c31c7b20,0x00000006c9c80000)
 Metaspace       used 55410K, capacity 58922K, committed 59008K, reserved 1101824K
  class space    used 6466K, capacity 7009K, committed 7040K, reserved 1048576K
Event: 27.492 GC heap after
Heap after GC invocations=13 (full 2):
 PSYoungGen      total 851456K, used 15341K [0x000000076b400000, 0x00000007b5300000, 0x00000007c0000000)
  eden space 836096K, 0% used [0x000000076b400000,0x000000076b400000,0x000000079e480000)
  from space 15360K, 99% used [0x000000079e480000,0x000000079f37b568,0x000000079f380000)
  to   space 87040K, 0% used [0x00000007afe00000,0x00000007afe00000,0x00000007b5300000)
 ParOldGen       total 218112K, used 211218K [0x00000006c1c00000, 0x00000006cf100000, 0x000000076b400000)
  object space 218112K, 96% used [0x00000006c1c00000,0x00000006cea44a30,0x00000006cf100000)
 Metaspace       used 55410K, capacity 58922K, committed 59008K, reserved 1101824K
  class space    used 6466K, capacity 7009K, committed 7040K, reserved 1048576K
}
Event: 27.492 GC heap before
{Heap before GC invocations=14 (full 3):
 PSYoungGen      total 851456K, used 15341K [0x000000076b400000, 0x00000007b5300000, 0x00000007c0000000)
  eden space 836096K, 0% used [0x000000076b400000,0x000000076b400000,0x000000079e480000)
  from space 15360K, 99% used [0x000000079e480000,0x000000079f37b568,0x000000079f380000)
  to   space 87040K, 0% used [0x00000007afe00000,0x00000007afe00000,0x00000007b5300000)
 ParOldGen       total 218112K, used 211218K [0x00000006c1c00000, 0x00000006cf100000, 0x000000076b400000)
  object space 218112K, 96% used [0x00000006c1c00000,0x00000006cea44a30,0x00000006cf100000)
 Metaspace       used 55410K, capacity 58922K, committed 59008K, reserved 1101824K
  class space    used 6466K, capacity 7009K, committed 7040K, reserved 1048576K
Event: 27.706 GC heap after
Heap after GC invocations=14 (full 3):
 PSYoungGen      total 851456K, used 0K [0x000000076b400000, 0x00000007b5300000, 0x00000007c0000000)
  eden space 836096K, 0% used [0x000000076b400000,0x000000076b400000,0x000000079e480000)
  from space 15360K, 0% used [0x000000079e480000,0x000000079e480000,0x000000079f380000)
  to   space 87040K, 0% used [0x00000007afe00000,0x00000007afe00000,0x00000007b5300000)
 ParOldGen       total 305664K, used 103665K [0x00000006c1c00000, 0x00000006d4680000, 0x000000076b400000)
  object space 305664K, 33% used [0x00000006c1c00000,0x00000006c813c440,0x00000006d4680000)
 Metaspace       used 55410K, capacity 58922K, committed 59008K, reserved 1101824K
  class space    used 6466K, capacity 7009K, committed 7040K, reserved 1048576K
}

