# JRE version: Java(TM) SE Runtime Environment (8.0_201-b09) (build 1.8.0_201-b09)
# Java VM: Java HotSpot(TM) 64-Bit Server VM (25.201-b09 mixed mode windows-amd64 compressed oops)
Heap:
 PSYoungGen      total 1094144K, used 157658K [0x000000076b400000, 0x00000007c0000000, 0x00000007c0000000)
  eden space 1003008K, 9% used [0x000000076b400000,0x0000000770e6bc30,0x00000007a8780000)
  from space 91136K, 71% used [0x00000007a8780000,0x00000007ac70ac58,0x00000007ae080000)
  to   space 97792K, 0% used [0x00000007ba080000,0x00000007ba080000,0x00000007c0000000)
 ParOldGen       total 298496K, used 166741K [0x00000006c1c00000, 0x00000006d3f80000, 0x000000076b400000)
  object space 298496K, 55% used [0x00000006c1c00000,0x00000006cbed5480,0x00000006d3f80000)
 Metaspace       used 61422K, capacity 65232K, committed 65408K, reserved 1107968K
  class space    used 6839K, capacity 7428K, committed 7552K, reserved 1048576K
GC Heap History (10 events):
Event: 7.927 GC heap before
{Heap before GC invocations=12 (full 2):
 PSYoungGen      total 791552K, used 13800K [0x000000076b400000, 0x00000007a0280000, 0x00000007c0000000)
  eden space 777728K, 0% used [0x000000076b400000,0x000000076b400000,0x000000079ab80000)
  from space 13824K, 99% used [0x000000079f500000,0x00000007a027a0f8,0x00000007a0280000)
  to   space 15360K, 0% used [0x000000079e480000,0x000000079e480000,0x000000079f380000)
 ParOldGen       total 90624K, used 10233K [0x00000006c1c00000, 0x00000006c7480000, 0x000000076b400000)
  object space 90624K, 11% used [0x00000006c1c00000,0x00000006c25fe6a8,0x00000006c7480000)
 Metaspace       used 34680K, capacity 35208K, committed 35456K, reserved 1081344K
  class space    used 4045K, capacity 4195K, committed 4224K, reserved 1048576K
Event: 8.054 GC heap after
Heap after GC invocations=12 (full 2):
 PSYoungGen      total 791552K, used 0K [0x000000076b400000, 0x00000007a0280000, 0x00000007c0000000)
  eden space 777728K, 0% used [0x000000076b400000,0x000000076b400000,0x000000079ab80000)
  from space 13824K, 0% used [0x000000079f500000,0x000000079f500000,0x00000007a0280000)
  to   space 15360K, 0% used [0x000000079e480000,0x000000079e480000,0x000000079f380000)
 ParOldGen       total 134656K, used 22865K [0x00000006c1c00000, 0x00000006c9f80000, 0x000000076b400000)
  object space 134656K, 16% used [0x00000006c1c00000,0x00000006c3254420,0x00000006c9f80000)
 Metaspace       used 34680K, capacity 35208K, committed 35456K, reserved 1081344K
  class space    used 4045K, capacity 4195K, committed 4224K, reserved 1048576K
}
Event: 23.405 GC heap before
{Heap before GC invocations=13 (full 2):
 PSYoungGen      total 791552K, used 549271K [0x000000076b400000, 0x00000007a0280000, 0x00000007c0000000)
  eden space 777728K, 70% used [0x000000076b400000,0x000000078cc65e48,0x000000079ab80000)
  from space 13824K, 0% used [0x000000079f500000,0x000000079f500000,0x00000007a0280000)
  to   space 15360K, 0% used [0x000000079e480000,0x000000079e480000,0x000000079f380000)
 ParOldGen       total 134656K, used 22865K [0x00000006c1c00000, 0x00000006c9f80000, 0x000000076b400000)
  object space 134656K, 16% used [0x00000006c1c00000,0x00000006c3254420,0x00000006c9f80000)
 Metaspace       used 55467K, capacity 59018K, committed 59096K, reserved 1101824K
  class space    used 6483K, capacity 6997K, committed 7040K, reserved 1048576K
Event: 23.492 GC heap after
Heap after GC invocations=13 (full 2):
 PSYoungGen      total 851456K, used 15354K [0x000000076b400000, 0x00000007b2300000, 0x00000007c0000000)
  eden space 836096K, 0% used [0x000000076b400000,0x000000076b400000,0x000000079e480000)
  from space 15360K, 99% used [0x000000079e480000,0x000000079f37e978,0x000000079f380000)
  to   space 68096K, 0% used [0x00000007ae080000,0x00000007ae080000,0x00000007b2300000)
 ParOldGen       total 165888K, used 160270K [0x00000006c1c00000, 0x00000006cbe00000, 0x000000076b400000)
  object space 165888K, 96% used [0x00000006c1c00000,0x00000006cb8839c8,0x00000006cbe00000)
 Metaspace       used 55467K, capacity 59018K, committed 59096K, reserved 1101824K
  class space    used 6483K, capacity 6997K, committed 7040K, reserved 1048576K
}
Event: 23.492 GC heap before
{Heap before GC invocations=14 (full 3):
 PSYoungGen      total 851456K, used 15354K [0x000000076b400000, 0x00000007b2300000, 0x00000007c0000000)
  eden space 836096K, 0% used [0x000000076b400000,0x000000076b400000,0x000000079e480000)
  from space 15360K, 99% used [0x000000079e480000,0x000000079f37e978,0x000000079f380000)
  to   space 68096K, 0% used [0x00000007ae080000,0x00000007ae080000,0x00000007b2300000)
 ParOldGen       total 165888K, used 160270K [0x00000006c1c00000, 0x00000006cbe00000, 0x000000076b400000)
  object space 165888K, 96% used [0x00000006c1c00000,0x00000006cb8839c8,0x00000006cbe00000)
 Metaspace       used 55467K, capacity 59018K, committed 59096K, reserved 1101824K
  class space    used 6483K, capacity 6997K, committed 7040K, reserved 1048576K
Event: 23.847 GC heap after
Heap after GC invocations=14 (full 3):
 PSYoungGen      total 851456K, used 0K [0x000000076b400000, 0x00000007b2300000, 0x00000007c0000000)
  eden space 836096K, 0% used [0x000000076b400000,0x000000076b400000,0x000000079e480000)
  from space 15360K, 0% used [0x000000079e480000,0x000000079e480000,0x000000079f380000)
  to   space 68096K, 0% used [0x00000007ae080000,0x00000007ae080000,0x00000007b2300000)
 ParOldGen       total 298496K, used 106464K [0x00000006c1c00000, 0x00000006d3f80000, 0x000000076b400000)
  object space 298496K, 35% used [0x00000006c1c00000,0x00000006c83f80b0,0x00000006d3f80000)
 Metaspace       used 55467K, capacity 59018K, committed 59096K, reserved 1101824K
  class space    used 6483K, capacity 6997K, committed 7040K, reserved 1048576K
}
Event: 220.668 GC heap before
{Heap before GC invocations=15 (full 3):
 PSYoungGen      total 851456K, used 836096K [0x000000076b400000, 0x00000007b2300000, 0x00000007c0000000)
  eden space 836096K, 100% used [0x000000076b400000,0x000000079e480000,0x000000079e480000)
  from space 15360K, 0% used [0x000000079e480000,0x000000079e480000,0x000000079f380000)
  to   space 68096K, 0% used [0x00000007ae080000,0x00000007ae080000,0x00000007b2300000)
 ParOldGen       total 298496K, used 106464K [0x00000006c1c00000, 0x00000006d3f80000, 0x000000076b400000)
  object space 298496K, 35% used [0x00000006c1c00000,0x00000006c83f80b0,0x00000006d3f80000)
 Metaspace       used 60695K, capacity 64560K, committed 64768K, reserved 1105920K
  class space    used 6773K, capacity 7384K, committed 7424K, reserved 1048576K
Event: 220.739 GC heap after
Heap after GC invocations=15 (full 3):
 PSYoungGen      total 1071104K, used 68083K [0x000000076b400000, 0x00000007b8380000, 0x00000007c0000000)
  eden space 1003008K, 0% used [0x000000076b400000,0x000000076b400000,0x00000007a8780000)
  from space 68096K, 99% used [0x00000007ae080000,0x00000007b22fcd10,0x00000007b2300000)
  to   space 91136K, 0% used [0x00000007a8780000,0x00000007a8780000,0x00000007ae080000)
 ParOldGen       total 298496K, used 136487K [0x00000006c1c00000, 0x00000006d3f80000, 0x000000076b400000)
  object space 298496K, 45% used [0x00000006c1c00000,0x00000006ca149c70,0x00000006d3f80000)
 Metaspace       used 60695K, capacity 64560K, committed 64768K, reserved 1105920K
  class space    used 6773K, capacity 7384K, committed 7424K, reserved 1048576K
}
Event: 471.575 GC heap before
{Heap before GC invocations=16 (full 3):
 PSYoungGen      total 1071104K, used 1070627K [0x000000076b400000, 0x00000007b8380000, 0x00000007c0000000)
  eden space 1003008K, 99% used [0x000000076b400000,0x00000007a870c010,0x00000007a8780000)
  from space 68096K, 99% used [0x00000007ae080000,0x00000007b22fcd10,0x00000007b2300000)
  to   space 91136K, 0% used [0x00000007a8780000,0x00000007a8780000,0x00000007ae080000)
 ParOldGen       total 298496K, used 136487K [0x00000006c1c00000, 0x00000006d3f80000, 0x000000076b400000)
  object space 298496K, 45% used [0x00000006c1c00000,0x00000006ca149c70,0x00000006d3f80000)
 Metaspace       used 61106K, capacity 64930K, committed 65024K, reserved 1107968K
  class space    used 6781K, capacity 7391K, committed 7424K, reserved 1048576K
Event: 471.623 GC heap after
Heap after GC invocations=16 (full 3):
 PSYoungGen      total 1094144K, used 65067K [0x000000076b400000, 0x00000007c0000000, 0x00000007c0000000)
  eden space 1003008K, 0% used [0x000000076b400000,0x000000076b400000,0x00000007a8780000)
  from space 91136K, 71% used [0x00000007a8780000,0x00000007ac70ac58,0x00000007ae080000)
  to   space 97792K, 0% used [0x00000007ba080000,0x00000007ba080000,0x00000007c0000000)
 ParOldGen       total 298496K, used 166741K [0x00000006c1c00000, 0x00000006d3f80000, 0x000000076b400000)
  object space 298496K, 55% used [0x00000006c1c00000,0x00000006cbed5480,0x00000006d3f80000)
 Metaspace       used 61106K, capacity 64930K, committed 65024K, reserved 1107968K
  class space    used 6781K, capacity 7391K, committed 7424K, reserved 1048576K
}

