# JRE version: Java(TM) SE Runtime Environment 18.9 (11.0.9+7) (build 11.0.9+7-LTS)
# Java VM: Java HotSpot(TM) 64-Bit Server VM 18.9 (11.0.9+7-LTS, mixed mode, tiered, compressed oops, g1 gc, windows-amd64)
Heap:
 garbage-first heap   total 310272K, used 193743K [0x0000000704000000, 0x0000000800000000)
  region size 1024K, 58 young (59392K), 2 survivors (2048K)
 Metaspace       used 83584K, capacity 86001K, committed 86192K, reserved 1126400K
  class space    used 8660K, capacity 9664K, committed 9728K, reserved 1048576K
GC Heap History (10 events):
Event: 3399.513 GC heap before
{Heap before GC invocations=293 (full 0):
 garbage-first heap   total 310272K, used 275059K [0x0000000704000000, 0x0000000800000000)
  region size 1024K, 136 young (139264K), 1 survivors (1024K)
 Metaspace       used 83407K, capacity 85873K, committed 86192K, reserved 1126400K
  class space    used 8638K, capacity 9646K, committed 9728K, reserved 1048576K
}
Event: 3399.515 GC heap after
{Heap after GC invocations=294 (full 0):
 garbage-first heap   total 310272K, used 136799K [0x0000000704000000, 0x0000000800000000)
  region size 1024K, 1 young (1024K), 1 survivors (1024K)
 Metaspace       used 83407K, capacity 85873K, committed 86192K, reserved 1126400K
  class space    used 8638K, capacity 9646K, committed 9728K, reserved 1048576K
}
Event: 3413.446 GC heap before
{Heap before GC invocations=294 (full 0):
 garbage-first heap   total 310272K, used 275039K [0x0000000704000000, 0x0000000800000000)
  region size 1024K, 136 young (139264K), 1 survivors (1024K)
 Metaspace       used 83408K, capacity 85873K, committed 86192K, reserved 1126400K
  class space    used 8638K, capacity 9646K, committed 9728K, reserved 1048576K
}
Event: 3413.448 GC heap after
{Heap after GC invocations=295 (full 0):
 garbage-first heap   total 310272K, used 136914K [0x0000000704000000, 0x0000000800000000)
  region size 1024K, 1 young (1024K), 1 survivors (1024K)
 Metaspace       used 83408K, capacity 85873K, committed 86192K, reserved 1126400K
  class space    used 8638K, capacity 9646K, committed 9728K, reserved 1048576K
}
Event: 3426.429 GC heap before
{Heap before GC invocations=295 (full 0):
 garbage-first heap   total 310272K, used 275154K [0x0000000704000000, 0x0000000800000000)
  region size 1024K, 136 young (139264K), 1 survivors (1024K)
 Metaspace       used 83430K, capacity 85873K, committed 86192K, reserved 1126400K
  class space    used 8638K, capacity 9646K, committed 9728K, reserved 1048576K
}
Event: 3426.432 GC heap after
{Heap after GC invocations=296 (full 0):
 garbage-first heap   total 310272K, used 138030K [0x0000000704000000, 0x0000000800000000)
  region size 1024K, 2 young (2048K), 2 survivors (2048K)
 Metaspace       used 83430K, capacity 85873K, committed 86192K, reserved 1126400K
  class space    used 8638K, capacity 9646K, committed 9728K, reserved 1048576K
}
Event: 3438.180 GC heap before
{Heap before GC invocations=296 (full 0):
 garbage-first heap   total 310272K, used 274222K [0x0000000704000000, 0x0000000800000000)
  region size 1024K, 135 young (138240K), 2 survivors (2048K)
 Metaspace       used 83518K, capacity 85934K, committed 86192K, reserved 1126400K
  class space    used 8647K, capacity 9663K, committed 9728K, reserved 1048576K
}
Event: 3438.183 GC heap after
{Heap after GC invocations=297 (full 0):
 garbage-first heap   total 310272K, used 138376K [0x0000000704000000, 0x0000000800000000)
  region size 1024K, 3 young (3072K), 3 survivors (3072K)
 Metaspace       used 83518K, capacity 85934K, committed 86192K, reserved 1126400K
  class space    used 8647K, capacity 9663K, committed 9728K, reserved 1048576K
}
Event: 3450.739 GC heap before
{Heap before GC invocations=297 (full 0):
 garbage-first heap   total 310272K, used 272520K [0x0000000704000000, 0x0000000800000000)
  region size 1024K, 134 young (137216K), 3 survivors (3072K)
 Metaspace       used 83520K, capacity 85934K, committed 86192K, reserved 1126400K
  class space    used 8647K, capacity 9663K, committed 9728K, reserved 1048576K
}
Event: 3450.742 GC heap after
{Heap after GC invocations=298 (full 0):
 garbage-first heap   total 310272K, used 137423K [0x0000000704000000, 0x0000000800000000)
  region size 1024K, 2 young (2048K), 2 survivors (2048K)
 Metaspace       used 83520K, capacity 85934K, committed 86192K, reserved 1126400K
  class space    used 8647K, capacity 9663K, committed 9728K, reserved 1048576K
}

