# JRE version: Java(TM) SE Runtime Environment (8.0_201-b09) (build 1.8.0_201-b09)
# Java VM: Java HotSpot(TM) 64-Bit Server VM (25.201-b09 mixed mode windows-amd64 compressed oops)
Heap:
 PSYoungGen      total 1251840K, used 1085675K [0x000000076b400000, 0x00000007bf800000, 0x00000007c0000000)
  eden space 1219584K, 86% used [0x000000076b400000,0x00000007ab8d06b8,0x00000007b5b00000)
  from space 32256K, 99% used [0x00000007b5b00000,0x00000007b7a6a910,0x00000007b7a80000)
  to   space 80384K, 0% used [0x00000007ba980000,0x00000007ba980000,0x00000007bf800000)
 ParOldGen       total 263168K, used 82523K [0x00000006c1c00000, 0x00000006d1d00000, 0x000000076b400000)
  object space 263168K, 31% used [0x00000006c1c00000,0x00000006c6c96de8,0x00000006d1d00000)
 Metaspace       used 61062K, capacity 64776K, committed 65064K, reserved 1107968K
  class space    used 6760K, capacity 7340K, committed 7464K, reserved 1048576K
GC Heap History (10 events):
Event: 181.703 GC heap before
{Heap before GC invocations=15 (full 3):
 PSYoungGen      total 852480K, used 837120K [0x000000076b400000, 0x00000007b7100000, 0x00000007c0000000)
  eden space 837120K, 100% used [0x000000076b400000,0x000000079e580000,0x000000079e580000)
  from space 15360K, 0% used [0x000000079e580000,0x000000079e580000,0x000000079f480000)
  to   space 80896K, 0% used [0x00000007b2200000,0x00000007b2200000,0x00000007b7100000)
 ParOldGen       total 263168K, used 78514K [0x00000006c1c00000, 0x00000006d1d00000, 0x000000076b400000)
  object space 263168K, 29% used [0x00000006c1c00000,0x00000006c68acaf0,0x00000006d1d00000)
 Metaspace       used 59896K, capacity 63672K, committed 63912K, reserved 1105920K
  class space    used 6690K, capacity 7282K, committed 7336K, reserved 1048576K
Event: 181.751 GC heap after
Heap after GC invocations=15 (full 3):
 PSYoungGen      total 1156096K, used 55249K [0x000000076b400000, 0x00000007bb800000, 0x00000007c0000000)
  eden space 1075200K, 0% used [0x000000076b400000,0x000000076b400000,0x00000007ace00000)
  from space 80896K, 68% used [0x00000007b2200000,0x00000007b57f47c0,0x00000007b7100000)
  to   space 86016K, 0% used [0x00000007ace00000,0x00000007ace00000,0x00000007b2200000)
 ParOldGen       total 263168K, used 78522K [0x00000006c1c00000, 0x00000006d1d00000, 0x000000076b400000)
  object space 263168K, 29% used [0x00000006c1c00000,0x00000006c68aeaf0,0x00000006d1d00000)
 Metaspace       used 59896K, capacity 63672K, committed 63912K, reserved 1105920K
  class space    used 6690K, capacity 7282K, committed 7336K, reserved 1048576K
}
Event: 399.463 GC heap before
{Heap before GC invocations=16 (full 3):
 PSYoungGen      total 1156096K, used 1130449K [0x000000076b400000, 0x00000007bb800000, 0x00000007c0000000)
  eden space 1075200K, 100% used [0x000000076b400000,0x00000007ace00000,0x00000007ace00000)
  from space 80896K, 68% used [0x00000007b2200000,0x00000007b57f47c0,0x00000007b7100000)
  to   space 86016K, 0% used [0x00000007ace00000,0x00000007ace00000,0x00000007b2200000)
 ParOldGen       total 263168K, used 78522K [0x00000006c1c00000, 0x00000006d1d00000, 0x000000076b400000)
  object space 263168K, 29% used [0x00000006c1c00000,0x00000006c68aeaf0,0x00000006d1d00000)
 Metaspace       used 60408K, capacity 64216K, committed 64424K, reserved 1105920K
  class space    used 6695K, capacity 7314K, committed 7336K, reserved 1048576K
Event: 399.490 GC heap after
Heap after GC invocations=16 (full 3):
 PSYoungGen      total 1161216K, used 3546K [0x000000076b400000, 0x00000007c0000000, 0x00000007c0000000)
  eden space 1075200K, 0% used [0x000000076b400000,0x000000076b400000,0x00000007ace00000)
  from space 86016K, 4% used [0x00000007ace00000,0x00000007ad176a58,0x00000007b2200000)
  to   space 84992K, 0% used [0x00000007bad00000,0x00000007bad00000,0x00000007c0000000)
 ParOldGen       total 263168K, used 127190K [0x00000006c1c00000, 0x00000006d1d00000, 0x000000076b400000)
  object space 263168K, 48% used [0x00000006c1c00000,0x00000006c9835808,0x00000006d1d00000)
 Metaspace       used 60408K, capacity 64216K, committed 64424K, reserved 1105920K
  class space    used 6695K, capacity 7314K, committed 7336K, reserved 1048576K
}
Event: 434.487 GC heap before
{Heap before GC invocations=17 (full 3):
 PSYoungGen      total 1161216K, used 217324K [0x000000076b400000, 0x00000007c0000000, 0x00000007c0000000)
  eden space 1075200K, 19% used [0x000000076b400000,0x00000007784c47e0,0x00000007ace00000)
  from space 86016K, 4% used [0x00000007ace00000,0x00000007ad176a58,0x00000007b2200000)
  to   space 84992K, 0% used [0x00000007bad00000,0x00000007bad00000,0x00000007c0000000)
 ParOldGen       total 263168K, used 127190K [0x00000006c1c00000, 0x00000006d1d00000, 0x000000076b400000)
  object space 263168K, 48% used [0x00000006c1c00000,0x00000006c9835808,0x00000006d1d00000)
 Metaspace       used 60425K, capacity 64280K, committed 64424K, reserved 1105920K
  class space    used 6696K, capacity 7314K, committed 7336K, reserved 1048576K
Event: 434.503 GC heap after
Heap after GC invocations=17 (full 3):
 PSYoungGen      total 1304576K, used 416K [0x000000076b400000, 0x00000007c0000000, 0x00000007c0000000)
  eden space 1219584K, 0% used [0x000000076b400000,0x000000076b400000,0x00000007b5b00000)
  from space 84992K, 0% used [0x00000007bad00000,0x00000007bad68000,0x00000007c0000000)
  to   space 83968K, 0% used [0x00000007b5b00000,0x00000007b5b00000,0x00000007bad00000)
 ParOldGen       total 263168K, used 134346K [0x00000006c1c00000, 0x00000006d1d00000, 0x000000076b400000)
  object space 263168K, 51% used [0x00000006c1c00000,0x00000006c9f32b00,0x00000006d1d00000)
 Metaspace       used 60425K, capacity 64280K, committed 64424K, reserved 1105920K
  class space    used 6696K, capacity 7314K, committed 7336K, reserved 1048576K
}
Event: 434.503 GC heap before
{Heap before GC invocations=18 (full 4):
 PSYoungGen      total 1304576K, used 416K [0x000000076b400000, 0x00000007c0000000, 0x00000007c0000000)
  eden space 1219584K, 0% used [0x000000076b400000,0x000000076b400000,0x00000007b5b00000)
  from space 84992K, 0% used [0x00000007bad00000,0x00000007bad68000,0x00000007c0000000)
  to   space 83968K, 0% used [0x00000007b5b00000,0x00000007b5b00000,0x00000007bad00000)
 ParOldGen       total 263168K, used 134346K [0x00000006c1c00000, 0x00000006d1d00000, 0x000000076b400000)
  object space 263168K, 51% used [0x00000006c1c00000,0x00000006c9f32b00,0x00000006d1d00000)
 Metaspace       used 60425K, capacity 64280K, committed 64424K, reserved 1105920K
  class space    used 6696K, capacity 7314K, committed 7336K, reserved 1048576K
Event: 434.770 GC heap after
Heap after GC invocations=18 (full 4):
 PSYoungGen      total 1304576K, used 0K [0x000000076b400000, 0x00000007c0000000, 0x00000007c0000000)
  eden space 1219584K, 0% used [0x000000076b400000,0x000000076b400000,0x00000007b5b00000)
  from space 84992K, 0% used [0x00000007bad00000,0x00000007bad00000,0x00000007c0000000)
  to   space 83968K, 0% used [0x00000007b5b00000,0x00000007b5b00000,0x00000007bad00000)
 ParOldGen       total 263168K, used 82515K [0x00000006c1c00000, 0x00000006d1d00000, 0x000000076b400000)
  object space 263168K, 31% used [0x00000006c1c00000,0x00000006c6c94de8,0x00000006d1d00000)
 Metaspace       used 60400K, capacity 64196K, committed 64424K, reserved 1105920K
  class space    used 6688K, capacity 7300K, committed 7336K, reserved 1048576K
}
Event: 654.677 GC heap before
{Heap before GC invocations=19 (full 4):
 PSYoungGen      total 1304576K, used 1219584K [0x000000076b400000, 0x00000007c0000000, 0x00000007c0000000)
  eden space 1219584K, 100% used [0x000000076b400000,0x00000007b5b00000,0x00000007b5b00000)
  from space 84992K, 0% used [0x00000007bad00000,0x00000007bad00000,0x00000007c0000000)
  to   space 83968K, 0% used [0x00000007b5b00000,0x00000007b5b00000,0x00000007bad00000)
 ParOldGen       total 263168K, used 82515K [0x00000006c1c00000, 0x00000006d1d00000, 0x000000076b400000)
  object space 263168K, 31% used [0x00000006c1c00000,0x00000006c6c94de8,0x00000006d1d00000)
 Metaspace       used 60641K, capacity 64406K, committed 64680K, reserved 1105920K
  class space    used 6692K, capacity 7301K, committed 7336K, reserved 1048576K
Event: 654.693 GC heap after
Heap after GC invocations=19 (full 4):
 PSYoungGen      total 1251840K, used 32170K [0x000000076b400000, 0x00000007bf800000, 0x00000007c0000000)
  eden space 1219584K, 0% used [0x000000076b400000,0x000000076b400000,0x00000007b5b00000)
  from space 32256K, 99% used [0x00000007b5b00000,0x00000007b7a6a910,0x00000007b7a80000)
  to   space 80384K, 0% used [0x00000007ba980000,0x00000007ba980000,0x00000007bf800000)
 ParOldGen       total 263168K, used 82523K [0x00000006c1c00000, 0x00000006d1d00000, 0x000000076b400000)
  object space 263168K, 31% used [0x00000006c1c00000,0x00000006c6c96de8,0x00000006d1d00000)
 Metaspace       used 60641K, capacity 64406K, committed 64680K, reserved 1105920K
  class space    used 6692K, capacity 7301K, committed 7336K, reserved 1048576K
}

