# JRE version: Java(TM) SE Runtime Environment (8.0_201-b09) (build 1.8.0_201-b09)
# Java VM: Java HotSpot(TM) 64-Bit Server VM (25.201-b09 mixed mode windows-amd64 compressed oops)
Heap:
 PSYoungGen      total 850432K, used 726458K [0x000000076b400000, 0x00000007ae880000, 0x00000007c0000000)
  eden space 835072K, 86% used [0x000000076b400000,0x000000079796e948,0x000000079e380000)
  from space 15360K, 0% used [0x000000079e380000,0x000000079e380000,0x000000079f280000)
  to   space 34816K, 0% used [0x00000007ac680000,0x00000007ac680000,0x00000007ae880000)
 ParOldGen       total 220672K, used 69132K [0x00000006c1c00000, 0x00000006cf380000, 0x000000076b400000)
  object space 220672K, 31% used [0x00000006c1c00000,0x00000006c5f831e8,0x00000006cf380000)
 Metaspace       used 59020K, capacity 62678K, committed 62808K, reserved 1105920K
  class space    used 6673K, capacity 7261K, committed 7296K, reserved 1048576K
GC Heap History (10 events):
Event: 4.712 GC heap before
{Heap before GC invocations=10 (full 1):
 PSYoungGen      total 538112K, used 5140K [0x000000076b400000, 0x00000007a0280000, 0x00000007c0000000)
  eden space 523776K, 0% used [0x000000076b400000,0x000000076b400000,0x000000078b380000)
  from space 14336K, 35% used [0x000000078b380000,0x000000078b885170,0x000000078c180000)
  to   space 14336K, 0% used [0x000000079f480000,0x000000079f480000,0x00000007a0280000)
 ParOldGen       total 175104K, used 9103K [0x00000006c1c00000, 0x00000006cc700000, 0x000000076b400000)
  object space 175104K, 5% used [0x00000006c1c00000,0x00000006c24e3fb8,0x00000006cc700000)
 Metaspace       used 20801K, capacity 21036K, committed 21248K, reserved 1069056K
  class space    used 2339K, capacity 2458K, committed 2560K, reserved 1048576K
Event: 4.760 GC heap after
Heap after GC invocations=10 (full 1):
 PSYoungGen      total 538112K, used 0K [0x000000076b400000, 0x00000007a0280000, 0x00000007c0000000)
  eden space 523776K, 0% used [0x000000076b400000,0x000000076b400000,0x000000078b380000)
  from space 14336K, 0% used [0x000000078b380000,0x000000078b380000,0x000000078c180000)
  to   space 14336K, 0% used [0x000000079f480000,0x000000079f480000,0x00000007a0280000)
 ParOldGen       total 90624K, used 10304K [0x00000006c1c00000, 0x00000006c7480000, 0x000000076b400000)
  object space 90624K, 11% used [0x00000006c1c00000,0x00000006c26102c0,0x00000006c7480000)
 Metaspace       used 20801K, capacity 21036K, committed 21248K, reserved 1069056K
  class space    used 2339K, capacity 2458K, committed 2560K, reserved 1048576K
}
Event: 7.752 GC heap before
{Heap before GC invocations=11 (full 1):
 PSYoungGen      total 538112K, used 167825K [0x000000076b400000, 0x00000007a0280000, 0x00000007c0000000)
  eden space 523776K, 32% used [0x000000076b400000,0x00000007757e4658,0x000000078b380000)
  from space 14336K, 0% used [0x000000078b380000,0x000000078b380000,0x000000078c180000)
  to   space 14336K, 0% used [0x000000079f480000,0x000000079f480000,0x00000007a0280000)
 ParOldGen       total 90624K, used 10304K [0x00000006c1c00000, 0x00000006c7480000, 0x000000076b400000)
  object space 90624K, 11% used [0x00000006c1c00000,0x00000006c26102c0,0x00000006c7480000)
 Metaspace       used 34490K, capacity 35012K, committed 35416K, reserved 1081344K
  class space    used 4043K, capacity 4197K, committed 4224K, reserved 1048576K
Event: 7.772 GC heap after
Heap after GC invocations=11 (full 1):
 PSYoungGen      total 788480K, used 13146K [0x000000076b400000, 0x00000007a0180000, 0x00000007c0000000)
  eden space 775168K, 0% used [0x000000076b400000,0x000000076b400000,0x000000079a900000)
  from space 13312K, 98% used [0x000000079f480000,0x00000007a0156aa0,0x00000007a0180000)
  to   space 15360K, 0% used [0x000000079e380000,0x000000079e380000,0x000000079f280000)
 ParOldGen       total 90624K, used 10312K [0x00000006c1c00000, 0x00000006c7480000, 0x000000076b400000)
  object space 90624K, 11% used [0x00000006c1c00000,0x00000006c26122c0,0x00000006c7480000)
 Metaspace       used 34490K, capacity 35012K, committed 35416K, reserved 1081344K
  class space    used 4043K, capacity 4197K, committed 4224K, reserved 1048576K
}
Event: 7.772 GC heap before
{Heap before GC invocations=12 (full 2):
 PSYoungGen      total 788480K, used 13146K [0x000000076b400000, 0x00000007a0180000, 0x00000007c0000000)
  eden space 775168K, 0% used [0x000000076b400000,0x000000076b400000,0x000000079a900000)
  from space 13312K, 98% used [0x000000079f480000,0x00000007a0156aa0,0x00000007a0180000)
  to   space 15360K, 0% used [0x000000079e380000,0x000000079e380000,0x000000079f280000)
 ParOldGen       total 90624K, used 10312K [0x00000006c1c00000, 0x00000006c7480000, 0x000000076b400000)
  object space 90624K, 11% used [0x00000006c1c00000,0x00000006c26122c0,0x00000006c7480000)
 Metaspace       used 34490K, capacity 35012K, committed 35416K, reserved 1081344K
  class space    used 4043K, capacity 4197K, committed 4224K, reserved 1048576K
Event: 7.895 GC heap after
Heap after GC invocations=12 (full 2):
 PSYoungGen      total 788480K, used 0K [0x000000076b400000, 0x00000007a0180000, 0x00000007c0000000)
  eden space 775168K, 0% used [0x000000076b400000,0x000000076b400000,0x000000079a900000)
  from space 13312K, 0% used [0x000000079f480000,0x000000079f480000,0x00000007a0180000)
  to   space 15360K, 0% used [0x000000079e380000,0x000000079e380000,0x000000079f280000)
 ParOldGen       total 132096K, used 22289K [0x00000006c1c00000, 0x00000006c9d00000, 0x000000076b400000)
  object space 132096K, 16% used [0x00000006c1c00000,0x00000006c31c4488,0x00000006c9d00000)
 Metaspace       used 34490K, capacity 35012K, committed 35416K, reserved 1081344K
  class space    used 4043K, capacity 4197K, committed 4224K, reserved 1048576K
}
Event: 45.820 GC heap before
{Heap before GC invocations=13 (full 2):
 PSYoungGen      total 788480K, used 472236K [0x000000076b400000, 0x00000007a0180000, 0x00000007c0000000)
  eden space 775168K, 60% used [0x000000076b400000,0x000000078812b248,0x000000079a900000)
  from space 13312K, 0% used [0x000000079f480000,0x000000079f480000,0x00000007a0180000)
  to   space 15360K, 0% used [0x000000079e380000,0x000000079e380000,0x000000079f280000)
 ParOldGen       total 132096K, used 22289K [0x00000006c1c00000, 0x00000006c9d00000, 0x000000076b400000)
  object space 132096K, 16% used [0x00000006c1c00000,0x00000006c31c4488,0x00000006c9d00000)
 Metaspace       used 55271K, capacity 58798K, committed 58968K, reserved 1101824K
  class space    used 6460K, capacity 7009K, committed 7040K, reserved 1048576K
Event: 45.849 GC heap after
Heap after GC invocations=13 (full 2):
 PSYoungGen      total 850432K, used 15337K [0x000000076b400000, 0x00000007ae880000, 0x00000007c0000000)
  eden space 835072K, 0% used [0x000000076b400000,0x000000076b400000,0x000000079e380000)
  from space 15360K, 99% used [0x000000079e380000,0x000000079f27a468,0x000000079f280000)
  to   space 34816K, 0% used [0x00000007ac680000,0x00000007ac680000,0x00000007ae880000)
 ParOldGen       total 132096K, used 70577K [0x00000006c1c00000, 0x00000006c9d00000, 0x000000076b400000)
  object space 132096K, 53% used [0x00000006c1c00000,0x00000006c60ec750,0x00000006c9d00000)
 Metaspace       used 55271K, capacity 58798K, committed 58968K, reserved 1101824K
  class space    used 6460K, capacity 7009K, committed 7040K, reserved 1048576K
}
Event: 45.849 GC heap before
{Heap before GC invocations=14 (full 3):
 PSYoungGen      total 850432K, used 15337K [0x000000076b400000, 0x00000007ae880000, 0x00000007c0000000)
  eden space 835072K, 0% used [0x000000076b400000,0x000000076b400000,0x000000079e380000)
  from space 15360K, 99% used [0x000000079e380000,0x000000079f27a468,0x000000079f280000)
  to   space 34816K, 0% used [0x00000007ac680000,0x00000007ac680000,0x00000007ae880000)
 ParOldGen       total 132096K, used 70577K [0x00000006c1c00000, 0x00000006c9d00000, 0x000000076b400000)
  object space 132096K, 53% used [0x00000006c1c00000,0x00000006c60ec750,0x00000006c9d00000)
 Metaspace       used 55271K, capacity 58798K, committed 58968K, reserved 1101824K
  class space    used 6460K, capacity 7009K, committed 7040K, reserved 1048576K
Event: 46.109 GC heap after
Heap after GC invocations=14 (full 3):
 PSYoungGen      total 850432K, used 0K [0x000000076b400000, 0x00000007ae880000, 0x00000007c0000000)
  eden space 835072K, 0% used [0x000000076b400000,0x000000076b400000,0x000000079e380000)
  from space 15360K, 0% used [0x000000079e380000,0x000000079e380000,0x000000079f280000)
  to   space 34816K, 0% used [0x00000007ac680000,0x00000007ac680000,0x00000007ae880000)
 ParOldGen       total 220672K, used 69132K [0x00000006c1c00000, 0x00000006cf380000, 0x000000076b400000)
  object space 220672K, 31% used [0x00000006c1c00000,0x00000006c5f831e8,0x00000006cf380000)
 Metaspace       used 55271K, capacity 58798K, committed 58968K, reserved 1101824K
  class space    used 6460K, capacity 7009K, committed 7040K, reserved 1048576K
}

