# JRE version: Java(TM) SE Runtime Environment (8.0_201-b09) (build 1.8.0_201-b09)
# Java VM: Java HotSpot(TM) 64-Bit Server VM (25.201-b09 mixed mode windows-amd64 compressed oops)
Heap:
 PSYoungGen      total 1105920K, used 420981K [0x000000076b400000, 0x00000007b8080000, 0x00000007c0000000)
  eden space 1065984K, 35% used [0x000000076b400000,0x000000078281e340,0x00000007ac500000)
  from space 39936K, 99% used [0x00000007aff00000,0x00000007b25ff318,0x00000007b2600000)
  to   space 59392K, 0% used [0x00000007ac500000,0x00000007ac500000,0x00000007aff00000)
 ParOldGen       total 218624K, used 110345K [0x00000006c1c00000, 0x00000006cf180000, 0x000000076b400000)
  object space 218624K, 50% used [0x00000006c1c00000,0x00000006c87c2518,0x00000006cf180000)
 Metaspace       used 60530K, capacity 64334K, committed 64512K, reserved 1105920K
  class space    used 6772K, capacity 7347K, committed 7424K, reserved 1048576K
GC Heap History (10 events):
Event: 7.949 GC heap before
{Heap before GC invocations=11 (full 1):
 PSYoungGen      total 538112K, used 160884K [0x000000076b400000, 0x00000007a0380000, 0x00000007c0000000)
  eden space 524288K, 30% used [0x000000076b400000,0x000000077511d2d8,0x000000078b400000)
  from space 13824K, 0% used [0x000000078b400000,0x000000078b400000,0x000000078c180000)
  to   space 14336K, 0% used [0x000000079f580000,0x000000079f580000,0x00000007a0380000)
 ParOldGen       total 89600K, used 10355K [0x00000006c1c00000, 0x00000006c7380000, 0x000000076b400000)
  object space 89600K, 11% used [0x00000006c1c00000,0x00000006c261cdc0,0x00000006c7380000)
 Metaspace       used 34655K, capacity 35146K, committed 35456K, reserved 1081344K
  class space    used 4043K, capacity 4198K, committed 4224K, reserved 1048576K
Event: 7.976 GC heap after
Heap after GC invocations=11 (full 1):
 PSYoungGen      total 795136K, used 13922K [0x000000076b400000, 0x00000007a0380000, 0x00000007c0000000)
  eden space 780800K, 0% used [0x000000076b400000,0x000000076b400000,0x000000079ae80000)
  from space 14336K, 97% used [0x000000079f580000,0x00000007a0318be8,0x00000007a0380000)
  to   space 15872K, 0% used [0x000000079e480000,0x000000079e480000,0x000000079f400000)
 ParOldGen       total 89600K, used 10371K [0x00000006c1c00000, 0x00000006c7380000, 0x000000076b400000)
  object space 89600K, 11% used [0x00000006c1c00000,0x00000006c2620dc0,0x00000006c7380000)
 Metaspace       used 34655K, capacity 35146K, committed 35456K, reserved 1081344K
  class space    used 4043K, capacity 4198K, committed 4224K, reserved 1048576K
}
Event: 7.976 GC heap before
{Heap before GC invocations=12 (full 2):
 PSYoungGen      total 795136K, used 13922K [0x000000076b400000, 0x00000007a0380000, 0x00000007c0000000)
  eden space 780800K, 0% used [0x000000076b400000,0x000000076b400000,0x000000079ae80000)
  from space 14336K, 97% used [0x000000079f580000,0x00000007a0318be8,0x00000007a0380000)
  to   space 15872K, 0% used [0x000000079e480000,0x000000079e480000,0x000000079f400000)
 ParOldGen       total 89600K, used 10371K [0x00000006c1c00000, 0x00000006c7380000, 0x000000076b400000)
  object space 89600K, 11% used [0x00000006c1c00000,0x00000006c2620dc0,0x00000006c7380000)
 Metaspace       used 34655K, capacity 35146K, committed 35456K, reserved 1081344K
  class space    used 4043K, capacity 4198K, committed 4224K, reserved 1048576K
Event: 8.048 GC heap after
Heap after GC invocations=12 (full 2):
 PSYoungGen      total 795136K, used 0K [0x000000076b400000, 0x00000007a0380000, 0x00000007c0000000)
  eden space 780800K, 0% used [0x000000076b400000,0x000000076b400000,0x000000079ae80000)
  from space 14336K, 0% used [0x000000079f580000,0x000000079f580000,0x00000007a0380000)
  to   space 15872K, 0% used [0x000000079e480000,0x000000079e480000,0x000000079f400000)
 ParOldGen       total 124416K, used 23072K [0x00000006c1c00000, 0x00000006c9580000, 0x000000076b400000)
  object space 124416K, 18% used [0x00000006c1c00000,0x00000006c3288310,0x00000006c9580000)
 Metaspace       used 34655K, capacity 35146K, committed 35456K, reserved 1081344K
  class space    used 4043K, capacity 4198K, committed 4224K, reserved 1048576K
}
Event: 28.641 GC heap before
{Heap before GC invocations=13 (full 2):
 PSYoungGen      total 795136K, used 482245K [0x000000076b400000, 0x00000007a0380000, 0x00000007c0000000)
  eden space 780800K, 61% used [0x000000076b400000,0x0000000788af1558,0x000000079ae80000)
  from space 14336K, 0% used [0x000000079f580000,0x000000079f580000,0x00000007a0380000)
  to   space 15872K, 0% used [0x000000079e480000,0x000000079e480000,0x000000079f400000)
 ParOldGen       total 124416K, used 23072K [0x00000006c1c00000, 0x00000006c9580000, 0x000000076b400000)
  object space 124416K, 18% used [0x00000006c1c00000,0x00000006c3288310,0x00000006c9580000)
 Metaspace       used 55511K, capacity 59036K, committed 59096K, reserved 1101824K
  class space    used 6468K, capacity 6988K, committed 7040K, reserved 1048576K
Event: 28.676 GC heap after
Heap after GC invocations=13 (full 2):
 PSYoungGen      total 851968K, used 15870K [0x000000076b400000, 0x00000007b2600000, 0x00000007c0000000)
  eden space 836096K, 0% used [0x000000076b400000,0x000000076b400000,0x000000079e480000)
  from space 15872K, 99% used [0x000000079e480000,0x000000079f3ffa00,0x000000079f400000)
  to   space 39936K, 0% used [0x00000007aff00000,0x00000007aff00000,0x00000007b2600000)
 ParOldGen       total 124416K, used 84081K [0x00000006c1c00000, 0x00000006c9580000, 0x000000076b400000)
  object space 124416K, 67% used [0x00000006c1c00000,0x00000006c6e1c638,0x00000006c9580000)
 Metaspace       used 55511K, capacity 59036K, committed 59096K, reserved 1101824K
  class space    used 6468K, capacity 6988K, committed 7040K, reserved 1048576K
}
Event: 28.676 GC heap before
{Heap before GC invocations=14 (full 3):
 PSYoungGen      total 851968K, used 15870K [0x000000076b400000, 0x00000007b2600000, 0x00000007c0000000)
  eden space 836096K, 0% used [0x000000076b400000,0x000000076b400000,0x000000079e480000)
  from space 15872K, 99% used [0x000000079e480000,0x000000079f3ffa00,0x000000079f400000)
  to   space 39936K, 0% used [0x00000007aff00000,0x00000007aff00000,0x00000007b2600000)
 ParOldGen       total 124416K, used 84081K [0x00000006c1c00000, 0x00000006c9580000, 0x000000076b400000)
  object space 124416K, 67% used [0x00000006c1c00000,0x00000006c6e1c638,0x00000006c9580000)
 Metaspace       used 55511K, capacity 59036K, committed 59096K, reserved 1101824K
  class space    used 6468K, capacity 6988K, committed 7040K, reserved 1048576K
Event: 28.946 GC heap after
Heap after GC invocations=14 (full 3):
 PSYoungGen      total 851968K, used 0K [0x000000076b400000, 0x00000007b2600000, 0x00000007c0000000)
  eden space 836096K, 0% used [0x000000076b400000,0x000000076b400000,0x000000079e480000)
  from space 15872K, 0% used [0x000000079e480000,0x000000079e480000,0x000000079f400000)
  to   space 39936K, 0% used [0x00000007aff00000,0x00000007aff00000,0x00000007b2600000)
 ParOldGen       total 218624K, used 75640K [0x00000006c1c00000, 0x00000006cf180000, 0x000000076b400000)
  object space 218624K, 34% used [0x00000006c1c00000,0x00000006c65de240,0x00000006cf180000)
 Metaspace       used 55511K, capacity 59036K, committed 59096K, reserved 1101824K
  class space    used 6468K, capacity 6988K, committed 7040K, reserved 1048576K
}
Event: 214.996 GC heap before
{Heap before GC invocations=15 (full 3):
 PSYoungGen      total 851968K, used 836096K [0x000000076b400000, 0x00000007b2600000, 0x00000007c0000000)
  eden space 836096K, 100% used [0x000000076b400000,0x000000079e480000,0x000000079e480000)
  from space 15872K, 0% used [0x000000079e480000,0x000000079e480000,0x000000079f400000)
  to   space 39936K, 0% used [0x00000007aff00000,0x00000007aff00000,0x00000007b2600000)
 ParOldGen       total 218624K, used 75640K [0x00000006c1c00000, 0x00000006cf180000, 0x000000076b400000)
  object space 218624K, 34% used [0x00000006c1c00000,0x00000006c65de240,0x00000006cf180000)
 Metaspace       used 59986K, capacity 63798K, committed 64000K, reserved 1105920K
  class space    used 6707K, capacity 7303K, committed 7424K, reserved 1048576K
Event: 215.033 GC heap after
Heap after GC invocations=15 (full 3):
 PSYoungGen      total 1105920K, used 39932K [0x000000076b400000, 0x00000007b8080000, 0x00000007c0000000)
  eden space 1065984K, 0% used [0x000000076b400000,0x000000076b400000,0x00000007ac500000)
  from space 39936K, 99% used [0x00000007aff00000,0x00000007b25ff318,0x00000007b2600000)
  to   space 59392K, 0% used [0x00000007ac500000,0x00000007ac500000,0x00000007aff00000)
 ParOldGen       total 218624K, used 110345K [0x00000006c1c00000, 0x00000006cf180000, 0x000000076b400000)
  object space 218624K, 50% used [0x00000006c1c00000,0x00000006c87c2518,0x00000006cf180000)
 Metaspace       used 59986K, capacity 63798K, committed 64000K, reserved 1105920K
  class space    used 6707K, capacity 7303K, committed 7424K, reserved 1048576K
}

