# JRE version: Java(TM) SE Runtime Environment (8.0_201-b09) (build 1.8.0_201-b09)
# Java VM: Java HotSpot(TM) 64-Bit Server VM (25.201-b09 mixed mode windows-amd64 compressed oops)
Heap:
 PSYoungGen      total 1219072K, used 194343K [0x000000076b400000, 0x00000007bb980000, 0x00000007c0000000)
  eden space 1181184K, 13% used [0x000000076b400000,0x0000000774e944e0,0x00000007b3580000)
  from space 37888K, 95% used [0x00000007b5f80000,0x00000007b82b58a8,0x00000007b8480000)
  to   space 43008K, 0% used [0x00000007b3580000,0x00000007b3580000,0x00000007b5f80000)
 ParOldGen       total 203264K, used 112594K [0x00000006c1c00000, 0x00000006ce280000, 0x000000076b400000)
  object space 203264K, 55% used [0x00000006c1c00000,0x00000006c89f4860,0x00000006ce280000)
 Metaspace       used 59929K, capacity 63610K, committed 63656K, reserved 1105920K
  class space    used 6718K, capacity 7319K, committed 7336K, reserved 1048576K
GC Heap History (10 events):
Event: 14.046 GC heap before
{Heap before GC invocations=11 (full 1):
 PSYoungGen      total 538112K, used 167673K [0x000000076b400000, 0x00000007a0380000, 0x00000007c0000000)
  eden space 524288K, 31% used [0x000000076b400000,0x00000007757be4c8,0x000000078b400000)
  from space 13824K, 0% used [0x000000078b400000,0x000000078b400000,0x000000078c180000)
  to   space 14336K, 0% used [0x000000079f580000,0x000000079f580000,0x00000007a0380000)
 ParOldGen       total 87040K, used 10367K [0x00000006c1c00000, 0x00000006c7100000, 0x000000076b400000)
  object space 87040K, 11% used [0x00000006c1c00000,0x00000006c261fef8,0x00000006c7100000)
 Metaspace       used 34690K, capacity 35172K, committed 35496K, reserved 1081344K
  class space    used 4062K, capacity 4229K, committed 4264K, reserved 1048576K
Event: 14.056 GC heap after
Heap after GC invocations=11 (full 1):
 PSYoungGen      total 807936K, used 13284K [0x000000076b400000, 0x00000007a0280000, 0x00000007c0000000)
  eden space 794624K, 0% used [0x000000076b400000,0x000000076b400000,0x000000079bc00000)
  from space 13312K, 99% used [0x000000079f580000,0x00000007a02791e8,0x00000007a0280000)
  to   space 15360K, 0% used [0x000000079e480000,0x000000079e480000,0x000000079f380000)
 ParOldGen       total 87040K, used 10383K [0x00000006c1c00000, 0x00000006c7100000, 0x000000076b400000)
  object space 87040K, 11% used [0x00000006c1c00000,0x00000006c2623ef8,0x00000006c7100000)
 Metaspace       used 34690K, capacity 35172K, committed 35496K, reserved 1081344K
  class space    used 4062K, capacity 4229K, committed 4264K, reserved 1048576K
}
Event: 14.056 GC heap before
{Heap before GC invocations=12 (full 2):
 PSYoungGen      total 807936K, used 13284K [0x000000076b400000, 0x00000007a0280000, 0x00000007c0000000)
  eden space 794624K, 0% used [0x000000076b400000,0x000000076b400000,0x000000079bc00000)
  from space 13312K, 99% used [0x000000079f580000,0x00000007a02791e8,0x00000007a0280000)
  to   space 15360K, 0% used [0x000000079e480000,0x000000079e480000,0x000000079f380000)
 ParOldGen       total 87040K, used 10383K [0x00000006c1c00000, 0x00000006c7100000, 0x000000076b400000)
  object space 87040K, 11% used [0x00000006c1c00000,0x00000006c2623ef8,0x00000006c7100000)
 Metaspace       used 34690K, capacity 35172K, committed 35496K, reserved 1081344K
  class space    used 4062K, capacity 4229K, committed 4264K, reserved 1048576K
Event: 14.108 GC heap after
Heap after GC invocations=12 (full 2):
 PSYoungGen      total 807936K, used 0K [0x000000076b400000, 0x00000007a0280000, 0x00000007c0000000)
  eden space 794624K, 0% used [0x000000076b400000,0x000000076b400000,0x000000079bc00000)
  from space 13312K, 0% used [0x000000079f580000,0x000000079f580000,0x00000007a0280000)
  to   space 15360K, 0% used [0x000000079e480000,0x000000079e480000,0x000000079f380000)
 ParOldGen       total 110080K, used 22426K [0x00000006c1c00000, 0x00000006c8780000, 0x000000076b400000)
  object space 110080K, 20% used [0x00000006c1c00000,0x00000006c31e6ae0,0x00000006c8780000)
 Metaspace       used 34690K, capacity 35172K, committed 35496K, reserved 1081344K
  class space    used 4062K, capacity 4229K, committed 4264K, reserved 1048576K
}
Event: 67.785 GC heap before
{Heap before GC invocations=13 (full 2):
 PSYoungGen      total 807936K, used 491206K [0x000000076b400000, 0x00000007a0280000, 0x00000007c0000000)
  eden space 794624K, 61% used [0x000000076b400000,0x00000007893b1ac8,0x000000079bc00000)
  from space 13312K, 0% used [0x000000079f580000,0x000000079f580000,0x00000007a0280000)
  to   space 15360K, 0% used [0x000000079e480000,0x000000079e480000,0x000000079f380000)
 ParOldGen       total 110080K, used 22426K [0x00000006c1c00000, 0x00000006c8780000, 0x000000076b400000)
  object space 110080K, 20% used [0x00000006c1c00000,0x00000006c31e6ae0,0x00000006c8780000)
 Metaspace       used 55619K, capacity 59078K, committed 59160K, reserved 1101824K
  class space    used 6465K, capacity 7011K, committed 7080K, reserved 1048576K
Event: 67.821 GC heap after
Heap after GC invocations=13 (full 2):
 PSYoungGen      total 851456K, used 15341K [0x000000076b400000, 0x00000007b8480000, 0x00000007c0000000)
  eden space 836096K, 0% used [0x000000076b400000,0x000000076b400000,0x000000079e480000)
  from space 15360K, 99% used [0x000000079e480000,0x000000079f37b470,0x000000079f380000)
  to   space 37888K, 0% used [0x00000007b5f80000,0x00000007b5f80000,0x00000007b8480000)
 ParOldGen       total 110080K, used 79100K [0x00000006c1c00000, 0x00000006c8780000, 0x000000076b400000)
  object space 110080K, 71% used [0x00000006c1c00000,0x00000006c693f0c0,0x00000006c8780000)
 Metaspace       used 55619K, capacity 59078K, committed 59160K, reserved 1101824K
  class space    used 6465K, capacity 7011K, committed 7080K, reserved 1048576K
}
Event: 67.821 GC heap before
{Heap before GC invocations=14 (full 3):
 PSYoungGen      total 851456K, used 15341K [0x000000076b400000, 0x00000007b8480000, 0x00000007c0000000)
  eden space 836096K, 0% used [0x000000076b400000,0x000000076b400000,0x000000079e480000)
  from space 15360K, 99% used [0x000000079e480000,0x000000079f37b470,0x000000079f380000)
  to   space 37888K, 0% used [0x00000007b5f80000,0x00000007b5f80000,0x00000007b8480000)
 ParOldGen       total 110080K, used 79100K [0x00000006c1c00000, 0x00000006c8780000, 0x000000076b400000)
  object space 110080K, 71% used [0x00000006c1c00000,0x00000006c693f0c0,0x00000006c8780000)
 Metaspace       used 55619K, capacity 59078K, committed 59160K, reserved 1101824K
  class space    used 6465K, capacity 7011K, committed 7080K, reserved 1048576K
Event: 68.092 GC heap after
Heap after GC invocations=14 (full 3):
 PSYoungGen      total 851456K, used 0K [0x000000076b400000, 0x00000007b8480000, 0x00000007c0000000)
  eden space 836096K, 0% used [0x000000076b400000,0x000000076b400000,0x000000079e480000)
  from space 15360K, 0% used [0x000000079e480000,0x000000079e480000,0x000000079f380000)
  to   space 37888K, 0% used [0x00000007b5f80000,0x00000007b5f80000,0x00000007b8480000)
 ParOldGen       total 203264K, used 86738K [0x00000006c1c00000, 0x00000006ce280000, 0x000000076b400000)
  object space 203264K, 42% used [0x00000006c1c00000,0x00000006c70b4a40,0x00000006ce280000)
 Metaspace       used 55619K, capacity 59078K, committed 59160K, reserved 1101824K
  class space    used 6465K, capacity 7011K, committed 7080K, reserved 1048576K
}
Event: 189.808 GC heap before
{Heap before GC invocations=15 (full 3):
 PSYoungGen      total 851456K, used 836096K [0x000000076b400000, 0x00000007b8480000, 0x00000007c0000000)
  eden space 836096K, 100% used [0x000000076b400000,0x000000079e480000,0x000000079e480000)
  from space 15360K, 0% used [0x000000079e480000,0x000000079e480000,0x000000079f380000)
  to   space 37888K, 0% used [0x00000007b5f80000,0x00000007b5f80000,0x00000007b8480000)
 ParOldGen       total 203264K, used 86738K [0x00000006c1c00000, 0x00000006ce280000, 0x000000076b400000)
  object space 203264K, 42% used [0x00000006c1c00000,0x00000006c70b4a40,0x00000006ce280000)
 Metaspace       used 59550K, capacity 63234K, committed 63400K, reserved 1105920K
  class space    used 6658K, capacity 7215K, committed 7336K, reserved 1048576K
Event: 189.849 GC heap after
Heap after GC invocations=15 (full 3):
 PSYoungGen      total 1219072K, used 36054K [0x000000076b400000, 0x00000007bb980000, 0x00000007c0000000)
  eden space 1181184K, 0% used [0x000000076b400000,0x000000076b400000,0x00000007b3580000)
  from space 37888K, 95% used [0x00000007b5f80000,0x00000007b82b58a8,0x00000007b8480000)
  to   space 43008K, 0% used [0x00000007b3580000,0x00000007b3580000,0x00000007b5f80000)
 ParOldGen       total 203264K, used 112594K [0x00000006c1c00000, 0x00000006ce280000, 0x000000076b400000)
  object space 203264K, 55% used [0x00000006c1c00000,0x00000006c89f4860,0x00000006ce280000)
 Metaspace       used 59550K, capacity 63234K, committed 63400K, reserved 1105920K
  class space    used 6658K, capacity 7215K, committed 7336K, reserved 1048576K
}

