# JRE version: Java(TM) SE Runtime Environment (8.0_201-b09) (build 1.8.0_201-b09)
# Java VM: Java HotSpot(TM) 64-Bit Server VM (25.201-b09 mixed mode windows-amd64 compressed oops)
Heap:
 PSYoungGen      total 1070592K, used 352191K [0x000000076b400000, 0x00000007b5e00000, 0x00000007c0000000)
  eden space 1038848K, 33% used [0x000000076b400000,0x0000000780befc88,0x00000007aaa80000)
  from space 31744K, 0% used [0x00000007ace00000,0x00000007ace00000,0x00000007aed00000)
  to   space 36352K, 0% used [0x00000007aaa80000,0x00000007aaa80000,0x00000007ace00000)
 ParOldGen       total 215552K, used 73755K [0x00000006c1c00000, 0x00000006cee80000, 0x000000076b400000)
  object space 215552K, 34% used [0x00000006c1c00000,0x00000006c6406cc0,0x00000006cee80000)
 Metaspace       used 60103K, capacity 63836K, committed 63960K, reserved 1105920K
  class space    used 6747K, capacity 7330K, committed 7424K, reserved 1048576K
GC Heap History (10 events):
Event: 9.907 GC heap before
{Heap before GC invocations=12 (full 2):
 PSYoungGen      total 784384K, used 13806K [0x000000076b400000, 0x00000007a0300000, 0x00000007c0000000)
  eden space 770560K, 0% used [0x000000076b400000,0x000000076b400000,0x000000079a480000)
  from space 13824K, 99% used [0x000000079f580000,0x00000007a02fbbf8,0x00000007a0300000)
  to   space 15360K, 0% used [0x000000079e500000,0x000000079e500000,0x000000079f400000)
 ParOldGen       total 91648K, used 10306K [0x00000006c1c00000, 0x00000006c7580000, 0x000000076b400000)
  object space 91648K, 11% used [0x00000006c1c00000,0x00000006c26109b8,0x00000006c7580000)
 Metaspace       used 34497K, capacity 35016K, committed 35416K, reserved 1081344K
  class space    used 4043K, capacity 4197K, committed 4224K, reserved 1048576K
Event: 10.054 GC heap after
Heap after GC invocations=12 (full 2):
 PSYoungGen      total 784384K, used 0K [0x000000076b400000, 0x00000007a0300000, 0x00000007c0000000)
  eden space 770560K, 0% used [0x000000076b400000,0x000000076b400000,0x000000079a480000)
  from space 13824K, 0% used [0x000000079f580000,0x000000079f580000,0x00000007a0300000)
  to   space 15360K, 0% used [0x000000079e500000,0x000000079e500000,0x000000079f400000)
 ParOldGen       total 131584K, used 22896K [0x00000006c1c00000, 0x00000006c9c80000, 0x000000076b400000)
  object space 131584K, 17% used [0x00000006c1c00000,0x00000006c325c280,0x00000006c9c80000)
 Metaspace       used 34497K, capacity 35016K, committed 35416K, reserved 1081344K
  class space    used 4043K, capacity 4197K, committed 4224K, reserved 1048576K
}
Event: 35.010 GC heap before
{Heap before GC invocations=13 (full 2):
 PSYoungGen      total 784384K, used 472296K [0x000000076b400000, 0x00000007a0300000, 0x00000007c0000000)
  eden space 770560K, 61% used [0x000000076b400000,0x000000078813a2f0,0x000000079a480000)
  from space 13824K, 0% used [0x000000079f580000,0x000000079f580000,0x00000007a0300000)
  to   space 15360K, 0% used [0x000000079e500000,0x000000079e500000,0x000000079f400000)
 ParOldGen       total 131584K, used 22896K [0x00000006c1c00000, 0x00000006c9c80000, 0x000000076b400000)
  object space 131584K, 17% used [0x00000006c1c00000,0x00000006c325c280,0x00000006c9c80000)
 Metaspace       used 55389K, capacity 58874K, committed 58968K, reserved 1101824K
  class space    used 6456K, capacity 6981K, committed 7040K, reserved 1048576K
Event: 35.066 GC heap after
Heap after GC invocations=13 (full 2):
 PSYoungGen      total 851968K, used 15346K [0x000000076b400000, 0x00000007aed00000, 0x00000007c0000000)
  eden space 836608K, 0% used [0x000000076b400000,0x000000076b400000,0x000000079e500000)
  from space 15360K, 99% used [0x000000079e500000,0x000000079f3fc818,0x000000079f400000)
  to   space 31744K, 0% used [0x00000007ace00000,0x00000007ace00000,0x00000007aed00000)
 ParOldGen       total 131584K, used 62722K [0x00000006c1c00000, 0x00000006c9c80000, 0x000000076b400000)
  object space 131584K, 47% used [0x00000006c1c00000,0x00000006c5940830,0x00000006c9c80000)
 Metaspace       used 55389K, capacity 58874K, committed 58968K, reserved 1101824K
  class space    used 6456K, capacity 6981K, committed 7040K, reserved 1048576K
}
Event: 35.066 GC heap before
{Heap before GC invocations=14 (full 3):
 PSYoungGen      total 851968K, used 15346K [0x000000076b400000, 0x00000007aed00000, 0x00000007c0000000)
  eden space 836608K, 0% used [0x000000076b400000,0x000000076b400000,0x000000079e500000)
  from space 15360K, 99% used [0x000000079e500000,0x000000079f3fc818,0x000000079f400000)
  to   space 31744K, 0% used [0x00000007ace00000,0x00000007ace00000,0x00000007aed00000)
 ParOldGen       total 131584K, used 62722K [0x00000006c1c00000, 0x00000006c9c80000, 0x000000076b400000)
  object space 131584K, 47% used [0x00000006c1c00000,0x00000006c5940830,0x00000006c9c80000)
 Metaspace       used 55389K, capacity 58874K, committed 58968K, reserved 1101824K
  class space    used 6456K, capacity 6981K, committed 7040K, reserved 1048576K
Event: 35.403 GC heap after
Heap after GC invocations=14 (full 3):
 PSYoungGen      total 851968K, used 0K [0x000000076b400000, 0x00000007aed00000, 0x00000007c0000000)
  eden space 836608K, 0% used [0x000000076b400000,0x000000076b400000,0x000000079e500000)
  from space 15360K, 0% used [0x000000079e500000,0x000000079e500000,0x000000079f400000)
  to   space 31744K, 0% used [0x00000007ace00000,0x00000007ace00000,0x00000007aed00000)
 ParOldGen       total 215552K, used 68784K [0x00000006c1c00000, 0x00000006cee80000, 0x000000076b400000)
  object space 215552K, 31% used [0x00000006c1c00000,0x00000006c5f2c0a0,0x00000006cee80000)
 Metaspace       used 55389K, capacity 58874K, committed 58968K, reserved 1101824K
  class space    used 6456K, capacity 6981K, committed 7040K, reserved 1048576K
}
Event: 96.309 GC heap before
{Heap before GC invocations=15 (full 3):
 PSYoungGen      total 851968K, used 397931K [0x000000076b400000, 0x00000007aed00000, 0x00000007c0000000)
  eden space 836608K, 47% used [0x000000076b400000,0x000000078389ae30,0x000000079e500000)
  from space 15360K, 0% used [0x000000079e500000,0x000000079e500000,0x000000079f400000)
  to   space 31744K, 0% used [0x00000007ace00000,0x00000007ace00000,0x00000007aed00000)
 ParOldGen       total 215552K, used 68784K [0x00000006c1c00000, 0x00000006cee80000, 0x000000076b400000)
  object space 215552K, 31% used [0x00000006c1c00000,0x00000006c5f2c0a0,0x00000006cee80000)
 Metaspace       used 59279K, capacity 62962K, committed 63064K, reserved 1105920K
  class space    used 6666K, capacity 7243K, committed 7296K, reserved 1048576K
Event: 96.342 GC heap after
Heap after GC invocations=15 (full 3):
 PSYoungGen      total 1070592K, used 30844K [0x000000076b400000, 0x00000007b5e00000, 0x00000007c0000000)
  eden space 1038848K, 0% used [0x000000076b400000,0x000000076b400000,0x00000007aaa80000)
  from space 31744K, 97% used [0x00000007ace00000,0x00000007aec1f2e0,0x00000007aed00000)
  to   space 36352K, 0% used [0x00000007aaa80000,0x00000007aaa80000,0x00000007ace00000)
 ParOldGen       total 215552K, used 68792K [0x00000006c1c00000, 0x00000006cee80000, 0x000000076b400000)
  object space 215552K, 31% used [0x00000006c1c00000,0x00000006c5f2e0a0,0x00000006cee80000)
 Metaspace       used 59279K, capacity 62962K, committed 63064K, reserved 1105920K
  class space    used 6666K, capacity 7243K, committed 7296K, reserved 1048576K
}
Event: 96.342 GC heap before
{Heap before GC invocations=16 (full 4):
 PSYoungGen      total 1070592K, used 30844K [0x000000076b400000, 0x00000007b5e00000, 0x00000007c0000000)
  eden space 1038848K, 0% used [0x000000076b400000,0x000000076b400000,0x00000007aaa80000)
  from space 31744K, 97% used [0x00000007ace00000,0x00000007aec1f2e0,0x00000007aed00000)
  to   space 36352K, 0% used [0x00000007aaa80000,0x00000007aaa80000,0x00000007ace00000)
 ParOldGen       total 215552K, used 68792K [0x00000006c1c00000, 0x00000006cee80000, 0x000000076b400000)
  object space 215552K, 31% used [0x00000006c1c00000,0x00000006c5f2e0a0,0x00000006cee80000)
 Metaspace       used 59279K, capacity 62962K, committed 63064K, reserved 1105920K
  class space    used 6666K, capacity 7243K, committed 7296K, reserved 1048576K
Event: 96.817 GC heap after
Heap after GC invocations=16 (full 4):
 PSYoungGen      total 1070592K, used 0K [0x000000076b400000, 0x00000007b5e00000, 0x00000007c0000000)
  eden space 1038848K, 0% used [0x000000076b400000,0x000000076b400000,0x00000007aaa80000)
  from space 31744K, 0% used [0x00000007ace00000,0x00000007ace00000,0x00000007aed00000)
  to   space 36352K, 0% used [0x00000007aaa80000,0x00000007aaa80000,0x00000007ace00000)
 ParOldGen       total 215552K, used 73755K [0x00000006c1c00000, 0x00000006cee80000, 0x000000076b400000)
  object space 215552K, 34% used [0x00000006c1c00000,0x00000006c6406cc0,0x00000006cee80000)
 Metaspace       used 59279K, capacity 62962K, committed 63064K, reserved 1105920K
  class space    used 6666K, capacity 7243K, committed 7296K, reserved 1048576K
}

