# JRE version: Java(TM) SE Runtime Environment 18.9 (11.0.9+7) (build 11.0.9+7-LTS)
# Java VM: Java HotSpot(TM) 64-Bit Server VM 18.9 (11.0.9+7-LTS, mixed mode, tiered, compressed oops, g1 gc, windows-amd64)
Heap:
 garbage-first heap   total 258048K, used 181731K [0x0000000704000000, 0x0000000800000000)
  region size 1024K, 49 young (50176K), 6 survivors (6144K)
 Metaspace       used 82756K, capacity 85170K, committed 85424K, reserved 1124352K
  class space    used 8600K, capacity 9622K, committed 9728K, reserved 1048576K
GC Heap History (10 events):
Event: 1798.142 GC heap before
{Heap before GC invocations=248 (full 0):
 garbage-first heap   total 258048K, used 227784K [0x0000000704000000, 0x0000000800000000)
  region size 1024K, 93 young (95232K), 1 survivors (1024K)
 Metaspace       used 82549K, capacity 85008K, committed 85168K, reserved 1124352K
  class space    used 8578K, capacity 9612K, committed 9728K, reserved 1048576K
}
Event: 1798.146 GC heap after
{Heap after GC invocations=249 (full 0):
 garbage-first heap   total 258048K, used 133593K [0x0000000704000000, 0x0000000800000000)
  region size 1024K, 1 young (1024K), 1 survivors (1024K)
 Metaspace       used 82549K, capacity 85008K, committed 85168K, reserved 1124352K
  class space    used 8578K, capacity 9612K, committed 9728K, reserved 1048576K
}
Event: 1808.812 GC heap before
{Heap before GC invocations=249 (full 0):
 garbage-first heap   total 258048K, used 227801K [0x0000000704000000, 0x0000000800000000)
  region size 1024K, 93 young (95232K), 1 survivors (1024K)
 Metaspace       used 82584K, capacity 85078K, committed 85424K, reserved 1124352K
  class space    used 8579K, capacity 9613K, committed 9728K, reserved 1048576K
}
Event: 1808.815 GC heap after
{Heap after GC invocations=250 (full 0):
 garbage-first heap   total 258048K, used 134136K [0x0000000704000000, 0x0000000800000000)
  region size 1024K, 2 young (2048K), 2 survivors (2048K)
 Metaspace       used 82584K, capacity 85078K, committed 85424K, reserved 1124352K
  class space    used 8579K, capacity 9613K, committed 9728K, reserved 1048576K
}
Event: 1818.789 GC heap before
{Heap before GC invocations=250 (full 0):
 garbage-first heap   total 258048K, used 226296K [0x0000000704000000, 0x0000000800000000)
  region size 1024K, 93 young (95232K), 2 survivors (2048K)
 Metaspace       used 82591K, capacity 85079K, committed 85424K, reserved 1124352K
  class space    used 8579K, capacity 9613K, committed 9728K, reserved 1048576K
}
Event: 1818.793 GC heap after
{Heap after GC invocations=251 (full 0):
 garbage-first heap   total 258048K, used 138717K [0x0000000704000000, 0x0000000800000000)
  region size 1024K, 6 young (6144K), 6 survivors (6144K)
 Metaspace       used 82591K, capacity 85079K, committed 85424K, reserved 1124352K
  class space    used 8579K, capacity 9613K, committed 9728K, reserved 1048576K
}
Event: 1826.688 GC heap before
{Heap before GC invocations=251 (full 0):
 garbage-first heap   total 258048K, used 223709K [0x0000000704000000, 0x0000000800000000)
  region size 1024K, 89 young (91136K), 6 survivors (6144K)
 Metaspace       used 82641K, capacity 85149K, committed 85424K, reserved 1124352K
  class space    used 8580K, capacity 9615K, committed 9728K, reserved 1048576K
}
Event: 1826.691 GC heap after
{Heap after GC invocations=252 (full 0):
 garbage-first heap   total 258048K, used 138971K [0x0000000704000000, 0x0000000800000000)
  region size 1024K, 6 young (6144K), 6 survivors (6144K)
 Metaspace       used 82641K, capacity 85149K, committed 85424K, reserved 1124352K
  class space    used 8580K, capacity 9615K, committed 9728K, reserved 1048576K
}
Event: 1835.248 GC heap before
{Heap before GC invocations=252 (full 0):
 garbage-first heap   total 258048K, used 222939K [0x0000000704000000, 0x0000000800000000)
  region size 1024K, 88 young (90112K), 6 survivors (6144K)
 Metaspace       used 82693K, capacity 85167K, committed 85424K, reserved 1124352K
  class space    used 8587K, capacity 9621K, committed 9728K, reserved 1048576K
}
Event: 1835.252 GC heap after
{Heap after GC invocations=253 (full 0):
 garbage-first heap   total 258048K, used 138723K [0x0000000704000000, 0x0000000800000000)
  region size 1024K, 6 young (6144K), 6 survivors (6144K)
 Metaspace       used 82693K, capacity 85167K, committed 85424K, reserved 1124352K
  class space    used 8587K, capacity 9621K, committed 9728K, reserved 1048576K
}

