# JRE version: Java(TM) SE Runtime Environment (8.0_201-b09) (build 1.8.0_201-b09)
# Java VM: Java HotSpot(TM) 64-Bit Server VM (25.201-b09 mixed mode windows-amd64 compressed oops)
Heap:
 PSYoungGen      total 851968K, used 438201K [0x000000076b400000, 0x00000007afc00000, 0x00000007c0000000)
  eden space 837120K, 52% used [0x000000076b400000,0x0000000785fee658,0x000000079e580000)
  from space 14848K, 0% used [0x000000079e580000,0x000000079e580000,0x000000079f400000)
  to   space 66560K, 0% used [0x00000007abb00000,0x00000007abb00000,0x00000007afc00000)
 ParOldGen       total 307712K, used 106470K [0x00000006c1c00000, 0x00000006d4880000, 0x000000076b400000)
  object space 307712K, 34% used [0x00000006c1c00000,0x00000006c83f9980,0x00000006d4880000)
 Metaspace       used 60486K, capacity 64284K, committed 64512K, reserved 1105920K
  class space    used 6782K, capacity 7372K, committed 7424K, reserved 1048576K
GC Heap History (10 events):
Event: 4.185 GC heap before
{Heap before GC invocations=10 (full 1):
 PSYoungGen      total 537600K, used 5204K [0x000000076b400000, 0x00000007a0280000, 0x00000007c0000000)
  eden space 524288K, 0% used [0x000000076b400000,0x000000076b400000,0x000000078b400000)
  from space 13312K, 39% used [0x000000078b400000,0x000000078b915008,0x000000078c100000)
  to   space 13824K, 0% used [0x000000079f500000,0x000000079f500000,0x00000007a0280000)
 ParOldGen       total 175104K, used 8463K [0x00000006c1c00000, 0x00000006cc700000, 0x000000076b400000)
  object space 175104K, 4% used [0x00000006c1c00000,0x00000006c2443e00,0x00000006cc700000)
 Metaspace       used 20848K, capacity 21124K, committed 21296K, reserved 1069056K
  class space    used 2338K, capacity 2426K, committed 2432K, reserved 1048576K
Event: 4.239 GC heap after
Heap after GC invocations=10 (full 1):
 PSYoungGen      total 537600K, used 0K [0x000000076b400000, 0x00000007a0280000, 0x00000007c0000000)
  eden space 524288K, 0% used [0x000000076b400000,0x000000076b400000,0x000000078b400000)
  from space 13312K, 0% used [0x000000078b400000,0x000000078b400000,0x000000078c100000)
  to   space 13824K, 0% used [0x000000079f500000,0x000000079f500000,0x00000007a0280000)
 ParOldGen       total 93184K, used 10133K [0x00000006c1c00000, 0x00000006c7700000, 0x000000076b400000)
  object space 93184K, 10% used [0x00000006c1c00000,0x00000006c25e5608,0x00000006c7700000)
 Metaspace       used 20848K, capacity 21124K, committed 21296K, reserved 1069056K
  class space    used 2338K, capacity 2426K, committed 2432K, reserved 1048576K
}
Event: 7.003 GC heap before
{Heap before GC invocations=11 (full 1):
 PSYoungGen      total 537600K, used 165908K [0x000000076b400000, 0x00000007a0280000, 0x00000007c0000000)
  eden space 524288K, 31% used [0x000000076b400000,0x0000000775605248,0x000000078b400000)
  from space 13312K, 0% used [0x000000078b400000,0x000000078b400000,0x000000078c100000)
  to   space 13824K, 0% used [0x000000079f500000,0x000000079f500000,0x00000007a0280000)
 ParOldGen       total 93184K, used 10133K [0x00000006c1c00000, 0x00000006c7700000, 0x000000076b400000)
  object space 93184K, 10% used [0x00000006c1c00000,0x00000006c25e5608,0x00000006c7700000)
 Metaspace       used 34717K, capacity 35208K, committed 35456K, reserved 1081344K
  class space    used 4045K, capacity 4195K, committed 4224K, reserved 1048576K
Event: 7.032 GC heap after
Heap after GC invocations=11 (full 1):
 PSYoungGen      total 776192K, used 13823K [0x000000076b400000, 0x00000007a0280000, 0x00000007c0000000)
  eden space 762368K, 0% used [0x000000076b400000,0x000000076b400000,0x0000000799c80000)
  from space 13824K, 99% used [0x000000079f500000,0x00000007a027fd78,0x00000007a0280000)
  to   space 14848K, 0% used [0x000000079e580000,0x000000079e580000,0x000000079f400000)
 ParOldGen       total 93184K, used 10149K [0x00000006c1c00000, 0x00000006c7700000, 0x000000076b400000)
  object space 93184K, 10% used [0x00000006c1c00000,0x00000006c25e9608,0x00000006c7700000)
 Metaspace       used 34717K, capacity 35208K, committed 35456K, reserved 1081344K
  class space    used 4045K, capacity 4195K, committed 4224K, reserved 1048576K
}
Event: 7.032 GC heap before
{Heap before GC invocations=12 (full 2):
 PSYoungGen      total 776192K, used 13823K [0x000000076b400000, 0x00000007a0280000, 0x00000007c0000000)
  eden space 762368K, 0% used [0x000000076b400000,0x000000076b400000,0x0000000799c80000)
  from space 13824K, 99% used [0x000000079f500000,0x00000007a027fd78,0x00000007a0280000)
  to   space 14848K, 0% used [0x000000079e580000,0x000000079e580000,0x000000079f400000)
 ParOldGen       total 93184K, used 10149K [0x00000006c1c00000, 0x00000006c7700000, 0x000000076b400000)
  object space 93184K, 10% used [0x00000006c1c00000,0x00000006c25e9608,0x00000006c7700000)
 Metaspace       used 34717K, capacity 35208K, committed 35456K, reserved 1081344K
  class space    used 4045K, capacity 4195K, committed 4224K, reserved 1048576K
Event: 7.182 GC heap after
Heap after GC invocations=12 (full 2):
 PSYoungGen      total 776192K, used 0K [0x000000076b400000, 0x00000007a0280000, 0x00000007c0000000)
  eden space 762368K, 0% used [0x000000076b400000,0x000000076b400000,0x0000000799c80000)
  from space 13824K, 0% used [0x000000079f500000,0x000000079f500000,0x00000007a0280000)
  to   space 14848K, 0% used [0x000000079e580000,0x000000079e580000,0x000000079f400000)
 ParOldGen       total 140800K, used 22828K [0x00000006c1c00000, 0x00000006ca580000, 0x000000076b400000)
  object space 140800K, 16% used [0x00000006c1c00000,0x00000006c324b1a8,0x00000006ca580000)
 Metaspace       used 34717K, capacity 35208K, committed 35456K, reserved 1081344K
  class space    used 4045K, capacity 4195K, committed 4224K, reserved 1048576K
}
Event: 20.401 GC heap before
{Heap before GC invocations=13 (full 2):
 PSYoungGen      total 776192K, used 560493K [0x000000076b400000, 0x00000007a0280000, 0x00000007c0000000)
  eden space 762368K, 73% used [0x000000076b400000,0x000000078d75b7b0,0x0000000799c80000)
  from space 13824K, 0% used [0x000000079f500000,0x000000079f500000,0x00000007a0280000)
  to   space 14848K, 0% used [0x000000079e580000,0x000000079e580000,0x000000079f400000)
 ParOldGen       total 140800K, used 22828K [0x00000006c1c00000, 0x00000006ca580000, 0x000000076b400000)
  object space 140800K, 16% used [0x00000006c1c00000,0x00000006c324b1a8,0x00000006ca580000)
 Metaspace       used 55470K, capacity 59010K, committed 59096K, reserved 1101824K
  class space    used 6484K, capacity 6997K, committed 7040K, reserved 1048576K
Event: 20.478 GC heap after
Heap after GC invocations=13 (full 2):
 PSYoungGen      total 851968K, used 14824K [0x000000076b400000, 0x00000007afc00000, 0x00000007c0000000)
  eden space 837120K, 0% used [0x000000076b400000,0x000000076b400000,0x000000079e580000)
  from space 14848K, 99% used [0x000000079e580000,0x000000079f3fa398,0x000000079f400000)
  to   space 66560K, 0% used [0x00000007abb00000,0x00000007abb00000,0x00000007afc00000)
 ParOldGen       total 172032K, used 158463K [0x00000006c1c00000, 0x00000006cc400000, 0x000000076b400000)
  object space 172032K, 92% used [0x00000006c1c00000,0x00000006cb6bfd88,0x00000006cc400000)
 Metaspace       used 55470K, capacity 59010K, committed 59096K, reserved 1101824K
  class space    used 6484K, capacity 6997K, committed 7040K, reserved 1048576K
}
Event: 20.478 GC heap before
{Heap before GC invocations=14 (full 3):
 PSYoungGen      total 851968K, used 14824K [0x000000076b400000, 0x00000007afc00000, 0x00000007c0000000)
  eden space 837120K, 0% used [0x000000076b400000,0x000000076b400000,0x000000079e580000)
  from space 14848K, 99% used [0x000000079e580000,0x000000079f3fa398,0x000000079f400000)
  to   space 66560K, 0% used [0x00000007abb00000,0x00000007abb00000,0x00000007afc00000)
 ParOldGen       total 172032K, used 158463K [0x00000006c1c00000, 0x00000006cc400000, 0x000000076b400000)
  object space 172032K, 92% used [0x00000006c1c00000,0x00000006cb6bfd88,0x00000006cc400000)
 Metaspace       used 55470K, capacity 59010K, committed 59096K, reserved 1101824K
  class space    used 6484K, capacity 6997K, committed 7040K, reserved 1048576K
Event: 20.792 GC heap after
Heap after GC invocations=14 (full 3):
 PSYoungGen      total 851968K, used 0K [0x000000076b400000, 0x00000007afc00000, 0x00000007c0000000)
  eden space 837120K, 0% used [0x000000076b400000,0x000000076b400000,0x000000079e580000)
  from space 14848K, 0% used [0x000000079e580000,0x000000079e580000,0x000000079f400000)
  to   space 66560K, 0% used [0x00000007abb00000,0x00000007abb00000,0x00000007afc00000)
 ParOldGen       total 307712K, used 106470K [0x00000006c1c00000, 0x00000006d4880000, 0x000000076b400000)
  object space 307712K, 34% used [0x00000006c1c00000,0x00000006c83f9980,0x00000006d4880000)
 Metaspace       used 55470K, capacity 59010K, committed 59096K, reserved 1101824K
  class space    used 6484K, capacity 6997K, committed 7040K, reserved 1048576K
}

