# JRE version: Java(TM) SE Runtime Environment (8.0_181-b13) (build 1.8.0_181-b13)
# Java VM: Java HotSpot(TM) 64-Bit Server VM (25.181-b13 mixed mode windows-amd64 compressed oops)
Heap:
 PSYoungGen      total 1353728K, used 63372K [0x000000076af00000, 0x00000007bfe80000, 0x00000007c0000000)
  eden space 1316352K, 4% used [0x000000076af00000,0x000000076ece30e8,0x00000007bb480000)
  from space 37376K, 0% used [0x00000007bda00000,0x00000007bda00000,0x00000007bfe80000)
  to   space 37888K, 0% used [0x00000007bb480000,0x00000007bb480000,0x00000007bd980000)
 ParOldGen       total 242688K, used 86008K [0x00000006c0c00000, 0x00000006cf900000, 0x000000076af00000)
  object space 242688K, 35% used [0x00000006c0c00000,0x00000006c5ffe330,0x00000006cf900000)
 Metaspace       used 61168K, capacity 65098K, committed 65112K, reserved 1107968K
  class space    used 6721K, capacity 7286K, committed 7296K, reserved 1048576K
GC Heap History (10 events):
Event: 238.625 GC heap before
{Heap before GC invocations=17 (full 4):
 PSYoungGen      total 1239040K, used 4165K [0x000000076af00000, 0x00000007c0000000, 0x00000007c0000000)
  eden space 1199616K, 0% used [0x000000076af00000,0x000000076af00000,0x00000007b4280000)
  from space 39424K, 10% used [0x00000007b4280000,0x00000007b4691550,0x00000007b6900000)
  to   space 38912K, 0% used [0x00000007bda00000,0x00000007bda00000,0x00000007c0000000)
 ParOldGen       total 173568K, used 137691K [0x00000006c0c00000, 0x00000006cb580000, 0x000000076af00000)
  object space 173568K, 79% used [0x00000006c0c00000,0x00000006c9276ee0,0x00000006cb580000)
 Metaspace       used 60578K, capacity 64590K, committed 64600K, reserved 1105920K
  class space    used 6701K, capacity 7288K, committed 7296K, reserved 1048576K
Event: 238.749 GC heap after
Heap after GC invocations=17 (full 4):
 PSYoungGen      total 1239040K, used 0K [0x000000076af00000, 0x00000007c0000000, 0x00000007c0000000)
  eden space 1199616K, 0% used [0x000000076af00000,0x000000076af00000,0x00000007b4280000)
  from space 39424K, 0% used [0x00000007b4280000,0x00000007b4280000,0x00000007b6900000)
  to   space 38912K, 0% used [0x00000007bda00000,0x00000007bda00000,0x00000007c0000000)
 ParOldGen       total 242688K, used 102112K [0x00000006c0c00000, 0x00000006cf900000, 0x000000076af00000)
  object space 242688K, 42% used [0x00000006c0c00000,0x00000006c6fb80b8,0x00000006cf900000)
 Metaspace       used 60568K, capacity 64554K, committed 64600K, reserved 1105920K
  class space    used 6698K, capacity 7282K, committed 7296K, reserved 1048576K
}
Event: 379.243 GC heap before
{Heap before GC invocations=18 (full 4):
 PSYoungGen      total 1239040K, used 1199616K [0x000000076af00000, 0x00000007c0000000, 0x00000007c0000000)
  eden space 1199616K, 100% used [0x000000076af00000,0x00000007b4280000,0x00000007b4280000)
  from space 39424K, 0% used [0x00000007b4280000,0x00000007b4280000,0x00000007b6900000)
  to   space 38912K, 0% used [0x00000007bda00000,0x00000007bda00000,0x00000007c0000000)
 ParOldGen       total 242688K, used 102112K [0x00000006c0c00000, 0x00000006cf900000, 0x000000076af00000)
  object space 242688K, 42% used [0x00000006c0c00000,0x00000006c6fb80b8,0x00000006cf900000)
 Metaspace       used 60842K, capacity 64814K, committed 64856K, reserved 1107968K
  class space    used 6707K, capacity 7282K, committed 7296K, reserved 1048576K
Event: 379.255 GC heap after
Heap after GC invocations=18 (full 4):
 PSYoungGen      total 1353728K, used 2111K [0x000000076af00000, 0x00000007bff80000, 0x00000007c0000000)
  eden space 1315328K, 0% used [0x000000076af00000,0x000000076af00000,0x00000007bb380000)
  from space 38400K, 5% used [0x00000007bda00000,0x00000007bdc0fc80,0x00000007bff80000)
  to   space 38912K, 0% used [0x00000007bb380000,0x00000007bb380000,0x00000007bd980000)
 ParOldGen       total 242688K, used 102120K [0x00000006c0c00000, 0x00000006cf900000, 0x000000076af00000)
  object space 242688K, 42% used [0x00000006c0c00000,0x00000006c6fba0b8,0x00000006cf900000)
 Metaspace       used 60842K, capacity 64814K, committed 64856K, reserved 1107968K
  class space    used 6707K, capacity 7282K, committed 7296K, reserved 1048576K
}
Event: 531.702 GC heap before
{Heap before GC invocations=19 (full 4):
 PSYoungGen      total 1353728K, used 1317439K [0x000000076af00000, 0x00000007bff80000, 0x00000007c0000000)
  eden space 1315328K, 100% used [0x000000076af00000,0x00000007bb380000,0x00000007bb380000)
  from space 38400K, 5% used [0x00000007bda00000,0x00000007bdc0fc80,0x00000007bff80000)
  to   space 38912K, 0% used [0x00000007bb380000,0x00000007bb380000,0x00000007bd980000)
 ParOldGen       total 242688K, used 102120K [0x00000006c0c00000, 0x00000006cf900000, 0x000000076af00000)
  object space 242688K, 42% used [0x00000006c0c00000,0x00000006c6fba0b8,0x00000006cf900000)
 Metaspace       used 61116K, capacity 65098K, committed 65112K, reserved 1107968K
  class space    used 6714K, capacity 7286K, committed 7296K, reserved 1048576K
Event: 531.706 GC heap after
Heap after GC invocations=19 (full 4):
 PSYoungGen      total 1354240K, used 3545K [0x000000076af00000, 0x00000007bff80000, 0x00000007c0000000)
  eden space 1315328K, 0% used [0x000000076af00000,0x000000076af00000,0x00000007bb380000)
  from space 38912K, 9% used [0x00000007bb380000,0x00000007bb6f6680,0x00000007bd980000)
  to   space 38400K, 0% used [0x00000007bda00000,0x00000007bda00000,0x00000007bff80000)
 ParOldGen       total 242688K, used 102568K [0x00000006c0c00000, 0x00000006cf900000, 0x000000076af00000)
  object space 242688K, 42% used [0x00000006c0c00000,0x00000006c702a258,0x00000006cf900000)
 Metaspace       used 61116K, capacity 65098K, committed 65112K, reserved 1107968K
  class space    used 6714K, capacity 7286K, committed 7296K, reserved 1048576K
}
Event: 533.227 GC heap before
{Heap before GC invocations=20 (full 4):
 PSYoungGen      total 1354240K, used 57311K [0x000000076af00000, 0x00000007bff80000, 0x00000007c0000000)
  eden space 1315328K, 4% used [0x000000076af00000,0x000000076e381950,0x00000007bb380000)
  from space 38912K, 9% used [0x00000007bb380000,0x00000007bb6f6680,0x00000007bd980000)
  to   space 38400K, 0% used [0x00000007bda00000,0x00000007bda00000,0x00000007bff80000)
 ParOldGen       total 242688K, used 102568K [0x00000006c0c00000, 0x00000006cf900000, 0x000000076af00000)
  object space 242688K, 42% used [0x00000006c0c00000,0x00000006c702a258,0x00000006cf900000)
 Metaspace       used 61120K, capacity 65098K, committed 65112K, reserved 1107968K
  class space    used 6714K, capacity 7286K, committed 7296K, reserved 1048576K
Event: 533.232 GC heap after
Heap after GC invocations=20 (full 4):
 PSYoungGen      total 1353728K, used 160K [0x000000076af00000, 0x00000007bfe80000, 0x00000007c0000000)
  eden space 1316352K, 0% used [0x000000076af00000,0x000000076af00000,0x00000007bb480000)
  from space 37376K, 0% used [0x00000007bda00000,0x00000007bda28000,0x00000007bfe80000)
  to   space 37888K, 0% used [0x00000007bb480000,0x00000007bb480000,0x00000007bd980000)
 ParOldGen       total 242688K, used 105595K [0x00000006c0c00000, 0x00000006cf900000, 0x000000076af00000)
  object space 242688K, 43% used [0x00000006c0c00000,0x00000006c731ee98,0x00000006cf900000)
 Metaspace       used 61120K, capacity 65098K, committed 65112K, reserved 1107968K
  class space    used 6714K, capacity 7286K, committed 7296K, reserved 1048576K
}
Event: 533.232 GC heap before
{Heap before GC invocations=21 (full 5):
 PSYoungGen      total 1353728K, used 160K [0x000000076af00000, 0x00000007bfe80000, 0x00000007c0000000)
  eden space 1316352K, 0% used [0x000000076af00000,0x000000076af00000,0x00000007bb480000)
  from space 37376K, 0% used [0x00000007bda00000,0x00000007bda28000,0x00000007bfe80000)
  to   space 37888K, 0% used [0x00000007bb480000,0x00000007bb480000,0x00000007bd980000)
 ParOldGen       total 242688K, used 105595K [0x00000006c0c00000, 0x00000006cf900000, 0x000000076af00000)
  object space 242688K, 43% used [0x00000006c0c00000,0x00000006c731ee98,0x00000006cf900000)
 Metaspace       used 61120K, capacity 65098K, committed 65112K, reserved 1107968K
  class space    used 6714K, capacity 7286K, committed 7296K, reserved 1048576K
Event: 533.494 GC heap after
Heap after GC invocations=21 (full 5):
 PSYoungGen      total 1353728K, used 0K [0x000000076af00000, 0x00000007bfe80000, 0x00000007c0000000)
  eden space 1316352K, 0% used [0x000000076af00000,0x000000076af00000,0x00000007bb480000)
  from space 37376K, 0% used [0x00000007bda00000,0x00000007bda00000,0x00000007bfe80000)
  to   space 37888K, 0% used [0x00000007bb480000,0x00000007bb480000,0x00000007bd980000)
 ParOldGen       total 242688K, used 86008K [0x00000006c0c00000, 0x00000006cf900000, 0x000000076af00000)
  object space 242688K, 35% used [0x00000006c0c00000,0x00000006c5ffe330,0x00000006cf900000)
 Metaspace       used 61120K, capacity 65098K, committed 65112K, reserved 1107968K
  class space    used 6714K, capacity 7286K, committed 7296K, reserved 1048576K
}

