# JRE version: Java(TM) SE Runtime Environment 18.9 (11.0.9+7) (build 11.0.9+7-LTS)
# Java VM: Java HotSpot(TM) 64-Bit Server VM 18.9 (11.0.9+7-LTS, mixed mode, tiered, compressed oops, g1 gc, windows-amd64)
Heap:
 garbage-first heap   total 446464K, used 287279K [0x0000000704000000, 0x0000000800000000)
  region size 1024K, 125 young (128000K), 4 survivors (4096K)
 Metaspace       used 81974K, capacity 84332K, committed 84520K, reserved 1124352K
  class space    used 8531K, capacity 9523K, committed 9600K, reserved 1048576K
GC Heap History (10 events):
Event: 239.695 GC heap before
{Heap before GC invocations=41 (full 0):
 garbage-first heap   total 446464K, used 384801K [0x0000000704000000, 0x0000000800000000)
  region size 1024K, 219 young (224256K), 3 survivors (3072K)
 Metaspace       used 81708K, capacity 84099K, committed 84264K, reserved 1124352K
  class space    used 8518K, capacity 9521K, committed 9600K, reserved 1048576K
}
Event: 239.698 GC heap after
{Heap after GC invocations=42 (full 0):
 garbage-first heap   total 446464K, used 163694K [0x0000000704000000, 0x0000000800000000)
  region size 1024K, 3 young (3072K), 3 survivors (3072K)
 Metaspace       used 81708K, capacity 84099K, committed 84264K, reserved 1124352K
  class space    used 8518K, capacity 9521K, committed 9600K, reserved 1048576K
}
Event: 264.278 GC heap before
{Heap before GC invocations=42 (full 0):
 garbage-first heap   total 446464K, used 386926K [0x0000000704000000, 0x0000000800000000)
  region size 1024K, 221 young (226304K), 3 survivors (3072K)
 Metaspace       used 81746K, capacity 84102K, committed 84264K, reserved 1124352K
  class space    used 8518K, capacity 9521K, committed 9600K, reserved 1048576K
}
Event: 264.281 GC heap after
{Heap after GC invocations=43 (full 0):
 garbage-first heap   total 446464K, used 163782K [0x0000000704000000, 0x0000000800000000)
  region size 1024K, 3 young (3072K), 3 survivors (3072K)
 Metaspace       used 81746K, capacity 84102K, committed 84264K, reserved 1124352K
  class space    used 8518K, capacity 9521K, committed 9600K, reserved 1048576K
}
Event: 286.710 GC heap before
{Heap before GC invocations=43 (full 0):
 garbage-first heap   total 446464K, used 388038K [0x0000000704000000, 0x0000000800000000)
  region size 1024K, 222 young (227328K), 3 survivors (3072K)
 Metaspace       used 81767K, capacity 84166K, committed 84264K, reserved 1124352K
  class space    used 8518K, capacity 9521K, committed 9600K, reserved 1048576K
}
Event: 286.714 GC heap after
{Heap after GC invocations=44 (full 0):
 garbage-first heap   total 446464K, used 163946K [0x0000000704000000, 0x0000000800000000)
  region size 1024K, 3 young (3072K), 3 survivors (3072K)
 Metaspace       used 81767K, capacity 84166K, committed 84264K, reserved 1124352K
  class space    used 8518K, capacity 9521K, committed 9600K, reserved 1048576K
}
Event: 310.930 GC heap before
{Heap before GC invocations=44 (full 0):
 garbage-first heap   total 446464K, used 389226K [0x0000000704000000, 0x0000000800000000)
  region size 1024K, 223 young (228352K), 3 survivors (3072K)
 Metaspace       used 81776K, capacity 84169K, committed 84264K, reserved 1124352K
  class space    used 8519K, capacity 9522K, committed 9600K, reserved 1048576K
}
Event: 310.934 GC heap after
{Heap after GC invocations=45 (full 0):
 garbage-first heap   total 446464K, used 164081K [0x0000000704000000, 0x0000000800000000)
  region size 1024K, 3 young (3072K), 3 survivors (3072K)
 Metaspace       used 81776K, capacity 84169K, committed 84264K, reserved 1124352K
  class space    used 8519K, capacity 9522K, committed 9600K, reserved 1048576K
}
Event: 335.293 GC heap before
{Heap before GC invocations=45 (full 0):
 garbage-first heap   total 446464K, used 390385K [0x0000000704000000, 0x0000000800000000)
  region size 1024K, 224 young (229376K), 3 survivors (3072K)
 Metaspace       used 81906K, capacity 84265K, committed 84520K, reserved 1124352K
  class space    used 8519K, capacity 9522K, committed 9600K, reserved 1048576K
}
Event: 335.297 GC heap after
{Heap after GC invocations=46 (full 0):
 garbage-first heap   total 446464K, used 164399K [0x0000000704000000, 0x0000000800000000)
  region size 1024K, 4 young (4096K), 4 survivors (4096K)
 Metaspace       used 81906K, capacity 84265K, committed 84520K, reserved 1124352K
  class space    used 8519K, capacity 9522K, committed 9600K, reserved 1048576K
}

