# JRE version: Java(TM) SE Runtime Environment (8.0_201-b09) (build 1.8.0_201-b09)
# Java VM: Java HotSpot(TM) 64-Bit Server VM (25.201-b09 mixed mode windows-amd64 compressed oops)
Heap:
 PSYoungGen      total 784384K, used 530966K [0x000000076b400000, 0x00000007a0380000, 0x00000007c0000000)
  eden space 770048K, 68% used [0x000000076b400000,0x000000078ba858f0,0x000000079a400000)
  from space 14336K, 0% used [0x000000079f580000,0x000000079f580000,0x00000007a0380000)
  to   space 15360K, 0% used [0x000000079e580000,0x000000079e580000,0x000000079f480000)
 ParOldGen       total 140288K, used 23014K [0x00000006c1c00000, 0x00000006ca500000, 0x000000076b400000)
  object space 140288K, 16% used [0x00000006c1c00000,0x00000006c3279a30,0x00000006ca500000)
 Metaspace       used 55569K, capacity 59021K, committed 59160K, reserved 1101824K
  class space    used 6477K, capacity 6995K, committed 7080K, reserved 1048576K
GC Heap History (10 events):
Event: 3.715 GC heap before
{Heap before GC invocations=8 (full 0):
 PSYoungGen      total 275456K, used 269105K [0x000000076b400000, 0x000000078cf00000, 0x00000007c0000000)
  eden space 262144K, 99% used [0x000000076b400000,0x000000077b3edf80,0x000000077b400000)
  from space 13312K, 52% used [0x000000077b400000,0x000000077bade638,0x000000077c100000)
  to   space 13824K, 0% used [0x000000078c180000,0x000000078c180000,0x000000078cf00000)
 ParOldGen       total 175104K, used 7528K [0x00000006c1c00000, 0x00000006cc700000, 0x000000076b400000)
  object space 175104K, 4% used [0x00000006c1c00000,0x00000006c235a040,0x00000006cc700000)
 Metaspace       used 17701K, capacity 17954K, committed 18176K, reserved 1064960K
  class space    used 2163K, capacity 2263K, committed 2304K, reserved 1048576K
Event: 3.718 GC heap after
Heap after GC invocations=8 (full 0):
 PSYoungGen      total 538112K, used 7504K [0x000000076b400000, 0x000000078cf00000, 0x00000007c0000000)
  eden space 524288K, 0% used [0x000000076b400000,0x000000076b400000,0x000000078b400000)
  from space 13824K, 54% used [0x000000078c180000,0x000000078c8d42b0,0x000000078cf00000)
  to   space 13824K, 0% used [0x000000078b400000,0x000000078b400000,0x000000078c180000)
 ParOldGen       total 175104K, used 8000K [0x00000006c1c00000, 0x00000006cc700000, 0x000000076b400000)
  object space 175104K, 4% used [0x00000006c1c00000,0x00000006c23d0040,0x00000006cc700000)
 Metaspace       used 17701K, capacity 17954K, committed 18176K, reserved 1064960K
  class space    used 2163K, capacity 2263K, committed 2304K, reserved 1048576K
}
Event: 3.923 GC heap before
{Heap before GC invocations=9 (full 0):
 PSYoungGen      total 538112K, used 35349K [0x000000076b400000, 0x000000078cf00000, 0x00000007c0000000)
  eden space 524288K, 5% used [0x000000076b400000,0x000000076cf312c0,0x000000078b400000)
  from space 13824K, 54% used [0x000000078c180000,0x000000078c8d42b0,0x000000078cf00000)
  to   space 13824K, 0% used [0x000000078b400000,0x000000078b400000,0x000000078c180000)
 ParOldGen       total 175104K, used 8000K [0x00000006c1c00000, 0x00000006cc700000, 0x000000076b400000)
  object space 175104K, 4% used [0x00000006c1c00000,0x00000006c23d0040,0x00000006cc700000)
 Metaspace       used 20844K, capacity 21131K, committed 21296K, reserved 1069056K
  class space    used 2338K, capacity 2426K, committed 2432K, reserved 1048576K
Event: 3.927 GC heap after
Heap after GC invocations=9 (full 0):
 PSYoungGen      total 538112K, used 5145K [0x000000076b400000, 0x00000007a0380000, 0x00000007c0000000)
  eden space 524288K, 0% used [0x000000076b400000,0x000000076b400000,0x000000078b400000)
  from space 13824K, 37% used [0x000000078b400000,0x000000078b9065d8,0x000000078c180000)
  to   space 14336K, 0% used [0x000000079f580000,0x000000079f580000,0x00000007a0380000)
 ParOldGen       total 175104K, used 9113K [0x00000006c1c00000, 0x00000006cc700000, 0x000000076b400000)
  object space 175104K, 5% used [0x00000006c1c00000,0x00000006c24e6618,0x00000006cc700000)
 Metaspace       used 20844K, capacity 21131K, committed 21296K, reserved 1069056K
  class space    used 2338K, capacity 2426K, committed 2432K, reserved 1048576K
}
Event: 3.927 GC heap before
{Heap before GC invocations=10 (full 1):
 PSYoungGen      total 538112K, used 5145K [0x000000076b400000, 0x00000007a0380000, 0x00000007c0000000)
  eden space 524288K, 0% used [0x000000076b400000,0x000000076b400000,0x000000078b400000)
  from space 13824K, 37% used [0x000000078b400000,0x000000078b9065d8,0x000000078c180000)
  to   space 14336K, 0% used [0x000000079f580000,0x000000079f580000,0x00000007a0380000)
 ParOldGen       total 175104K, used 9113K [0x00000006c1c00000, 0x00000006cc700000, 0x000000076b400000)
  object space 175104K, 5% used [0x00000006c1c00000,0x00000006c24e6618,0x00000006cc700000)
 Metaspace       used 20844K, capacity 21131K, committed 21296K, reserved 1069056K
  class space    used 2338K, capacity 2426K, committed 2432K, reserved 1048576K
Event: 3.972 GC heap after
Heap after GC invocations=10 (full 1):
 PSYoungGen      total 538112K, used 0K [0x000000076b400000, 0x00000007a0380000, 0x00000007c0000000)
  eden space 524288K, 0% used [0x000000076b400000,0x000000076b400000,0x000000078b400000)
  from space 13824K, 0% used [0x000000078b400000,0x000000078b400000,0x000000078c180000)
  to   space 14336K, 0% used [0x000000079f580000,0x000000079f580000,0x00000007a0380000)
 ParOldGen       total 91648K, used 10352K [0x00000006c1c00000, 0x00000006c7580000, 0x000000076b400000)
  object space 91648K, 11% used [0x00000006c1c00000,0x00000006c261c298,0x00000006c7580000)
 Metaspace       used 20844K, capacity 21131K, committed 21296K, reserved 1069056K
  class space    used 2338K, capacity 2426K, committed 2432K, reserved 1048576K
}
Event: 6.347 GC heap before
{Heap before GC invocations=11 (full 1):
 PSYoungGen      total 538112K, used 157229K [0x000000076b400000, 0x00000007a0380000, 0x00000007c0000000)
  eden space 524288K, 29% used [0x000000076b400000,0x0000000774d8b730,0x000000078b400000)
  from space 13824K, 0% used [0x000000078b400000,0x000000078b400000,0x000000078c180000)
  to   space 14336K, 0% used [0x000000079f580000,0x000000079f580000,0x00000007a0380000)
 ParOldGen       total 91648K, used 10352K [0x00000006c1c00000, 0x00000006c7580000, 0x000000076b400000)
  object space 91648K, 11% used [0x00000006c1c00000,0x00000006c261c298,0x00000006c7580000)
 Metaspace       used 34691K, capacity 35177K, committed 35496K, reserved 1081344K
  class space    used 4072K, capacity 4230K, committed 4264K, reserved 1048576K
Event: 6.368 GC heap after
Heap after GC invocations=11 (full 1):
 PSYoungGen      total 784384K, used 13839K [0x000000076b400000, 0x00000007a0380000, 0x00000007c0000000)
  eden space 770048K, 0% used [0x000000076b400000,0x000000076b400000,0x000000079a400000)
  from space 14336K, 96% used [0x000000079f580000,0x00000007a0303f18,0x00000007a0380000)
  to   space 15360K, 0% used [0x000000079e580000,0x000000079e580000,0x000000079f480000)
 ParOldGen       total 91648K, used 10360K [0x00000006c1c00000, 0x00000006c7580000, 0x000000076b400000)
  object space 91648K, 11% used [0x00000006c1c00000,0x00000006c261e298,0x00000006c7580000)
 Metaspace       used 34691K, capacity 35177K, committed 35496K, reserved 1081344K
  class space    used 4072K, capacity 4230K, committed 4264K, reserved 1048576K
}
Event: 6.368 GC heap before
{Heap before GC invocations=12 (full 2):
 PSYoungGen      total 784384K, used 13839K [0x000000076b400000, 0x00000007a0380000, 0x00000007c0000000)
  eden space 770048K, 0% used [0x000000076b400000,0x000000076b400000,0x000000079a400000)
  from space 14336K, 96% used [0x000000079f580000,0x00000007a0303f18,0x00000007a0380000)
  to   space 15360K, 0% used [0x000000079e580000,0x000000079e580000,0x000000079f480000)
 ParOldGen       total 91648K, used 10360K [0x00000006c1c00000, 0x00000006c7580000, 0x000000076b400000)
  object space 91648K, 11% used [0x00000006c1c00000,0x00000006c261e298,0x00000006c7580000)
 Metaspace       used 34691K, capacity 35177K, committed 35496K, reserved 1081344K
  class space    used 4072K, capacity 4230K, committed 4264K, reserved 1048576K
Event: 6.512 GC heap after
Heap after GC invocations=12 (full 2):
 PSYoungGen      total 784384K, used 0K [0x000000076b400000, 0x00000007a0380000, 0x00000007c0000000)
  eden space 770048K, 0% used [0x000000076b400000,0x000000076b400000,0x000000079a400000)
  from space 14336K, 0% used [0x000000079f580000,0x000000079f580000,0x00000007a0380000)
  to   space 15360K, 0% used [0x000000079e580000,0x000000079e580000,0x000000079f480000)
 ParOldGen       total 140288K, used 23014K [0x00000006c1c00000, 0x00000006ca500000, 0x000000076b400000)
  object space 140288K, 16% used [0x00000006c1c00000,0x00000006c3279a30,0x00000006ca500000)
 Metaspace       used 34691K, capacity 35177K, committed 35496K, reserved 1081344K
  class space    used 4072K, capacity 4230K, committed 4264K, reserved 1048576K
}

