# JRE version: Java(TM) SE Runtime Environment (11.0.2+9) (build 11.0.2+9-LTS)
# Java VM: Java HotSpot(TM) 64-Bit Server VM (11.0.2+9-LTS, mixed mode, tiered, compressed oops, g1 gc, windows-amd64)
Heap:
 garbage-first heap   total 331776K, used 129536K [0x0000000081c00000, 0x0000000100000000)
  region size 1024K, 31 young (31744K), 5 survivors (5120K)
 Metaspace       used 70823K, capacity 72669K, committed 72880K, reserved 1114112K
  class space    used 7386K, capacity 8153K, committed 8192K, reserved 1048576K
GC Heap History (10 events):
Event: 15.079 GC heap before
{Heap before GC invocations=48 (full 0):
 garbage-first heap   total 331776K, used 153373K [0x0000000081c00000, 0x0000000100000000)
  region size 1024K, 107 young (109568K), 13 survivors (13312K)
 Metaspace       used 64877K, capacity 66640K, committed 66736K, reserved 1107968K
  class space    used 7084K, capacity 7869K, committed 7936K, reserved 1048576K
}
Event: 15.096 GC heap after
{Heap after GC invocations=49 (full 0):
 garbage-first heap   total 331776K, used 72840K [0x0000000081c00000, 0x0000000100000000)
  region size 1024K, 17 young (17408K), 17 survivors (17408K)
 Metaspace       used 64877K, capacity 66640K, committed 66736K, reserved 1107968K
  class space    used 7084K, capacity 7869K, committed 7936K, reserved 1048576K
}
Event: 81.799 GC heap before
{Heap before GC invocations=50 (full 0):
 garbage-first heap   total 331776K, used 194696K [0x0000000081c00000, 0x0000000100000000)
  region size 1024K, 132 young (135168K), 17 survivors (17408K)
 Metaspace       used 68107K, capacity 69890K, committed 70192K, reserved 1112064K
  class space    used 7239K, capacity 8009K, committed 8064K, reserved 1048576K
}
Event: 81.821 GC heap after
{Heap after GC invocations=51 (full 0):
 garbage-first heap   total 331776K, used 99328K [0x0000000081c00000, 0x0000000100000000)
  region size 1024K, 17 young (17408K), 17 survivors (17408K)
 Metaspace       used 68107K, capacity 69890K, committed 70192K, reserved 1112064K
  class space    used 7239K, capacity 8009K, committed 8064K, reserved 1048576K
}
Event: 105.185 GC heap before
{Heap before GC invocations=51 (full 0):
 garbage-first heap   total 331776K, used 220160K [0x0000000081c00000, 0x0000000100000000)
  region size 1024K, 135 young (138240K), 17 survivors (17408K)
 Metaspace       used 70403K, capacity 72271K, committed 72368K, reserved 1114112K
  class space    used 7374K, capacity 8152K, committed 8192K, reserved 1048576K
}
Event: 105.198 GC heap after
{Heap after GC invocations=52 (full 0):
 garbage-first heap   total 331776K, used 104448K [0x0000000081c00000, 0x0000000100000000)
  region size 1024K, 5 young (5120K), 5 survivors (5120K)
 Metaspace       used 70403K, capacity 72271K, committed 72368K, reserved 1114112K
  class space    used 7374K, capacity 8152K, committed 8192K, reserved 1048576K
}
Event: 124.335 GC heap before
{Heap before GC invocations=52 (full 0):
 garbage-first heap   total 331776K, used 228352K [0x0000000081c00000, 0x0000000100000000)
  region size 1024K, 126 young (129024K), 5 survivors (5120K)
 Metaspace       used 70667K, capacity 72471K, committed 72624K, reserved 1114112K
  class space    used 7377K, capacity 8152K, committed 8192K, reserved 1048576K
}
Event: 124.352 GC heap after
{Heap after GC invocations=53 (full 0):
 garbage-first heap   total 331776K, used 104960K [0x0000000081c00000, 0x0000000100000000)
  region size 1024K, 5 young (5120K), 5 survivors (5120K)
 Metaspace       used 70667K, capacity 72471K, committed 72624K, reserved 1114112K
  class space    used 7377K, capacity 8152K, committed 8192K, reserved 1048576K
}
Event: 147.676 GC heap before
{Heap before GC invocations=53 (full 0):
 garbage-first heap   total 331776K, used 244224K [0x0000000081c00000, 0x0000000100000000)
  region size 1024K, 141 young (144384K), 5 survivors (5120K)
 Metaspace       used 70730K, capacity 72602K, committed 72880K, reserved 1114112K
  class space    used 7378K, capacity 8153K, committed 8192K, reserved 1048576K
}
Event: 147.681 GC heap after
{Heap after GC invocations=54 (full 0):
 garbage-first heap   total 331776K, used 104960K [0x0000000081c00000, 0x0000000100000000)
  region size 1024K, 5 young (5120K), 5 survivors (5120K)
 Metaspace       used 70730K, capacity 72602K, committed 72880K, reserved 1114112K
  class space    used 7378K, capacity 8153K, committed 8192K, reserved 1048576K
}

