# JRE version: Java(TM) SE Runtime Environment (8.0_201-b09) (build 1.8.0_201-b09)
# Java VM: Java HotSpot(TM) 64-Bit Server VM (25.201-b09 mixed mode windows-amd64 compressed oops)
Heap:
 PSYoungGen      total 775680K, used 631256K [0x000000076b400000, 0x00000007a0280000, 0x00000007c0000000)
  eden space 761344K, 82% used [0x000000076b400000,0x0000000791c76320,0x0000000799b80000)
  from space 14336K, 0% used [0x000000079f480000,0x000000079f480000,0x00000007a0280000)
  to   space 15360K, 0% used [0x000000079e480000,0x000000079e480000,0x000000079f380000)
 ParOldGen       total 134144K, used 23051K [0x00000006c1c00000, 0x00000006c9f00000, 0x000000076b400000)
  object space 134144K, 17% used [0x00000006c1c00000,0x00000006c3282e60,0x00000006c9f00000)
 Metaspace       used 55363K, capacity 58882K, committed 58920K, reserved 1101824K
  class space    used 6431K, capacity 6951K, committed 6952K, reserved 1048576K
GC Heap History (10 events):
Event: 4.423 GC heap before
{Heap before GC invocations=8 (full 0):
 PSYoungGen      total 275456K, used 268395K [0x000000076b400000, 0x000000078ce00000, 0x00000007c0000000)
  eden space 262144K, 99% used [0x000000076b400000,0x000000077b336658,0x000000077b400000)
  from space 13312K, 53% used [0x000000077b400000,0x000000077bae4720,0x000000077c100000)
  to   space 13312K, 0% used [0x000000078c100000,0x000000078c100000,0x000000078ce00000)
 ParOldGen       total 175104K, used 6963K [0x00000006c1c00000, 0x00000006cc700000, 0x000000076b400000)
  object space 175104K, 3% used [0x00000006c1c00000,0x00000006c22ccee0,0x00000006cc700000)
 Metaspace       used 17707K, capacity 17954K, committed 18176K, reserved 1064960K
  class space    used 2167K, capacity 2263K, committed 2304K, reserved 1048576K
Event: 4.426 GC heap after
Heap after GC invocations=8 (full 0):
 PSYoungGen      total 537088K, used 6574K [0x000000076b400000, 0x000000078cf00000, 0x00000007c0000000)
  eden space 523776K, 0% used [0x000000076b400000,0x000000076b400000,0x000000078b380000)
  from space 13312K, 49% used [0x000000078c100000,0x000000078c76b9f0,0x000000078ce00000)
  to   space 13824K, 0% used [0x000000078b380000,0x000000078b380000,0x000000078c100000)
 ParOldGen       total 175104K, used 7411K [0x00000006c1c00000, 0x00000006cc700000, 0x000000076b400000)
  object space 175104K, 4% used [0x00000006c1c00000,0x00000006c233cdf0,0x00000006cc700000)
 Metaspace       used 17707K, capacity 17954K, committed 18176K, reserved 1064960K
  class space    used 2167K, capacity 2263K, committed 2304K, reserved 1048576K
}
Event: 4.681 GC heap before
{Heap before GC invocations=9 (full 0):
 PSYoungGen      total 537088K, used 35032K [0x000000076b400000, 0x000000078cf00000, 0x00000007c0000000)
  eden space 523776K, 5% used [0x000000076b400000,0x000000076cfca730,0x000000078b380000)
  from space 13312K, 49% used [0x000000078c100000,0x000000078c76b9f0,0x000000078ce00000)
  to   space 13824K, 0% used [0x000000078b380000,0x000000078b380000,0x000000078c100000)
 ParOldGen       total 175104K, used 7411K [0x00000006c1c00000, 0x00000006cc700000, 0x000000076b400000)
  object space 175104K, 4% used [0x00000006c1c00000,0x00000006c233cdf0,0x00000006cc700000)
 Metaspace       used 20779K, capacity 21068K, committed 21296K, reserved 1069056K
  class space    used 2335K, capacity 2426K, committed 2432K, reserved 1048576K
Event: 4.685 GC heap after
Heap after GC invocations=9 (full 0):
 PSYoungGen      total 537600K, used 5103K [0x000000076b400000, 0x00000007a0280000, 0x00000007c0000000)
  eden space 523776K, 0% used [0x000000076b400000,0x000000076b400000,0x000000078b380000)
  from space 13824K, 36% used [0x000000078b380000,0x000000078b87bf90,0x000000078c100000)
  to   space 14336K, 0% used [0x000000079f480000,0x000000079f480000,0x00000007a0280000)
 ParOldGen       total 175104K, used 8543K [0x00000006c1c00000, 0x00000006cc700000, 0x000000076b400000)
  object space 175104K, 4% used [0x00000006c1c00000,0x00000006c2457df8,0x00000006cc700000)
 Metaspace       used 20779K, capacity 21068K, committed 21296K, reserved 1069056K
  class space    used 2335K, capacity 2426K, committed 2432K, reserved 1048576K
}
Event: 4.685 GC heap before
{Heap before GC invocations=10 (full 1):
 PSYoungGen      total 537600K, used 5103K [0x000000076b400000, 0x00000007a0280000, 0x00000007c0000000)
  eden space 523776K, 0% used [0x000000076b400000,0x000000076b400000,0x000000078b380000)
  from space 13824K, 36% used [0x000000078b380000,0x000000078b87bf90,0x000000078c100000)
  to   space 14336K, 0% used [0x000000079f480000,0x000000079f480000,0x00000007a0280000)
 ParOldGen       total 175104K, used 8543K [0x00000006c1c00000, 0x00000006cc700000, 0x000000076b400000)
  object space 175104K, 4% used [0x00000006c1c00000,0x00000006c2457df8,0x00000006cc700000)
 Metaspace       used 20779K, capacity 21068K, committed 21296K, reserved 1069056K
  class space    used 2335K, capacity 2426K, committed 2432K, reserved 1048576K
Event: 4.748 GC heap after
Heap after GC invocations=10 (full 1):
 PSYoungGen      total 537600K, used 0K [0x000000076b400000, 0x00000007a0280000, 0x00000007c0000000)
  eden space 523776K, 0% used [0x000000076b400000,0x000000076b400000,0x000000078b380000)
  from space 13824K, 0% used [0x000000078b380000,0x000000078b380000,0x000000078c100000)
  to   space 14336K, 0% used [0x000000079f480000,0x000000079f480000,0x00000007a0280000)
 ParOldGen       total 92672K, used 10301K [0x00000006c1c00000, 0x00000006c7680000, 0x000000076b400000)
  object space 92672K, 11% used [0x00000006c1c00000,0x00000006c260f640,0x00000006c7680000)
 Metaspace       used 20779K, capacity 21068K, committed 21296K, reserved 1069056K
  class space    used 2335K, capacity 2426K, committed 2432K, reserved 1048576K
}
Event: 7.979 GC heap before
{Heap before GC invocations=11 (full 1):
 PSYoungGen      total 537600K, used 172031K [0x000000076b400000, 0x00000007a0280000, 0x00000007c0000000)
  eden space 523776K, 32% used [0x000000076b400000,0x0000000775bffdc8,0x000000078b380000)
  from space 13824K, 0% used [0x000000078b380000,0x000000078b380000,0x000000078c100000)
  to   space 14336K, 0% used [0x000000079f480000,0x000000079f480000,0x00000007a0280000)
 ParOldGen       total 92672K, used 10301K [0x00000006c1c00000, 0x00000006c7680000, 0x000000076b400000)
  object space 92672K, 11% used [0x00000006c1c00000,0x00000006c260f640,0x00000006c7680000)
 Metaspace       used 34714K, capacity 35182K, committed 35496K, reserved 1081344K
  class space    used 4074K, capacity 4230K, committed 4264K, reserved 1048576K
Event: 8.001 GC heap after
Heap after GC invocations=11 (full 1):
 PSYoungGen      total 775680K, used 13968K [0x000000076b400000, 0x00000007a0280000, 0x00000007c0000000)
  eden space 761344K, 0% used [0x000000076b400000,0x000000076b400000,0x0000000799b80000)
  from space 14336K, 97% used [0x000000079f480000,0x00000007a0224328,0x00000007a0280000)
  to   space 15360K, 0% used [0x000000079e480000,0x000000079e480000,0x000000079f380000)
 ParOldGen       total 92672K, used 10317K [0x00000006c1c00000, 0x00000006c7680000, 0x000000076b400000)
  object space 92672K, 11% used [0x00000006c1c00000,0x00000006c2613640,0x00000006c7680000)
 Metaspace       used 34714K, capacity 35182K, committed 35496K, reserved 1081344K
  class space    used 4074K, capacity 4230K, committed 4264K, reserved 1048576K
}
Event: 8.001 GC heap before
{Heap before GC invocations=12 (full 2):
 PSYoungGen      total 775680K, used 13968K [0x000000076b400000, 0x00000007a0280000, 0x00000007c0000000)
  eden space 761344K, 0% used [0x000000076b400000,0x000000076b400000,0x0000000799b80000)
  from space 14336K, 97% used [0x000000079f480000,0x00000007a0224328,0x00000007a0280000)
  to   space 15360K, 0% used [0x000000079e480000,0x000000079e480000,0x000000079f380000)
 ParOldGen       total 92672K, used 10317K [0x00000006c1c00000, 0x00000006c7680000, 0x000000076b400000)
  object space 92672K, 11% used [0x00000006c1c00000,0x00000006c2613640,0x00000006c7680000)
 Metaspace       used 34714K, capacity 35182K, committed 35496K, reserved 1081344K
  class space    used 4074K, capacity 4230K, committed 4264K, reserved 1048576K
Event: 8.114 GC heap after
Heap after GC invocations=12 (full 2):
 PSYoungGen      total 775680K, used 0K [0x000000076b400000, 0x00000007a0280000, 0x00000007c0000000)
  eden space 761344K, 0% used [0x000000076b400000,0x000000076b400000,0x0000000799b80000)
  from space 14336K, 0% used [0x000000079f480000,0x000000079f480000,0x00000007a0280000)
  to   space 15360K, 0% used [0x000000079e480000,0x000000079e480000,0x000000079f380000)
 ParOldGen       total 134144K, used 23051K [0x00000006c1c00000, 0x00000006c9f00000, 0x000000076b400000)
  object space 134144K, 17% used [0x00000006c1c00000,0x00000006c3282e60,0x00000006c9f00000)
 Metaspace       used 34714K, capacity 35182K, committed 35496K, reserved 1081344K
  class space    used 4074K, capacity 4230K, committed 4264K, reserved 1048576K
}

