# JRE version: Java(TM) SE Runtime Environment (8.0_201-b09) (build 1.8.0_201-b09)
# Java VM: Java HotSpot(TM) 64-Bit Server VM (25.201-b09 mixed mode windows-amd64 compressed oops)
Heap:
 PSYoungGen      total 1142272K, used 733609K [0x000000076b400000, 0x00000007b6a00000, 0x00000007c0000000)
  eden space 1098240K, 63% used [0x000000076b400000,0x0000000795d78688,0x00000007ae480000)
  from space 44032K, 81% used [0x00000007b1380000,0x00000007b3672090,0x00000007b3e80000)
  to   space 48128K, 0% used [0x00000007ae480000,0x00000007ae480000,0x00000007b1380000)
 ParOldGen       total 221696K, used 77081K [0x00000006c1c00000, 0x00000006cf480000, 0x000000076b400000)
  object space 221696K, 34% used [0x00000006c1c00000,0x00000006c67465a8,0x00000006cf480000)
 Metaspace       used 60858K, capacity 64640K, committed 64808K, reserved 1105920K
  class space    used 6801K, capacity 7384K, committed 7464K, reserved 1048576K
GC Heap History (10 events):
Event: 6.131 GC heap before
{Heap before GC invocations=11 (full 1):
 PSYoungGen      total 537600K, used 162027K [0x000000076b400000, 0x00000007a0280000, 0x00000007c0000000)
  eden space 523776K, 30% used [0x000000076b400000,0x000000077523afd0,0x000000078b380000)
  from space 13824K, 0% used [0x000000078b380000,0x000000078b380000,0x000000078c100000)
  to   space 14336K, 0% used [0x000000079f480000,0x000000079f480000,0x00000007a0280000)
 ParOldGen       total 88064K, used 10277K [0x00000006c1c00000, 0x00000006c7200000, 0x000000076b400000)
  object space 88064K, 11% used [0x00000006c1c00000,0x00000006c2609758,0x00000006c7200000)
 Metaspace       used 34725K, capacity 35170K, committed 35496K, reserved 1081344K
  class space    used 4081K, capacity 4230K, committed 4264K, reserved 1048576K
Event: 6.145 GC heap after
Heap after GC invocations=11 (full 1):
 PSYoungGen      total 805888K, used 13949K [0x000000076b400000, 0x00000007a0280000, 0x00000007c0000000)
  eden space 791552K, 0% used [0x000000076b400000,0x000000076b400000,0x000000079b900000)
  from space 14336K, 97% used [0x000000079f480000,0x00000007a021f5b8,0x00000007a0280000)
  to   space 15360K, 0% used [0x000000079e480000,0x000000079e480000,0x000000079f380000)
 ParOldGen       total 88064K, used 10293K [0x00000006c1c00000, 0x00000006c7200000, 0x000000076b400000)
  object space 88064K, 11% used [0x00000006c1c00000,0x00000006c260d758,0x00000006c7200000)
 Metaspace       used 34725K, capacity 35170K, committed 35496K, reserved 1081344K
  class space    used 4081K, capacity 4230K, committed 4264K, reserved 1048576K
}
Event: 6.145 GC heap before
{Heap before GC invocations=12 (full 2):
 PSYoungGen      total 805888K, used 13949K [0x000000076b400000, 0x00000007a0280000, 0x00000007c0000000)
  eden space 791552K, 0% used [0x000000076b400000,0x000000076b400000,0x000000079b900000)
  from space 14336K, 97% used [0x000000079f480000,0x00000007a021f5b8,0x00000007a0280000)
  to   space 15360K, 0% used [0x000000079e480000,0x000000079e480000,0x000000079f380000)
 ParOldGen       total 88064K, used 10293K [0x00000006c1c00000, 0x00000006c7200000, 0x000000076b400000)
  object space 88064K, 11% used [0x00000006c1c00000,0x00000006c260d758,0x00000006c7200000)
 Metaspace       used 34725K, capacity 35170K, committed 35496K, reserved 1081344K
  class space    used 4081K, capacity 4230K, committed 4264K, reserved 1048576K
Event: 6.197 GC heap after
Heap after GC invocations=12 (full 2):
 PSYoungGen      total 805888K, used 0K [0x000000076b400000, 0x00000007a0280000, 0x00000007c0000000)
  eden space 791552K, 0% used [0x000000076b400000,0x000000076b400000,0x000000079b900000)
  from space 14336K, 0% used [0x000000079f480000,0x000000079f480000,0x00000007a0280000)
  to   space 15360K, 0% used [0x000000079e480000,0x000000079e480000,0x000000079f380000)
 ParOldGen       total 122368K, used 23080K [0x00000006c1c00000, 0x00000006c9380000, 0x000000076b400000)
  object space 122368K, 18% used [0x00000006c1c00000,0x00000006c328a278,0x00000006c9380000)
 Metaspace       used 34725K, capacity 35170K, committed 35496K, reserved 1081344K
  class space    used 4081K, capacity 4230K, committed 4264K, reserved 1048576K
}
Event: 24.350 GC heap before
{Heap before GC invocations=13 (full 2):
 PSYoungGen      total 805888K, used 507189K [0x000000076b400000, 0x00000007a0280000, 0x00000007c0000000)
  eden space 791552K, 64% used [0x000000076b400000,0x000000078a34d5c0,0x000000079b900000)
  from space 14336K, 0% used [0x000000079f480000,0x000000079f480000,0x00000007a0280000)
  to   space 15360K, 0% used [0x000000079e480000,0x000000079e480000,0x000000079f380000)
 ParOldGen       total 122368K, used 23080K [0x00000006c1c00000, 0x00000006c9380000, 0x000000076b400000)
  object space 122368K, 18% used [0x00000006c1c00000,0x00000006c328a278,0x00000006c9380000)
 Metaspace       used 55520K, capacity 59004K, committed 59160K, reserved 1101824K
  class space    used 6462K, capacity 6980K, committed 7080K, reserved 1048576K
Event: 24.386 GC heap after
Heap after GC invocations=13 (full 2):
 PSYoungGen      total 851456K, used 15340K [0x000000076b400000, 0x00000007b3e80000, 0x00000007c0000000)
  eden space 836096K, 0% used [0x000000076b400000,0x000000076b400000,0x000000079e480000)
  from space 15360K, 99% used [0x000000079e480000,0x000000079f37b348,0x000000079f380000)
  to   space 44032K, 0% used [0x00000007b1380000,0x00000007b1380000,0x00000007b3e80000)
 ParOldGen       total 122368K, used 95134K [0x00000006c1c00000, 0x00000006c9380000, 0x000000076b400000)
  object space 122368K, 77% used [0x00000006c1c00000,0x00000006c78e7838,0x00000006c9380000)
 Metaspace       used 55520K, capacity 59004K, committed 59160K, reserved 1101824K
  class space    used 6462K, capacity 6980K, committed 7080K, reserved 1048576K
}
Event: 24.386 GC heap before
{Heap before GC invocations=14 (full 3):
 PSYoungGen      total 851456K, used 15340K [0x000000076b400000, 0x00000007b3e80000, 0x00000007c0000000)
  eden space 836096K, 0% used [0x000000076b400000,0x000000076b400000,0x000000079e480000)
  from space 15360K, 99% used [0x000000079e480000,0x000000079f37b348,0x000000079f380000)
  to   space 44032K, 0% used [0x00000007b1380000,0x00000007b1380000,0x00000007b3e80000)
 ParOldGen       total 122368K, used 95134K [0x00000006c1c00000, 0x00000006c9380000, 0x000000076b400000)
  object space 122368K, 77% used [0x00000006c1c00000,0x00000006c78e7838,0x00000006c9380000)
 Metaspace       used 55520K, capacity 59004K, committed 59160K, reserved 1101824K
  class space    used 6462K, capacity 6980K, committed 7080K, reserved 1048576K
Event: 24.624 GC heap after
Heap after GC invocations=14 (full 3):
 PSYoungGen      total 851456K, used 0K [0x000000076b400000, 0x00000007b3e80000, 0x00000007c0000000)
  eden space 836096K, 0% used [0x000000076b400000,0x000000076b400000,0x000000079e480000)
  from space 15360K, 0% used [0x000000079e480000,0x000000079e480000,0x000000079f380000)
  to   space 44032K, 0% used [0x00000007b1380000,0x00000007b1380000,0x00000007b3e80000)
 ParOldGen       total 221696K, used 77073K [0x00000006c1c00000, 0x00000006cf480000, 0x000000076b400000)
  object space 221696K, 34% used [0x00000006c1c00000,0x00000006c67445a8,0x00000006cf480000)
 Metaspace       used 55520K, capacity 59004K, committed 59160K, reserved 1101824K
  class space    used 6462K, capacity 6980K, committed 7080K, reserved 1048576K
}
Event: 257.589 GC heap before
{Heap before GC invocations=15 (full 3):
 PSYoungGen      total 851456K, used 836096K [0x000000076b400000, 0x00000007b3e80000, 0x00000007c0000000)
  eden space 836096K, 100% used [0x000000076b400000,0x000000079e480000,0x000000079e480000)
  from space 15360K, 0% used [0x000000079e480000,0x000000079e480000,0x000000079f380000)
  to   space 44032K, 0% used [0x00000007b1380000,0x00000007b1380000,0x00000007b3e80000)
 ParOldGen       total 221696K, used 77073K [0x00000006c1c00000, 0x00000006cf480000, 0x000000076b400000)
  object space 221696K, 34% used [0x00000006c1c00000,0x00000006c67445a8,0x00000006cf480000)
 Metaspace       used 60081K, capacity 63900K, committed 64040K, reserved 1105920K
  class space    used 6735K, capacity 7340K, committed 7464K, reserved 1048576K
Event: 257.617 GC heap after
Heap after GC invocations=15 (full 3):
 PSYoungGen      total 1142272K, used 35784K [0x000000076b400000, 0x00000007b6a00000, 0x00000007c0000000)
  eden space 1098240K, 0% used [0x000000076b400000,0x000000076b400000,0x00000007ae480000)
  from space 44032K, 81% used [0x00000007b1380000,0x00000007b3672090,0x00000007b3e80000)
  to   space 48128K, 0% used [0x00000007ae480000,0x00000007ae480000,0x00000007b1380000)
 ParOldGen       total 221696K, used 77081K [0x00000006c1c00000, 0x00000006cf480000, 0x000000076b400000)
  object space 221696K, 34% used [0x00000006c1c00000,0x00000006c67465a8,0x00000006cf480000)
 Metaspace       used 60081K, capacity 63900K, committed 64040K, reserved 1105920K
  class space    used 6735K, capacity 7340K, committed 7464K, reserved 1048576K
}

