# JRE version: Java(TM) SE Runtime Environment (8.0_201-b09) (build 1.8.0_201-b09)
# Java VM: Java HotSpot(TM) 64-Bit Server VM (25.201-b09 mixed mode windows-amd64 compressed oops)
Heap:
 PSYoungGen      total 1148928K, used 993594K [0x000000076b400000, 0x00000007b9480000, 0x00000007c0000000)
  eden space 1116672K, 86% used [0x000000076b400000,0x00000007a5ed1ca8,0x00000007af680000)
  from space 32256K, 99% used [0x00000007b2c80000,0x00000007b4bfcbd0,0x00000007b4c00000)
  to   space 55296K, 0% used [0x00000007af680000,0x00000007af680000,0x00000007b2c80000)
 ParOldGen       total 198144K, used 124093K [0x00000006c1c00000, 0x00000006cdd80000, 0x000000076b400000)
  object space 198144K, 62% used [0x00000006c1c00000,0x00000006c952f7f8,0x00000006cdd80000)
 Metaspace       used 60172K, capacity 63781K, committed 63912K, reserved 1105920K
  class space    used 6722K, capacity 7289K, committed 7336K, reserved 1048576K
GC Heap History (10 events):
Event: 17.757 GC heap before
{Heap before GC invocations=11 (full 1):
 PSYoungGen      total 537600K, used 157515K [0x000000076b400000, 0x00000007a0180000, 0x00000007c0000000)
  eden space 523776K, 30% used [0x000000076b400000,0x0000000774dd2f90,0x000000078b380000)
  from space 13824K, 0% used [0x000000078b380000,0x000000078b380000,0x000000078c100000)
  to   space 13824K, 0% used [0x000000079f400000,0x000000079f400000,0x00000007a0180000)
 ParOldGen       total 90112K, used 10300K [0x00000006c1c00000, 0x00000006c7400000, 0x000000076b400000)
  object space 90112K, 11% used [0x00000006c1c00000,0x00000006c260f220,0x00000006c7400000)
 Metaspace       used 34726K, capacity 35177K, committed 35496K, reserved 1081344K
  class space    used 4079K, capacity 4230K, committed 4264K, reserved 1048576K
Event: 17.771 GC heap after
Heap after GC invocations=11 (full 1):
 PSYoungGen      total 790528K, used 13813K [0x000000076b400000, 0x00000007a0180000, 0x00000007c0000000)
  eden space 776704K, 0% used [0x000000076b400000,0x000000076b400000,0x000000079aa80000)
  from space 13824K, 99% used [0x000000079f400000,0x00000007a017d690,0x00000007a0180000)
  to   space 15360K, 0% used [0x000000079e380000,0x000000079e380000,0x000000079f280000)
 ParOldGen       total 90112K, used 10409K [0x00000006c1c00000, 0x00000006c7400000, 0x000000076b400000)
  object space 90112K, 11% used [0x00000006c1c00000,0x00000006c262a408,0x00000006c7400000)
 Metaspace       used 34726K, capacity 35177K, committed 35496K, reserved 1081344K
  class space    used 4079K, capacity 4230K, committed 4264K, reserved 1048576K
}
Event: 17.771 GC heap before
{Heap before GC invocations=12 (full 2):
 PSYoungGen      total 790528K, used 13813K [0x000000076b400000, 0x00000007a0180000, 0x00000007c0000000)
  eden space 776704K, 0% used [0x000000076b400000,0x000000076b400000,0x000000079aa80000)
  from space 13824K, 99% used [0x000000079f400000,0x00000007a017d690,0x00000007a0180000)
  to   space 15360K, 0% used [0x000000079e380000,0x000000079e380000,0x000000079f280000)
 ParOldGen       total 90112K, used 10409K [0x00000006c1c00000, 0x00000006c7400000, 0x000000076b400000)
  object space 90112K, 11% used [0x00000006c1c00000,0x00000006c262a408,0x00000006c7400000)
 Metaspace       used 34726K, capacity 35177K, committed 35496K, reserved 1081344K
  class space    used 4079K, capacity 4230K, committed 4264K, reserved 1048576K
Event: 17.846 GC heap after
Heap after GC invocations=12 (full 2):
 PSYoungGen      total 790528K, used 0K [0x000000076b400000, 0x00000007a0180000, 0x00000007c0000000)
  eden space 776704K, 0% used [0x000000076b400000,0x000000076b400000,0x000000079aa80000)
  from space 13824K, 0% used [0x000000079f400000,0x000000079f400000,0x00000007a0180000)
  to   space 15360K, 0% used [0x000000079e380000,0x000000079e380000,0x000000079f280000)
 ParOldGen       total 116224K, used 23025K [0x00000006c1c00000, 0x00000006c8d80000, 0x000000076b400000)
  object space 116224K, 19% used [0x00000006c1c00000,0x00000006c327c4f0,0x00000006c8d80000)
 Metaspace       used 34726K, capacity 35177K, committed 35496K, reserved 1081344K
  class space    used 4079K, capacity 4230K, committed 4264K, reserved 1048576K
}
Event: 39.805 GC heap before
{Heap before GC invocations=13 (full 2):
 PSYoungGen      total 790528K, used 460799K [0x000000076b400000, 0x00000007a0180000, 0x00000007c0000000)
  eden space 776704K, 59% used [0x000000076b400000,0x00000007875fffe8,0x000000079aa80000)
  from space 13824K, 0% used [0x000000079f400000,0x000000079f400000,0x00000007a0180000)
  to   space 15360K, 0% used [0x000000079e380000,0x000000079e380000,0x000000079f280000)
 ParOldGen       total 116224K, used 23025K [0x00000006c1c00000, 0x00000006c8d80000, 0x000000076b400000)
  object space 116224K, 19% used [0x00000006c1c00000,0x00000006c327c4f0,0x00000006c8d80000)
 Metaspace       used 55627K, capacity 59059K, committed 59160K, reserved 1101824K
  class space    used 6468K, capacity 6994K, committed 7080K, reserved 1048576K
Event: 39.858 GC heap after
Heap after GC invocations=13 (full 2):
 PSYoungGen      total 850432K, used 15354K [0x000000076b400000, 0x00000007b4c00000, 0x00000007c0000000)
  eden space 835072K, 0% used [0x000000076b400000,0x000000076b400000,0x000000079e380000)
  from space 15360K, 99% used [0x000000079e380000,0x000000079f27eaa8,0x000000079f280000)
  to   space 32256K, 0% used [0x00000007b2c80000,0x00000007b2c80000,0x00000007b4c00000)
 ParOldGen       total 116224K, used 63927K [0x00000006c1c00000, 0x00000006c8d80000, 0x000000076b400000)
  object space 116224K, 55% used [0x00000006c1c00000,0x00000006c5a6dd78,0x00000006c8d80000)
 Metaspace       used 55627K, capacity 59059K, committed 59160K, reserved 1101824K
  class space    used 6468K, capacity 6994K, committed 7080K, reserved 1048576K
}
Event: 39.859 GC heap before
{Heap before GC invocations=14 (full 3):
 PSYoungGen      total 850432K, used 15354K [0x000000076b400000, 0x00000007b4c00000, 0x00000007c0000000)
  eden space 835072K, 0% used [0x000000076b400000,0x000000076b400000,0x000000079e380000)
  from space 15360K, 99% used [0x000000079e380000,0x000000079f27eaa8,0x000000079f280000)
  to   space 32256K, 0% used [0x00000007b2c80000,0x00000007b2c80000,0x00000007b4c00000)
 ParOldGen       total 116224K, used 63927K [0x00000006c1c00000, 0x00000006c8d80000, 0x000000076b400000)
  object space 116224K, 55% used [0x00000006c1c00000,0x00000006c5a6dd78,0x00000006c8d80000)
 Metaspace       used 55627K, capacity 59059K, committed 59160K, reserved 1101824K
  class space    used 6468K, capacity 6994K, committed 7080K, reserved 1048576K
Event: 40.204 GC heap after
Heap after GC invocations=14 (full 3):
 PSYoungGen      total 850432K, used 0K [0x000000076b400000, 0x00000007b4c00000, 0x00000007c0000000)
  eden space 835072K, 0% used [0x000000076b400000,0x000000076b400000,0x000000079e380000)
  from space 15360K, 0% used [0x000000079e380000,0x000000079e380000,0x000000079f280000)
  to   space 32256K, 0% used [0x00000007b2c80000,0x00000007b2c80000,0x00000007b4c00000)
 ParOldGen       total 198144K, used 74951K [0x00000006c1c00000, 0x00000006cdd80000, 0x000000076b400000)
  object space 198144K, 37% used [0x00000006c1c00000,0x00000006c6531f60,0x00000006cdd80000)
 Metaspace       used 55627K, capacity 59059K, committed 59160K, reserved 1101824K
  class space    used 6468K, capacity 6994K, committed 7080K, reserved 1048576K
}
Event: 170.864 GC heap before
{Heap before GC invocations=15 (full 3):
 PSYoungGen      total 850432K, used 835072K [0x000000076b400000, 0x00000007b4c00000, 0x00000007c0000000)
  eden space 835072K, 100% used [0x000000076b400000,0x000000079e380000,0x000000079e380000)
  from space 15360K, 0% used [0x000000079e380000,0x000000079e380000,0x000000079f280000)
  to   space 32256K, 0% used [0x00000007b2c80000,0x00000007b2c80000,0x00000007b4c00000)
 ParOldGen       total 198144K, used 74951K [0x00000006c1c00000, 0x00000006cdd80000, 0x000000076b400000)
  object space 198144K, 37% used [0x00000006c1c00000,0x00000006c6531f60,0x00000006cdd80000)
 Metaspace       used 59486K, capacity 63085K, committed 63400K, reserved 1105920K
  class space    used 6647K, capacity 7209K, committed 7336K, reserved 1048576K
Event: 170.926 GC heap after
Heap after GC invocations=15 (full 3):
 PSYoungGen      total 1148928K, used 32242K [0x000000076b400000, 0x00000007b9480000, 0x00000007c0000000)
  eden space 1116672K, 0% used [0x000000076b400000,0x000000076b400000,0x00000007af680000)
  from space 32256K, 99% used [0x00000007b2c80000,0x00000007b4bfcbd0,0x00000007b4c00000)
  to   space 55296K, 0% used [0x00000007af680000,0x00000007af680000,0x00000007b2c80000)
 ParOldGen       total 198144K, used 124093K [0x00000006c1c00000, 0x00000006cdd80000, 0x000000076b400000)
  object space 198144K, 62% used [0x00000006c1c00000,0x00000006c952f7f8,0x00000006cdd80000)
 Metaspace       used 59486K, capacity 63085K, committed 63400K, reserved 1105920K
  class space    used 6647K, capacity 7209K, committed 7336K, reserved 1048576K
}

