# JRE version: Java(TM) SE Runtime Environment (8.0_201-b09) (build 1.8.0_201-b09)
# Java VM: Java HotSpot(TM) 64-Bit Server VM (25.201-b09 mixed mode windows-amd64 compressed oops)
Heap:
 PSYoungGen      total 1326080K, used 875990K [0x000000076b400000, 0x00000007bfc00000, 0x00000007c0000000)
  eden space 1271808K, 66% used [0x000000076b400000,0x000000079f318970,0x00000007b8e00000)
  from space 54272K, 45% used [0x00000007bc700000,0x00000007bdf5cf00,0x00000007bfc00000)
  to   space 56320K, 0% used [0x00000007b8e00000,0x00000007b8e00000,0x00000007bc500000)
 ParOldGen       total 283648K, used 105916K [0x00000006c1c00000, 0x00000006d3100000, 0x000000076b400000)
  object space 283648K, 37% used [0x00000006c1c00000,0x00000006c836f140,0x00000006d3100000)
 Metaspace       used 60009K, capacity 63629K, committed 63912K, reserved 1105920K
  class space    used 6705K, capacity 7283K, committed 7336K, reserved 1048576K
GC Heap History (10 events):
Event: 45.545 GC heap before
{Heap before GC invocations=14 (full 3):
 PSYoungGen      total 851968K, used 15345K [0x000000076b400000, 0x00000007b5d00000, 0x00000007c0000000)
  eden space 836608K, 0% used [0x000000076b400000,0x000000076b400000,0x000000079e500000)
  from space 15360K, 99% used [0x000000079e500000,0x000000079f3fc7c8,0x000000079f400000)
  to   space 39424K, 0% used [0x00000007b3680000,0x00000007b3680000,0x00000007b5d00000)
 ParOldGen       total 116736K, used 83207K [0x00000006c1c00000, 0x00000006c8e00000, 0x000000076b400000)
  object space 116736K, 71% used [0x00000006c1c00000,0x00000006c6d41e88,0x00000006c8e00000)
 Metaspace       used 55638K, capacity 59067K, committed 59160K, reserved 1101824K
  class space    used 6467K, capacity 6996K, committed 7080K, reserved 1048576K
Event: 45.824 GC heap after
Heap after GC invocations=14 (full 3):
 PSYoungGen      total 851968K, used 0K [0x000000076b400000, 0x00000007b5d00000, 0x00000007c0000000)
  eden space 836608K, 0% used [0x000000076b400000,0x000000076b400000,0x000000079e500000)
  from space 15360K, 0% used [0x000000079e500000,0x000000079e500000,0x000000079f400000)
  to   space 39424K, 0% used [0x00000007b3680000,0x00000007b3680000,0x00000007b5d00000)
 ParOldGen       total 205824K, used 74918K [0x00000006c1c00000, 0x00000006ce500000, 0x000000076b400000)
  object space 205824K, 36% used [0x00000006c1c00000,0x00000006c6529808,0x00000006ce500000)
 Metaspace       used 55638K, capacity 59067K, committed 59160K, reserved 1101824K
  class space    used 6467K, capacity 6996K, committed 7080K, reserved 1048576K
}
Event: 97.298 GC heap before
{Heap before GC invocations=15 (full 3):
 PSYoungGen      total 851968K, used 836608K [0x000000076b400000, 0x00000007b5d00000, 0x00000007c0000000)
  eden space 836608K, 100% used [0x000000076b400000,0x000000079e500000,0x000000079e500000)
  from space 15360K, 0% used [0x000000079e500000,0x000000079e500000,0x000000079f400000)
  to   space 39424K, 0% used [0x00000007b3680000,0x00000007b3680000,0x00000007b5d00000)
 ParOldGen       total 205824K, used 74918K [0x00000006c1c00000, 0x00000006ce500000, 0x000000076b400000)
  object space 205824K, 36% used [0x00000006c1c00000,0x00000006c6529808,0x00000006ce500000)
 Metaspace       used 59464K, capacity 63087K, committed 63400K, reserved 1105920K
  class space    used 6644K, capacity 7212K, committed 7336K, reserved 1048576K
Event: 97.337 GC heap after
Heap after GC invocations=15 (full 3):
 PSYoungGen      total 1163264K, used 39406K [0x000000076b400000, 0x00000007b9d80000, 0x00000007c0000000)
  eden space 1123840K, 0% used [0x000000076b400000,0x000000076b400000,0x00000007afd80000)
  from space 39424K, 99% used [0x00000007b3680000,0x00000007b5cfba38,0x00000007b5d00000)
  to   space 58368K, 0% used [0x00000007afd80000,0x00000007afd80000,0x00000007b3680000)
 ParOldGen       total 205824K, used 108296K [0x00000006c1c00000, 0x00000006ce500000, 0x000000076b400000)
  object space 205824K, 52% used [0x00000006c1c00000,0x00000006c85c21e8,0x00000006ce500000)
 Metaspace       used 59464K, capacity 63087K, committed 63400K, reserved 1105920K
  class space    used 6644K, capacity 7212K, committed 7336K, reserved 1048576K
}
Event: 119.172 GC heap before
{Heap before GC invocations=16 (full 3):
 PSYoungGen      total 1163264K, used 1163246K [0x000000076b400000, 0x00000007b9d80000, 0x00000007c0000000)
  eden space 1123840K, 100% used [0x000000076b400000,0x00000007afd80000,0x00000007afd80000)
  from space 39424K, 99% used [0x00000007b3680000,0x00000007b5cfba38,0x00000007b5d00000)
  to   space 58368K, 0% used [0x00000007afd80000,0x00000007afd80000,0x00000007b3680000)
 ParOldGen       total 205824K, used 108296K [0x00000006c1c00000, 0x00000006ce500000, 0x000000076b400000)
  object space 205824K, 52% used [0x00000006c1c00000,0x00000006c85c21e8,0x00000006ce500000)
 Metaspace       used 59586K, capacity 63227K, committed 63400K, reserved 1105920K
  class space    used 6645K, capacity 7212K, committed 7336K, reserved 1048576K
Event: 119.205 GC heap after
Heap after GC invocations=16 (full 3):
 PSYoungGen      total 1182208K, used 448K [0x000000076b400000, 0x00000007c0000000, 0x00000007c0000000)
  eden space 1123840K, 0% used [0x000000076b400000,0x000000076b400000,0x00000007afd80000)
  from space 58368K, 0% used [0x00000007afd80000,0x00000007afdf0000,0x00000007b3680000)
  to   space 58368K, 0% used [0x00000007bc700000,0x00000007bc700000,0x00000007c0000000)
 ParOldGen       total 205824K, used 169250K [0x00000006c1c00000, 0x00000006ce500000, 0x000000076b400000)
  object space 205824K, 82% used [0x00000006c1c00000,0x00000006cc148838,0x00000006ce500000)
 Metaspace       used 59586K, capacity 63227K, committed 63400K, reserved 1105920K
  class space    used 6645K, capacity 7212K, committed 7336K, reserved 1048576K
}
Event: 119.205 GC heap before
{Heap before GC invocations=17 (full 4):
 PSYoungGen      total 1182208K, used 448K [0x000000076b400000, 0x00000007c0000000, 0x00000007c0000000)
  eden space 1123840K, 0% used [0x000000076b400000,0x000000076b400000,0x00000007afd80000)
  from space 58368K, 0% used [0x00000007afd80000,0x00000007afdf0000,0x00000007b3680000)
  to   space 58368K, 0% used [0x00000007bc700000,0x00000007bc700000,0x00000007c0000000)
 ParOldGen       total 205824K, used 169250K [0x00000006c1c00000, 0x00000006ce500000, 0x000000076b400000)
  object space 205824K, 82% used [0x00000006c1c00000,0x00000006cc148838,0x00000006ce500000)
 Metaspace       used 59586K, capacity 63227K, committed 63400K, reserved 1105920K
  class space    used 6645K, capacity 7212K, committed 7336K, reserved 1048576K
Event: 119.352 GC heap after
Heap after GC invocations=17 (full 4):
 PSYoungGen      total 1182208K, used 0K [0x000000076b400000, 0x00000007c0000000, 0x00000007c0000000)
  eden space 1123840K, 0% used [0x000000076b400000,0x000000076b400000,0x00000007afd80000)
  from space 58368K, 0% used [0x00000007afd80000,0x00000007afd80000,0x00000007b3680000)
  to   space 58368K, 0% used [0x00000007bc700000,0x00000007bc700000,0x00000007c0000000)
 ParOldGen       total 283648K, used 105908K [0x00000006c1c00000, 0x00000006d3100000, 0x000000076b400000)
  object space 283648K, 37% used [0x00000006c1c00000,0x00000006c836d140,0x00000006d3100000)
 Metaspace       used 59586K, capacity 63227K, committed 63400K, reserved 1105920K
  class space    used 6645K, capacity 7212K, committed 7336K, reserved 1048576K
}
Event: 140.511 GC heap before
{Heap before GC invocations=18 (full 4):
 PSYoungGen      total 1182208K, used 1123840K [0x000000076b400000, 0x00000007c0000000, 0x00000007c0000000)
  eden space 1123840K, 100% used [0x000000076b400000,0x00000007afd80000,0x00000007afd80000)
  from space 58368K, 0% used [0x00000007afd80000,0x00000007afd80000,0x00000007b3680000)
  to   space 58368K, 0% used [0x00000007bc700000,0x00000007bc700000,0x00000007c0000000)
 ParOldGen       total 283648K, used 105908K [0x00000006c1c00000, 0x00000006d3100000, 0x000000076b400000)
  object space 283648K, 37% used [0x00000006c1c00000,0x00000006c836d140,0x00000006d3100000)
 Metaspace       used 59648K, capacity 63227K, committed 63400K, reserved 1105920K
  class space    used 6646K, capacity 7212K, committed 7336K, reserved 1048576K
Event: 140.530 GC heap after
Heap after GC invocations=18 (full 4):
 PSYoungGen      total 1326080K, used 24947K [0x000000076b400000, 0x00000007bfc00000, 0x00000007c0000000)
  eden space 1271808K, 0% used [0x000000076b400000,0x000000076b400000,0x00000007b8e00000)
  from space 54272K, 45% used [0x00000007bc700000,0x00000007bdf5cf00,0x00000007bfc00000)
  to   space 56320K, 0% used [0x00000007b8e00000,0x00000007b8e00000,0x00000007bc500000)
 ParOldGen       total 283648K, used 105916K [0x00000006c1c00000, 0x00000006d3100000, 0x000000076b400000)
  object space 283648K, 37% used [0x00000006c1c00000,0x00000006c836f140,0x00000006d3100000)
 Metaspace       used 59648K, capacity 63227K, committed 63400K, reserved 1105920K
  class space    used 6646K, capacity 7212K, committed 7336K, reserved 1048576K
}

