# JRE version: Java(TM) SE Runtime Environment (8.0_201-b09) (build 1.8.0_201-b09)
# Java VM: Java HotSpot(TM) 64-Bit Server VM (25.201-b09 mixed mode windows-amd64 compressed oops)
Heap:
 PSYoungGen      total 850944K, used 575981K [0x000000076b400000, 0x00000007b4c80000, 0x00000007c0000000)
  eden space 835584K, 68% used [0x000000076b400000,0x000000078e67b580,0x000000079e400000)
  from space 15360K, 0% used [0x000000079e400000,0x000000079e400000,0x000000079f300000)
  to   space 34304K, 0% used [0x00000007b2b00000,0x00000007b2b00000,0x00000007b4c80000)
 ParOldGen       total 203264K, used 79094K [0x00000006c1c00000, 0x00000006ce280000, 0x000000076b400000)
  object space 203264K, 38% used [0x00000006c1c00000,0x00000006c693d910,0x00000006ce280000)
 Metaspace       used 59054K, capacity 62744K, committed 62848K, reserved 1105920K
  class space    used 6684K, capacity 7258K, committed 7296K, reserved 1048576K
GC Heap History (10 events):
Event: 4.634 GC heap before
{Heap before GC invocations=10 (full 1):
 PSYoungGen      total 538112K, used 5118K [0x000000076b400000, 0x00000007a0280000, 0x00000007c0000000)
  eden space 524288K, 0% used [0x000000076b400000,0x000000076b400000,0x000000078b400000)
  from space 13824K, 37% used [0x000000078b400000,0x000000078b8ffab0,0x000000078c180000)
  to   space 13824K, 0% used [0x000000079f500000,0x000000079f500000,0x00000007a0280000)
 ParOldGen       total 175104K, used 8989K [0x00000006c1c00000, 0x00000006cc700000, 0x000000076b400000)
  object space 175104K, 5% used [0x00000006c1c00000,0x00000006c24c7740,0x00000006cc700000)
 Metaspace       used 20772K, capacity 21036K, committed 21248K, reserved 1069056K
  class space    used 2330K, capacity 2458K, committed 2560K, reserved 1048576K
Event: 4.674 GC heap after
Heap after GC invocations=10 (full 1):
 PSYoungGen      total 538112K, used 0K [0x000000076b400000, 0x00000007a0280000, 0x00000007c0000000)
  eden space 524288K, 0% used [0x000000076b400000,0x000000076b400000,0x000000078b400000)
  from space 13824K, 0% used [0x000000078b400000,0x000000078b400000,0x000000078c180000)
  to   space 13824K, 0% used [0x000000079f500000,0x000000079f500000,0x00000007a0280000)
 ParOldGen       total 89600K, used 10315K [0x00000006c1c00000, 0x00000006c7380000, 0x000000076b400000)
  object space 89600K, 11% used [0x00000006c1c00000,0x00000006c2612ff8,0x00000006c7380000)
 Metaspace       used 20772K, capacity 21036K, committed 21248K, reserved 1069056K
  class space    used 2330K, capacity 2458K, committed 2560K, reserved 1048576K
}
Event: 10.428 GC heap before
{Heap before GC invocations=11 (full 1):
 PSYoungGen      total 538112K, used 171496K [0x000000076b400000, 0x00000007a0280000, 0x00000007c0000000)
  eden space 524288K, 32% used [0x000000076b400000,0x0000000775b7a0e8,0x000000078b400000)
  from space 13824K, 0% used [0x000000078b400000,0x000000078b400000,0x000000078c180000)
  to   space 13824K, 0% used [0x000000079f500000,0x000000079f500000,0x00000007a0280000)
 ParOldGen       total 89600K, used 10315K [0x00000006c1c00000, 0x00000006c7380000, 0x000000076b400000)
  object space 89600K, 11% used [0x00000006c1c00000,0x00000006c2612ff8,0x00000006c7380000)
 Metaspace       used 34520K, capacity 35012K, committed 35416K, reserved 1081344K
  class space    used 4050K, capacity 4197K, committed 4224K, reserved 1048576K
Event: 10.441 GC heap after
Heap after GC invocations=11 (full 1):
 PSYoungGen      total 793600K, used 13203K [0x000000076b400000, 0x00000007a0200000, 0x00000007c0000000)
  eden space 780288K, 0% used [0x000000076b400000,0x000000076b400000,0x000000079ae00000)
  from space 13312K, 99% used [0x000000079f500000,0x00000007a01e4e18,0x00000007a0200000)
  to   space 15360K, 0% used [0x000000079e400000,0x000000079e400000,0x000000079f300000)
 ParOldGen       total 89600K, used 10323K [0x00000006c1c00000, 0x00000006c7380000, 0x000000076b400000)
  object space 89600K, 11% used [0x00000006c1c00000,0x00000006c2614ff8,0x00000006c7380000)
 Metaspace       used 34520K, capacity 35012K, committed 35416K, reserved 1081344K
  class space    used 4050K, capacity 4197K, committed 4224K, reserved 1048576K
}
Event: 10.441 GC heap before
{Heap before GC invocations=12 (full 2):
 PSYoungGen      total 793600K, used 13203K [0x000000076b400000, 0x00000007a0200000, 0x00000007c0000000)
  eden space 780288K, 0% used [0x000000076b400000,0x000000076b400000,0x000000079ae00000)
  from space 13312K, 99% used [0x000000079f500000,0x00000007a01e4e18,0x00000007a0200000)
  to   space 15360K, 0% used [0x000000079e400000,0x000000079e400000,0x000000079f300000)
 ParOldGen       total 89600K, used 10323K [0x00000006c1c00000, 0x00000006c7380000, 0x000000076b400000)
  object space 89600K, 11% used [0x00000006c1c00000,0x00000006c2614ff8,0x00000006c7380000)
 Metaspace       used 34520K, capacity 35012K, committed 35416K, reserved 1081344K
  class space    used 4050K, capacity 4197K, committed 4224K, reserved 1048576K
Event: 10.495 GC heap after
Heap after GC invocations=12 (full 2):
 PSYoungGen      total 793600K, used 0K [0x000000076b400000, 0x00000007a0200000, 0x00000007c0000000)
  eden space 780288K, 0% used [0x000000076b400000,0x000000076b400000,0x000000079ae00000)
  from space 13312K, 0% used [0x000000079f500000,0x000000079f500000,0x00000007a0200000)
  to   space 15360K, 0% used [0x000000079e400000,0x000000079e400000,0x000000079f300000)
 ParOldGen       total 116736K, used 22317K [0x00000006c1c00000, 0x00000006c8e00000, 0x000000076b400000)
  object space 116736K, 19% used [0x00000006c1c00000,0x00000006c31cb480,0x00000006c8e00000)
 Metaspace       used 34520K, capacity 35012K, committed 35416K, reserved 1081344K
  class space    used 4050K, capacity 4197K, committed 4224K, reserved 1048576K
}
Event: 37.850 GC heap before
{Heap before GC invocations=13 (full 2):
 PSYoungGen      total 793600K, used 487965K [0x000000076b400000, 0x00000007a0200000, 0x00000007c0000000)
  eden space 780288K, 62% used [0x000000076b400000,0x00000007890874e8,0x000000079ae00000)
  from space 13312K, 0% used [0x000000079f500000,0x000000079f500000,0x00000007a0200000)
  to   space 15360K, 0% used [0x000000079e400000,0x000000079e400000,0x000000079f300000)
 ParOldGen       total 116736K, used 22317K [0x00000006c1c00000, 0x00000006c8e00000, 0x000000076b400000)
  object space 116736K, 19% used [0x00000006c1c00000,0x00000006c31cb480,0x00000006c8e00000)
 Metaspace       used 55493K, capacity 58926K, committed 59008K, reserved 1101824K
  class space    used 6458K, capacity 7007K, committed 7040K, reserved 1048576K
Event: 37.877 GC heap after
Heap after GC invocations=13 (full 2):
 PSYoungGen      total 850944K, used 15332K [0x000000076b400000, 0x00000007b4c80000, 0x00000007c0000000)
  eden space 835584K, 0% used [0x000000076b400000,0x000000076b400000,0x000000079e400000)
  from space 15360K, 99% used [0x000000079e400000,0x000000079f2f9318,0x000000079f300000)
  to   space 34304K, 0% used [0x00000007b2b00000,0x00000007b2b00000,0x00000007b4c80000)
 ParOldGen       total 116736K, used 68801K [0x00000006c1c00000, 0x00000006c8e00000, 0x000000076b400000)
  object space 116736K, 58% used [0x00000006c1c00000,0x00000006c5f30590,0x00000006c8e00000)
 Metaspace       used 55493K, capacity 58926K, committed 59008K, reserved 1101824K
  class space    used 6458K, capacity 7007K, committed 7040K, reserved 1048576K
}
Event: 37.878 GC heap before
{Heap before GC invocations=14 (full 3):
 PSYoungGen      total 850944K, used 15332K [0x000000076b400000, 0x00000007b4c80000, 0x00000007c0000000)
  eden space 835584K, 0% used [0x000000076b400000,0x000000076b400000,0x000000079e400000)
  from space 15360K, 99% used [0x000000079e400000,0x000000079f2f9318,0x000000079f300000)
  to   space 34304K, 0% used [0x00000007b2b00000,0x00000007b2b00000,0x00000007b4c80000)
 ParOldGen       total 116736K, used 68801K [0x00000006c1c00000, 0x00000006c8e00000, 0x000000076b400000)
  object space 116736K, 58% used [0x00000006c1c00000,0x00000006c5f30590,0x00000006c8e00000)
 Metaspace       used 55493K, capacity 58926K, committed 59008K, reserved 1101824K
  class space    used 6458K, capacity 7007K, committed 7040K, reserved 1048576K
Event: 38.100 GC heap after
Heap after GC invocations=14 (full 3):
 PSYoungGen      total 850944K, used 0K [0x000000076b400000, 0x00000007b4c80000, 0x00000007c0000000)
  eden space 835584K, 0% used [0x000000076b400000,0x000000076b400000,0x000000079e400000)
  from space 15360K, 0% used [0x000000079e400000,0x000000079e400000,0x000000079f300000)
  to   space 34304K, 0% used [0x00000007b2b00000,0x00000007b2b00000,0x00000007b4c80000)
 ParOldGen       total 203264K, used 79094K [0x00000006c1c00000, 0x00000006ce280000, 0x000000076b400000)
  object space 203264K, 38% used [0x00000006c1c00000,0x00000006c693d910,0x00000006ce280000)
 Metaspace       used 55493K, capacity 58926K, committed 59008K, reserved 1101824K
  class space    used 6458K, capacity 7007K, committed 7040K, reserved 1048576K
}

