# JRE version: Java(TM) SE Runtime Environment (8.0_201-b09) (build 1.8.0_201-b09)
# Java VM: Java HotSpot(TM) 64-Bit Server VM (25.201-b09 mixed mode windows-amd64 compressed oops)
Heap:
 PSYoungGen      total 850432K, used 654784K [0x000000076b400000, 0x00000007af980000, 0x00000007c0000000)
  eden space 835072K, 78% used [0x000000076b400000,0x0000000793370320,0x000000079e380000)
  from space 15360K, 0% used [0x000000079e380000,0x000000079e380000,0x000000079f280000)
  to   space 30720K, 0% used [0x00000007adb80000,0x00000007adb80000,0x00000007af980000)
 ParOldGen       total 208896K, used 69296K [0x00000006c1c00000, 0x00000006ce800000, 0x000000076b400000)
  object space 208896K, 33% used [0x00000006c1c00000,0x00000006c5fac028,0x00000006ce800000)
 Metaspace       used 59675K, capacity 63346K, committed 63488K, reserved 1105920K
  class space    used 6737K, capacity 7309K, committed 7424K, reserved 1048576K
GC Heap History (10 events):
Event: 3.693 GC heap before
{Heap before GC invocations=10 (full 1):
 PSYoungGen      total 537600K, used 5100K [0x000000076b400000, 0x00000007a0280000, 0x00000007c0000000)
  eden space 523776K, 0% used [0x000000076b400000,0x000000076b400000,0x000000078b380000)
  from space 13824K, 36% used [0x000000078b380000,0x000000078b87b390,0x000000078c100000)
  to   space 14336K, 0% used [0x000000079f480000,0x000000079f480000,0x00000007a0280000)
 ParOldGen       total 175104K, used 8865K [0x00000006c1c00000, 0x00000006cc700000, 0x000000076b400000)
  object space 175104K, 5% used [0x00000006c1c00000,0x00000006c24a8598,0x00000006cc700000)
 Metaspace       used 20770K, capacity 21036K, committed 21248K, reserved 1069056K
  class space    used 2331K, capacity 2458K, committed 2560K, reserved 1048576K
Event: 3.729 GC heap after
Heap after GC invocations=10 (full 1):
 PSYoungGen      total 537600K, used 0K [0x000000076b400000, 0x00000007a0280000, 0x00000007c0000000)
  eden space 523776K, 0% used [0x000000076b400000,0x000000076b400000,0x000000078b380000)
  from space 13824K, 0% used [0x000000078b380000,0x000000078b380000,0x000000078c100000)
  to   space 14336K, 0% used [0x000000079f480000,0x000000079f480000,0x00000007a0280000)
 ParOldGen       total 90624K, used 10322K [0x00000006c1c00000, 0x00000006c7480000, 0x000000076b400000)
  object space 90624K, 11% used [0x00000006c1c00000,0x00000006c2614838,0x00000006c7480000)
 Metaspace       used 20770K, capacity 21036K, committed 21248K, reserved 1069056K
  class space    used 2331K, capacity 2458K, committed 2560K, reserved 1048576K
}
Event: 5.832 GC heap before
{Heap before GC invocations=11 (full 1):
 PSYoungGen      total 537600K, used 167288K [0x000000076b400000, 0x00000007a0280000, 0x00000007c0000000)
  eden space 523776K, 31% used [0x000000076b400000,0x000000077575e130,0x000000078b380000)
  from space 13824K, 0% used [0x000000078b380000,0x000000078b380000,0x000000078c100000)
  to   space 14336K, 0% used [0x000000079f480000,0x000000079f480000,0x00000007a0280000)
 ParOldGen       total 90624K, used 10322K [0x00000006c1c00000, 0x00000006c7480000, 0x000000076b400000)
  object space 90624K, 11% used [0x00000006c1c00000,0x00000006c2614838,0x00000006c7480000)
 Metaspace       used 34502K, capacity 35012K, committed 35416K, reserved 1081344K
  class space    used 4045K, capacity 4197K, committed 4224K, reserved 1048576K
Event: 5.845 GC heap after
Heap after GC invocations=11 (full 1):
 PSYoungGen      total 787456K, used 13214K [0x000000076b400000, 0x00000007a0180000, 0x00000007c0000000)
  eden space 774144K, 0% used [0x000000076b400000,0x000000076b400000,0x000000079a800000)
  from space 13312K, 99% used [0x000000079f480000,0x00000007a0167bf0,0x00000007a0180000)
  to   space 15360K, 0% used [0x000000079e380000,0x000000079e380000,0x000000079f280000)
 ParOldGen       total 90624K, used 10338K [0x00000006c1c00000, 0x00000006c7480000, 0x000000076b400000)
  object space 90624K, 11% used [0x00000006c1c00000,0x00000006c2618838,0x00000006c7480000)
 Metaspace       used 34502K, capacity 35012K, committed 35416K, reserved 1081344K
  class space    used 4045K, capacity 4197K, committed 4224K, reserved 1048576K
}
Event: 5.845 GC heap before
{Heap before GC invocations=12 (full 2):
 PSYoungGen      total 787456K, used 13214K [0x000000076b400000, 0x00000007a0180000, 0x00000007c0000000)
  eden space 774144K, 0% used [0x000000076b400000,0x000000076b400000,0x000000079a800000)
  from space 13312K, 99% used [0x000000079f480000,0x00000007a0167bf0,0x00000007a0180000)
  to   space 15360K, 0% used [0x000000079e380000,0x000000079e380000,0x000000079f280000)
 ParOldGen       total 90624K, used 10338K [0x00000006c1c00000, 0x00000006c7480000, 0x000000076b400000)
  object space 90624K, 11% used [0x00000006c1c00000,0x00000006c2618838,0x00000006c7480000)
 Metaspace       used 34502K, capacity 35012K, committed 35416K, reserved 1081344K
  class space    used 4045K, capacity 4197K, committed 4224K, reserved 1048576K
Event: 5.902 GC heap after
Heap after GC invocations=12 (full 2):
 PSYoungGen      total 787456K, used 0K [0x000000076b400000, 0x00000007a0180000, 0x00000007c0000000)
  eden space 774144K, 0% used [0x000000076b400000,0x000000076b400000,0x000000079a800000)
  from space 13312K, 0% used [0x000000079f480000,0x000000079f480000,0x00000007a0180000)
  to   space 15360K, 0% used [0x000000079e380000,0x000000079e380000,0x000000079f280000)
 ParOldGen       total 128000K, used 22323K [0x00000006c1c00000, 0x00000006c9900000, 0x000000076b400000)
  object space 128000K, 17% used [0x00000006c1c00000,0x00000006c31ccc38,0x00000006c9900000)
 Metaspace       used 34502K, capacity 35012K, committed 35416K, reserved 1081344K
  class space    used 4045K, capacity 4197K, committed 4224K, reserved 1048576K
}
Event: 38.332 GC heap before
{Heap before GC invocations=13 (full 2):
 PSYoungGen      total 787456K, used 438341K [0x000000076b400000, 0x00000007a0180000, 0x00000007c0000000)
  eden space 774144K, 56% used [0x000000076b400000,0x0000000786011770,0x000000079a800000)
  from space 13312K, 0% used [0x000000079f480000,0x000000079f480000,0x00000007a0180000)
  to   space 15360K, 0% used [0x000000079e380000,0x000000079e380000,0x000000079f280000)
 ParOldGen       total 128000K, used 22323K [0x00000006c1c00000, 0x00000006c9900000, 0x000000076b400000)
  object space 128000K, 17% used [0x00000006c1c00000,0x00000006c31ccc38,0x00000006c9900000)
 Metaspace       used 55469K, capacity 58920K, committed 59008K, reserved 1101824K
  class space    used 6457K, capacity 7006K, committed 7040K, reserved 1048576K
Event: 38.363 GC heap after
Heap after GC invocations=13 (full 2):
 PSYoungGen      total 850432K, used 15345K [0x000000076b400000, 0x00000007af980000, 0x00000007c0000000)
  eden space 835072K, 0% used [0x000000076b400000,0x000000076b400000,0x000000079e380000)
  from space 15360K, 99% used [0x000000079e380000,0x000000079f27c760,0x000000079f280000)
  to   space 30720K, 0% used [0x00000007adb80000,0x00000007adb80000,0x00000007af980000)
 ParOldGen       total 128000K, used 58895K [0x00000006c1c00000, 0x00000006c9900000, 0x000000076b400000)
  object space 128000K, 46% used [0x00000006c1c00000,0x00000006c5583f90,0x00000006c9900000)
 Metaspace       used 55469K, capacity 58920K, committed 59008K, reserved 1101824K
  class space    used 6457K, capacity 7006K, committed 7040K, reserved 1048576K
}
Event: 38.363 GC heap before
{Heap before GC invocations=14 (full 3):
 PSYoungGen      total 850432K, used 15345K [0x000000076b400000, 0x00000007af980000, 0x00000007c0000000)
  eden space 835072K, 0% used [0x000000076b400000,0x000000076b400000,0x000000079e380000)
  from space 15360K, 99% used [0x000000079e380000,0x000000079f27c760,0x000000079f280000)
  to   space 30720K, 0% used [0x00000007adb80000,0x00000007adb80000,0x00000007af980000)
 ParOldGen       total 128000K, used 58895K [0x00000006c1c00000, 0x00000006c9900000, 0x000000076b400000)
  object space 128000K, 46% used [0x00000006c1c00000,0x00000006c5583f90,0x00000006c9900000)
 Metaspace       used 55469K, capacity 58920K, committed 59008K, reserved 1101824K
  class space    used 6457K, capacity 7006K, committed 7040K, reserved 1048576K
Event: 38.600 GC heap after
Heap after GC invocations=14 (full 3):
 PSYoungGen      total 850432K, used 0K [0x000000076b400000, 0x00000007af980000, 0x00000007c0000000)
  eden space 835072K, 0% used [0x000000076b400000,0x000000076b400000,0x000000079e380000)
  from space 15360K, 0% used [0x000000079e380000,0x000000079e380000,0x000000079f280000)
  to   space 30720K, 0% used [0x00000007adb80000,0x00000007adb80000,0x00000007af980000)
 ParOldGen       total 208896K, used 69296K [0x00000006c1c00000, 0x00000006ce800000, 0x000000076b400000)
  object space 208896K, 33% used [0x00000006c1c00000,0x00000006c5fac028,0x00000006ce800000)
 Metaspace       used 55469K, capacity 58920K, committed 59008K, reserved 1101824K
  class space    used 6457K, capacity 7006K, committed 7040K, reserved 1048576K
}

