# JRE version: Java(TM) SE Runtime Environment (8.0_201-b09) (build 1.8.0_201-b09)
# Java VM: Java HotSpot(TM) 64-Bit Server VM (25.201-b09 mixed mode windows-amd64 compressed oops)
Heap:
 PSYoungGen      total 1095680K, used 632779K [0x000000076b400000, 0x00000007b6580000, 0x00000007c0000000)
  eden space 1029120K, 58% used [0x000000076b400000,0x000000078fc08f38,0x00000007aa100000)
  from space 66560K, 52% used [0x00000007ae200000,0x00000007b03ea030,0x00000007b2300000)
  to   space 66560K, 0% used [0x00000007aa100000,0x00000007aa100000,0x00000007ae200000)
 ParOldGen       total 293376K, used 106459K [0x00000006c1c00000, 0x00000006d3a80000, 0x000000076b400000)
  object space 293376K, 36% used [0x00000006c1c00000,0x00000006c83f6e80,0x00000006d3a80000)
 Metaspace       used 61744K, capacity 65594K, committed 65920K, reserved 1107968K
  class space    used 6871K, capacity 7451K, committed 7552K, reserved 1048576K
GC Heap History (10 events):
Event: 7.100 GC heap before
{Heap before GC invocations=11 (full 1):
 PSYoungGen      total 537600K, used 172272K [0x000000076b400000, 0x00000007a0180000, 0x00000007c0000000)
  eden space 523776K, 32% used [0x000000076b400000,0x0000000775c3c108,0x000000078b380000)
  from space 13824K, 0% used [0x000000078b380000,0x000000078b380000,0x000000078c100000)
  to   space 13824K, 0% used [0x000000079f400000,0x000000079f400000,0x00000007a0180000)
 ParOldGen       total 91136K, used 10128K [0x00000006c1c00000, 0x00000006c7500000, 0x000000076b400000)
  object space 91136K, 11% used [0x00000006c1c00000,0x00000006c25e41c8,0x00000006c7500000)
 Metaspace       used 34696K, capacity 35208K, committed 35456K, reserved 1081344K
  class space    used 4044K, capacity 4195K, committed 4224K, reserved 1048576K
Event: 7.127 GC heap after
Heap after GC invocations=11 (full 1):
 PSYoungGen      total 786432K, used 13817K [0x000000076b400000, 0x00000007a0180000, 0x00000007c0000000)
  eden space 772608K, 0% used [0x000000076b400000,0x000000076b400000,0x000000079a680000)
  from space 13824K, 99% used [0x000000079f400000,0x00000007a017e740,0x00000007a0180000)
  to   space 15360K, 0% used [0x000000079e380000,0x000000079e380000,0x000000079f280000)
 ParOldGen       total 91136K, used 10207K [0x00000006c1c00000, 0x00000006c7500000, 0x000000076b400000)
  object space 91136K, 11% used [0x00000006c1c00000,0x00000006c25f7fb8,0x00000006c7500000)
 Metaspace       used 34696K, capacity 35208K, committed 35456K, reserved 1081344K
  class space    used 4044K, capacity 4195K, committed 4224K, reserved 1048576K
}
Event: 7.127 GC heap before
{Heap before GC invocations=12 (full 2):
 PSYoungGen      total 786432K, used 13817K [0x000000076b400000, 0x00000007a0180000, 0x00000007c0000000)
  eden space 772608K, 0% used [0x000000076b400000,0x000000076b400000,0x000000079a680000)
  from space 13824K, 99% used [0x000000079f400000,0x00000007a017e740,0x00000007a0180000)
  to   space 15360K, 0% used [0x000000079e380000,0x000000079e380000,0x000000079f280000)
 ParOldGen       total 91136K, used 10207K [0x00000006c1c00000, 0x00000006c7500000, 0x000000076b400000)
  object space 91136K, 11% used [0x00000006c1c00000,0x00000006c25f7fb8,0x00000006c7500000)
 Metaspace       used 34696K, capacity 35208K, committed 35456K, reserved 1081344K
  class space    used 4044K, capacity 4195K, committed 4224K, reserved 1048576K
Event: 7.237 GC heap after
Heap after GC invocations=12 (full 2):
 PSYoungGen      total 786432K, used 0K [0x000000076b400000, 0x00000007a0180000, 0x00000007c0000000)
  eden space 772608K, 0% used [0x000000076b400000,0x000000076b400000,0x000000079a680000)
  from space 13824K, 0% used [0x000000079f400000,0x000000079f400000,0x00000007a0180000)
  to   space 15360K, 0% used [0x000000079e380000,0x000000079e380000,0x000000079f280000)
 ParOldGen       total 133632K, used 22822K [0x00000006c1c00000, 0x00000006c9e80000, 0x000000076b400000)
  object space 133632K, 17% used [0x00000006c1c00000,0x00000006c3249980,0x00000006c9e80000)
 Metaspace       used 34696K, capacity 35208K, committed 35456K, reserved 1081344K
  class space    used 4044K, capacity 4195K, committed 4224K, reserved 1048576K
}
Event: 27.205 GC heap before
{Heap before GC invocations=13 (full 2):
 PSYoungGen      total 786432K, used 528792K [0x000000076b400000, 0x00000007a0180000, 0x00000007c0000000)
  eden space 772608K, 68% used [0x000000076b400000,0x000000078b866250,0x000000079a680000)
  from space 13824K, 0% used [0x000000079f400000,0x000000079f400000,0x00000007a0180000)
  to   space 15360K, 0% used [0x000000079e380000,0x000000079e380000,0x000000079f280000)
 ParOldGen       total 133632K, used 22822K [0x00000006c1c00000, 0x00000006c9e80000, 0x000000076b400000)
  object space 133632K, 17% used [0x00000006c1c00000,0x00000006c3249980,0x00000006c9e80000)
 Metaspace       used 55461K, capacity 59030K, committed 59096K, reserved 1101824K
  class space    used 6488K, capacity 7001K, committed 7040K, reserved 1048576K
Event: 27.267 GC heap after
Heap after GC invocations=13 (full 2):
 PSYoungGen      total 850432K, used 15350K [0x000000076b400000, 0x00000007b2300000, 0x00000007c0000000)
  eden space 835072K, 0% used [0x000000076b400000,0x000000076b400000,0x000000079e380000)
  from space 15360K, 99% used [0x000000079e380000,0x000000079f27dab8,0x000000079f280000)
  to   space 66560K, 0% used [0x00000007ae200000,0x00000007ae200000,0x00000007b2300000)
 ParOldGen       total 164864K, used 157680K [0x00000006c1c00000, 0x00000006cbd00000, 0x000000076b400000)
  object space 164864K, 95% used [0x00000006c1c00000,0x00000006cb5fc2f0,0x00000006cbd00000)
 Metaspace       used 55461K, capacity 59030K, committed 59096K, reserved 1101824K
  class space    used 6488K, capacity 7001K, committed 7040K, reserved 1048576K
}
Event: 27.267 GC heap before
{Heap before GC invocations=14 (full 3):
 PSYoungGen      total 850432K, used 15350K [0x000000076b400000, 0x00000007b2300000, 0x00000007c0000000)
  eden space 835072K, 0% used [0x000000076b400000,0x000000076b400000,0x000000079e380000)
  from space 15360K, 99% used [0x000000079e380000,0x000000079f27dab8,0x000000079f280000)
  to   space 66560K, 0% used [0x00000007ae200000,0x00000007ae200000,0x00000007b2300000)
 ParOldGen       total 164864K, used 157680K [0x00000006c1c00000, 0x00000006cbd00000, 0x000000076b400000)
  object space 164864K, 95% used [0x00000006c1c00000,0x00000006cb5fc2f0,0x00000006cbd00000)
 Metaspace       used 55461K, capacity 59030K, committed 59096K, reserved 1101824K
  class space    used 6488K, capacity 7001K, committed 7040K, reserved 1048576K
Event: 27.550 GC heap after
Heap after GC invocations=14 (full 3):
 PSYoungGen      total 850432K, used 0K [0x000000076b400000, 0x00000007b2300000, 0x00000007c0000000)
  eden space 835072K, 0% used [0x000000076b400000,0x000000076b400000,0x000000079e380000)
  from space 15360K, 0% used [0x000000079e380000,0x000000079e380000,0x000000079f280000)
  to   space 66560K, 0% used [0x00000007ae200000,0x00000007ae200000,0x00000007b2300000)
 ParOldGen       total 293376K, used 106451K [0x00000006c1c00000, 0x00000006d3a80000, 0x000000076b400000)
  object space 293376K, 36% used [0x00000006c1c00000,0x00000006c83f4e80,0x00000006d3a80000)
 Metaspace       used 55461K, capacity 59030K, committed 59096K, reserved 1101824K
  class space    used 6488K, capacity 7001K, committed 7040K, reserved 1048576K
}
Event: 284.819 GC heap before
{Heap before GC invocations=15 (full 3):
 PSYoungGen      total 850432K, used 835072K [0x000000076b400000, 0x00000007b2300000, 0x00000007c0000000)
  eden space 835072K, 100% used [0x000000076b400000,0x000000079e380000,0x000000079e380000)
  from space 15360K, 0% used [0x000000079e380000,0x000000079e380000,0x000000079f280000)
  to   space 66560K, 0% used [0x00000007ae200000,0x00000007ae200000,0x00000007b2300000)
 ParOldGen       total 293376K, used 106451K [0x00000006c1c00000, 0x00000006d3a80000, 0x000000076b400000)
  object space 293376K, 36% used [0x00000006c1c00000,0x00000006c83f4e80,0x00000006d3a80000)
 Metaspace       used 59963K, capacity 63752K, committed 63872K, reserved 1105920K
  class space    used 6698K, capacity 7290K, committed 7296K, reserved 1048576K
Event: 284.856 GC heap after
Heap after GC invocations=15 (full 3):
 PSYoungGen      total 1095680K, used 34728K [0x000000076b400000, 0x00000007b6580000, 0x00000007c0000000)
  eden space 1029120K, 0% used [0x000000076b400000,0x000000076b400000,0x00000007aa100000)
  from space 66560K, 52% used [0x00000007ae200000,0x00000007b03ea030,0x00000007b2300000)
  to   space 66560K, 0% used [0x00000007aa100000,0x00000007aa100000,0x00000007ae200000)
 ParOldGen       total 293376K, used 106459K [0x00000006c1c00000, 0x00000006d3a80000, 0x000000076b400000)
  object space 293376K, 36% used [0x00000006c1c00000,0x00000006c83f6e80,0x00000006d3a80000)
 Metaspace       used 59963K, capacity 63752K, committed 63872K, reserved 1105920K
  class space    used 6698K, capacity 7290K, committed 7296K, reserved 1048576K
}

