# JRE version: Java(TM) SE Runtime Environment (8.0_201-b09) (build 1.8.0_201-b09)
# Java VM: Java HotSpot(TM) 64-Bit Server VM (25.201-b09 mixed mode windows-amd64 compressed oops)
Heap:
 PSYoungGen      total 1275904K, used 1121858K [0x000000076af00000, 0x00000007c0000000, 0x00000007c0000000)
  eden space 1223168K, 91% used [0x000000076af00000,0x00000007af690b38,0x00000007b5980000)
  from space 52736K, 0% used [0x00000007b5980000,0x00000007b5980000,0x00000007b8d00000)
  to   space 51712K, 0% used [0x00000007bcd80000,0x00000007bcd80000,0x00000007c0000000)
 ParOldGen       total 259584K, used 132643K [0x00000006c0c00000, 0x00000006d0980000, 0x000000076af00000)
  object space 259584K, 51% used [0x00000006c0c00000,0x00000006c8d88c18,0x00000006d0980000)
 Metaspace       used 63961K, capacity 68054K, committed 68224K, reserved 1110016K
  class space    used 6807K, capacity 7448K, committed 7552K, reserved 1048576K
GC Heap History (10 events):
Event: 2310.025 GC heap before
{Heap before GC invocations=15 (full 3):
 PSYoungGen      total 837120K, used 799232K [0x000000076af00000, 0x00000007b6280000, 0x00000007c0000000)
  eden space 799232K, 100% used [0x000000076af00000,0x000000079bb80000,0x000000079bb80000)
  from space 37888K, 0% used [0x000000079bb80000,0x000000079bb80000,0x000000079e080000)
  to   space 47104K, 0% used [0x00000007b3480000,0x00000007b3480000,0x00000007b6280000)
 ParOldGen       total 259584K, used 120435K [0x00000006c0c00000, 0x00000006d0980000, 0x000000076af00000)
  object space 259584K, 46% used [0x00000006c0c00000,0x00000006c819cf98,0x00000006d0980000)
 Metaspace       used 58602K, capacity 62638K, committed 62848K, reserved 1105920K
  class space    used 6567K, capacity 7172K, committed 7296K, reserved 1048576K
Event: 2310.069 GC heap after
Heap after GC invocations=15 (full 3):
 PSYoungGen      total 1026048K, used 20183K [0x000000076af00000, 0x00000007b4880000, 0x00000007c0000000)
  eden space 1005568K, 0% used [0x000000076af00000,0x000000076af00000,0x00000007a8500000)
  from space 20480K, 98% used [0x00000007b3480000,0x00000007b4835d00,0x00000007b4880000)
  to   space 45056K, 0% used [0x00000007af080000,0x00000007af080000,0x00000007b1c80000)
 ParOldGen       total 259584K, used 120443K [0x00000006c0c00000, 0x00000006d0980000, 0x000000076af00000)
  object space 259584K, 46% used [0x00000006c0c00000,0x00000006c819ef98,0x00000006d0980000)
 Metaspace       used 58602K, capacity 62638K, committed 62848K, reserved 1105920K
  class space    used 6567K, capacity 7172K, committed 7296K, reserved 1048576K
}
Event: 3625.527 GC heap before
{Heap before GC invocations=16 (full 3):
 PSYoungGen      total 1026048K, used 1025751K [0x000000076af00000, 0x00000007b4880000, 0x00000007c0000000)
  eden space 1005568K, 100% used [0x000000076af00000,0x00000007a8500000,0x00000007a8500000)
  from space 20480K, 98% used [0x00000007b3480000,0x00000007b4835d00,0x00000007b4880000)
  to   space 45056K, 0% used [0x00000007af080000,0x00000007af080000,0x00000007b1c80000)
 ParOldGen       total 259584K, used 120443K [0x00000006c0c00000, 0x00000006d0980000, 0x000000076af00000)
  object space 259584K, 46% used [0x00000006c0c00000,0x00000006c819ef98,0x00000006d0980000)
 Metaspace       used 62787K, capacity 66904K, committed 67072K, reserved 1110016K
  class space    used 6744K, capacity 7361K, committed 7424K, reserved 1048576K
Event: 3625.544 GC heap after
Heap after GC invocations=16 (full 3):
 PSYoungGen      total 1160704K, used 45032K [0x000000076af00000, 0x00000007bc000000, 0x00000007c0000000)
  eden space 1115648K, 0% used [0x000000076af00000,0x000000076af00000,0x00000007af080000)
  from space 45056K, 99% used [0x00000007af080000,0x00000007b1c7a3c0,0x00000007b1c80000)
  to   space 52224K, 0% used [0x00000007b8d00000,0x00000007b8d00000,0x00000007bc000000)
 ParOldGen       total 259584K, used 123071K [0x00000006c0c00000, 0x00000006d0980000, 0x000000076af00000)
  object space 259584K, 47% used [0x00000006c0c00000,0x00000006c842ff00,0x00000006d0980000)
 Metaspace       used 62787K, capacity 66904K, committed 67072K, reserved 1110016K
  class space    used 6744K, capacity 7361K, committed 7424K, reserved 1048576K
}
Event: 3776.439 GC heap before
{Heap before GC invocations=17 (full 3):
 PSYoungGen      total 1160704K, used 1160680K [0x000000076af00000, 0x00000007bc000000, 0x00000007c0000000)
  eden space 1115648K, 100% used [0x000000076af00000,0x00000007af080000,0x00000007af080000)
  from space 45056K, 99% used [0x00000007af080000,0x00000007b1c7a3c0,0x00000007b1c80000)
  to   space 52224K, 0% used [0x00000007b8d00000,0x00000007b8d00000,0x00000007bc000000)
 ParOldGen       total 259584K, used 123071K [0x00000006c0c00000, 0x00000006d0980000, 0x000000076af00000)
  object space 259584K, 47% used [0x00000006c0c00000,0x00000006c842ff00,0x00000006d0980000)
 Metaspace       used 63534K, capacity 67714K, committed 67968K, reserved 1110016K
  class space    used 6800K, capacity 7448K, committed 7552K, reserved 1048576K
Event: 3776.456 GC heap after
Heap after GC invocations=17 (full 3):
 PSYoungGen      total 1275392K, used 6069K [0x000000076af00000, 0x00000007c0000000, 0x00000007c0000000)
  eden space 1223168K, 0% used [0x000000076af00000,0x000000076af00000,0x00000007b5980000)
  from space 52224K, 11% used [0x00000007b8d00000,0x00000007b92ed718,0x00000007bc000000)
  to   space 52736K, 0% used [0x00000007b5980000,0x00000007b5980000,0x00000007b8d00000)
 ParOldGen       total 259584K, used 168912K [0x00000006c0c00000, 0x00000006d0980000, 0x000000076af00000)
  object space 259584K, 65% used [0x00000006c0c00000,0x00000006cb0f41b0,0x00000006d0980000)
 Metaspace       used 63534K, capacity 67714K, committed 67968K, reserved 1110016K
  class space    used 6800K, capacity 7448K, committed 7552K, reserved 1048576K
}
Event: 3933.547 GC heap before
{Heap before GC invocations=18 (full 3):
 PSYoungGen      total 1275392K, used 1060643K [0x000000076af00000, 0x00000007c0000000, 0x00000007c0000000)
  eden space 1223168K, 86% used [0x000000076af00000,0x00000007ab4db6a0,0x00000007b5980000)
  from space 52224K, 11% used [0x00000007b8d00000,0x00000007b92ed718,0x00000007bc000000)
  to   space 52736K, 0% used [0x00000007b5980000,0x00000007b5980000,0x00000007b8d00000)
 ParOldGen       total 259584K, used 168912K [0x00000006c0c00000, 0x00000006d0980000, 0x000000076af00000)
  object space 259584K, 65% used [0x00000006c0c00000,0x00000006cb0f41b0,0x00000006d0980000)
 Metaspace       used 63624K, capacity 67778K, committed 67968K, reserved 1110016K
  class space    used 6806K, capacity 7448K, committed 7552K, reserved 1048576K
Event: 3933.556 GC heap after
Heap after GC invocations=18 (full 3):
 PSYoungGen      total 1275904K, used 9574K [0x000000076af00000, 0x00000007c0000000, 0x00000007c0000000)
  eden space 1223168K, 0% used [0x000000076af00000,0x000000076af00000,0x00000007b5980000)
  from space 52736K, 18% used [0x00000007b5980000,0x00000007b62d9af8,0x00000007b8d00000)
  to   space 51712K, 0% used [0x00000007bcd80000,0x00000007bcd80000,0x00000007c0000000)
 ParOldGen       total 259584K, used 168920K [0x00000006c0c00000, 0x00000006d0980000, 0x000000076af00000)
  object space 259584K, 65% used [0x00000006c0c00000,0x00000006cb0f61b0,0x00000006d0980000)
 Metaspace       used 63624K, capacity 67778K, committed 67968K, reserved 1110016K
  class space    used 6806K, capacity 7448K, committed 7552K, reserved 1048576K
}
Event: 3933.556 GC heap before
{Heap before GC invocations=19 (full 4):
 PSYoungGen      total 1275904K, used 9574K [0x000000076af00000, 0x00000007c0000000, 0x00000007c0000000)
  eden space 1223168K, 0% used [0x000000076af00000,0x000000076af00000,0x00000007b5980000)
  from space 52736K, 18% used [0x00000007b5980000,0x00000007b62d9af8,0x00000007b8d00000)
  to   space 51712K, 0% used [0x00000007bcd80000,0x00000007bcd80000,0x00000007c0000000)
 ParOldGen       total 259584K, used 168920K [0x00000006c0c00000, 0x00000006d0980000, 0x000000076af00000)
  object space 259584K, 65% used [0x00000006c0c00000,0x00000006cb0f61b0,0x00000006d0980000)
 Metaspace       used 63624K, capacity 67778K, committed 67968K, reserved 1110016K
  class space    used 6806K, capacity 7448K, committed 7552K, reserved 1048576K
Event: 3933.837 GC heap after
Heap after GC invocations=19 (full 4):
 PSYoungGen      total 1275904K, used 0K [0x000000076af00000, 0x00000007c0000000, 0x00000007c0000000)
  eden space 1223168K, 0% used [0x000000076af00000,0x000000076af00000,0x00000007b5980000)
  from space 52736K, 0% used [0x00000007b5980000,0x00000007b5980000,0x00000007b8d00000)
  to   space 51712K, 0% used [0x00000007bcd80000,0x00000007bcd80000,0x00000007c0000000)
 ParOldGen       total 259584K, used 132643K [0x00000006c0c00000, 0x00000006d0980000, 0x000000076af00000)
  object space 259584K, 51% used [0x00000006c0c00000,0x00000006c8d88c18,0x00000006d0980000)
 Metaspace       used 63620K, capacity 67772K, committed 67968K, reserved 1110016K
  class space    used 6806K, capacity 7447K, committed 7552K, reserved 1048576K
}

