# JRE version: Java(TM) SE Runtime Environment (8.0_201-b09) (build 1.8.0_201-b09)
# Java VM: Java HotSpot(TM) 64-Bit Server VM (25.201-b09 mixed mode windows-amd64 compressed oops)
Heap:
 PSYoungGen      total 1119744K, used 576351K [0x000000076b400000, 0x00000007b5e00000, 0x00000007c0000000)
  eden space 1082880K, 53% used [0x000000076b400000,0x000000078e6d7de0,0x00000007ad580000)
  from space 36864K, 0% used [0x00000007af900000,0x00000007af900000,0x00000007b1d00000)
  to   space 36352K, 0% used [0x00000007ad580000,0x00000007ad580000,0x00000007af900000)
 ParOldGen       total 239104K, used 89038K [0x00000006c1c00000, 0x00000006d0580000, 0x000000076b400000)
  object space 239104K, 37% used [0x00000006c1c00000,0x00000006c72f3b00,0x00000006d0580000)
 Metaspace       used 58919K, capacity 62640K, committed 62888K, reserved 1105920K
  class space    used 6669K, capacity 7262K, committed 7336K, reserved 1048576K
GC Heap History (10 events):
Event: 6.366 GC heap before
{Heap before GC invocations=11 (full 1):
 PSYoungGen      total 537600K, used 167033K [0x000000076b400000, 0x00000007a0280000, 0x00000007c0000000)
  eden space 524288K, 31% used [0x000000076b400000,0x000000077571e790,0x000000078b400000)
  from space 13312K, 0% used [0x000000078b400000,0x000000078b400000,0x000000078c100000)
  to   space 13824K, 0% used [0x000000079f500000,0x000000079f500000,0x00000007a0280000)
 ParOldGen       total 88576K, used 10419K [0x00000006c1c00000, 0x00000006c7280000, 0x000000076b400000)
  object space 88576K, 11% used [0x00000006c1c00000,0x00000006c262cc00,0x00000006c7280000)
 Metaspace       used 34689K, capacity 35172K, committed 35496K, reserved 1081344K
  class space    used 4072K, capacity 4229K, committed 4264K, reserved 1048576K
Event: 6.383 GC heap after
Heap after GC invocations=11 (full 1):
 PSYoungGen      total 799744K, used 13190K [0x000000076b400000, 0x00000007a0200000, 0x00000007c0000000)
  eden space 786432K, 0% used [0x000000076b400000,0x000000076b400000,0x000000079b400000)
  from space 13312K, 99% used [0x000000079f500000,0x00000007a01e1ac8,0x00000007a0200000)
  to   space 14848K, 0% used [0x000000079e500000,0x000000079e500000,0x000000079f380000)
 ParOldGen       total 88576K, used 10427K [0x00000006c1c00000, 0x00000006c7280000, 0x000000076b400000)
  object space 88576K, 11% used [0x00000006c1c00000,0x00000006c262ec00,0x00000006c7280000)
 Metaspace       used 34689K, capacity 35172K, committed 35496K, reserved 1081344K
  class space    used 4072K, capacity 4229K, committed 4264K, reserved 1048576K
}
Event: 6.383 GC heap before
{Heap before GC invocations=12 (full 2):
 PSYoungGen      total 799744K, used 13190K [0x000000076b400000, 0x00000007a0200000, 0x00000007c0000000)
  eden space 786432K, 0% used [0x000000076b400000,0x000000076b400000,0x000000079b400000)
  from space 13312K, 99% used [0x000000079f500000,0x00000007a01e1ac8,0x00000007a0200000)
  to   space 14848K, 0% used [0x000000079e500000,0x000000079e500000,0x000000079f380000)
 ParOldGen       total 88576K, used 10427K [0x00000006c1c00000, 0x00000006c7280000, 0x000000076b400000)
  object space 88576K, 11% used [0x00000006c1c00000,0x00000006c262ec00,0x00000006c7280000)
 Metaspace       used 34689K, capacity 35172K, committed 35496K, reserved 1081344K
  class space    used 4072K, capacity 4229K, committed 4264K, reserved 1048576K
Event: 6.445 GC heap after
Heap after GC invocations=12 (full 2):
 PSYoungGen      total 799744K, used 0K [0x000000076b400000, 0x00000007a0200000, 0x00000007c0000000)
  eden space 786432K, 0% used [0x000000076b400000,0x000000076b400000,0x000000079b400000)
  from space 13312K, 0% used [0x000000079f500000,0x000000079f500000,0x00000007a0200000)
  to   space 14848K, 0% used [0x000000079e500000,0x000000079e500000,0x000000079f380000)
 ParOldGen       total 124416K, used 22448K [0x00000006c1c00000, 0x00000006c9580000, 0x000000076b400000)
  object space 124416K, 18% used [0x00000006c1c00000,0x00000006c31ec170,0x00000006c9580000)
 Metaspace       used 34689K, capacity 35172K, committed 35496K, reserved 1081344K
  class space    used 4072K, capacity 4229K, committed 4264K, reserved 1048576K
}
Event: 73.616 GC heap before
{Heap before GC invocations=13 (full 2):
 PSYoungGen      total 799744K, used 500343K [0x000000076b400000, 0x00000007a0200000, 0x00000007c0000000)
  eden space 786432K, 63% used [0x000000076b400000,0x0000000789c9deb0,0x000000079b400000)
  from space 13312K, 0% used [0x000000079f500000,0x000000079f500000,0x00000007a0200000)
  to   space 14848K, 0% used [0x000000079e500000,0x000000079e500000,0x000000079f380000)
 ParOldGen       total 124416K, used 22448K [0x00000006c1c00000, 0x00000006c9580000, 0x000000076b400000)
  object space 124416K, 18% used [0x00000006c1c00000,0x00000006c31ec170,0x00000006c9580000)
 Metaspace       used 55553K, capacity 59148K, committed 59416K, reserved 1101824K
  class space    used 6465K, capacity 7012K, committed 7080K, reserved 1048576K
Event: 73.653 GC heap after
Heap after GC invocations=13 (full 2):
 PSYoungGen      total 851456K, used 14840K [0x000000076b400000, 0x00000007b1d00000, 0x00000007c0000000)
  eden space 836608K, 0% used [0x000000076b400000,0x000000076b400000,0x000000079e500000)
  from space 14848K, 99% used [0x000000079e500000,0x000000079f37e0a8,0x000000079f380000)
  to   space 36864K, 0% used [0x00000007af900000,0x00000007af900000,0x00000007b1d00000)
 ParOldGen       total 124416K, used 78008K [0x00000006c1c00000, 0x00000006c9580000, 0x000000076b400000)
  object space 124416K, 62% used [0x00000006c1c00000,0x00000006c682e350,0x00000006c9580000)
 Metaspace       used 55553K, capacity 59148K, committed 59416K, reserved 1101824K
  class space    used 6465K, capacity 7012K, committed 7080K, reserved 1048576K
}
Event: 74.290 GC heap before
{Heap before GC invocations=14 (full 2):
 PSYoungGen      total 851456K, used 74910K [0x000000076b400000, 0x00000007b1d00000, 0x00000007c0000000)
  eden space 836608K, 7% used [0x000000076b400000,0x000000076eea9a60,0x000000079e500000)
  from space 14848K, 99% used [0x000000079e500000,0x000000079f37e0a8,0x000000079f380000)
  to   space 36864K, 0% used [0x00000007af900000,0x00000007af900000,0x00000007b1d00000)
 ParOldGen       total 124416K, used 78008K [0x00000006c1c00000, 0x00000006c9580000, 0x000000076b400000)
  object space 124416K, 62% used [0x00000006c1c00000,0x00000006c682e350,0x00000006c9580000)
 Metaspace       used 55882K, capacity 59400K, committed 59492K, reserved 1101824K
  class space    used 6499K, capacity 7050K, committed 7080K, reserved 1048576K
Event: 74.309 GC heap after
Heap after GC invocations=14 (full 2):
 PSYoungGen      total 1119744K, used 6207K [0x000000076b400000, 0x00000007b5e00000, 0x00000007c0000000)
  eden space 1082880K, 0% used [0x000000076b400000,0x000000076b400000,0x00000007ad580000)
  from space 36864K, 16% used [0x00000007af900000,0x00000007aff0fe30,0x00000007b1d00000)
  to   space 36352K, 0% used [0x00000007ad580000,0x00000007ad580000,0x00000007af900000)
 ParOldGen       total 124416K, used 115818K [0x00000006c1c00000, 0x00000006c9580000, 0x000000076b400000)
  object space 124416K, 93% used [0x00000006c1c00000,0x00000006c8d1a988,0x00000006c9580000)
 Metaspace       used 55882K, capacity 59400K, committed 59492K, reserved 1101824K
  class space    used 6499K, capacity 7050K, committed 7080K, reserved 1048576K
}
Event: 74.309 GC heap before
{Heap before GC invocations=15 (full 3):
 PSYoungGen      total 1119744K, used 6207K [0x000000076b400000, 0x00000007b5e00000, 0x00000007c0000000)
  eden space 1082880K, 0% used [0x000000076b400000,0x000000076b400000,0x00000007ad580000)
  from space 36864K, 16% used [0x00000007af900000,0x00000007aff0fe30,0x00000007b1d00000)
  to   space 36352K, 0% used [0x00000007ad580000,0x00000007ad580000,0x00000007af900000)
 ParOldGen       total 124416K, used 115818K [0x00000006c1c00000, 0x00000006c9580000, 0x000000076b400000)
  object space 124416K, 93% used [0x00000006c1c00000,0x00000006c8d1a988,0x00000006c9580000)
 Metaspace       used 55882K, capacity 59400K, committed 59492K, reserved 1101824K
  class space    used 6499K, capacity 7050K, committed 7080K, reserved 1048576K
Event: 74.557 GC heap after
Heap after GC invocations=15 (full 3):
 PSYoungGen      total 1119744K, used 0K [0x000000076b400000, 0x00000007b5e00000, 0x00000007c0000000)
  eden space 1082880K, 0% used [0x000000076b400000,0x000000076b400000,0x00000007ad580000)
  from space 36864K, 0% used [0x00000007af900000,0x00000007af900000,0x00000007b1d00000)
  to   space 36352K, 0% used [0x00000007ad580000,0x00000007ad580000,0x00000007af900000)
 ParOldGen       total 239104K, used 89038K [0x00000006c1c00000, 0x00000006d0580000, 0x000000076b400000)
  object space 239104K, 37% used [0x00000006c1c00000,0x00000006c72f3b00,0x00000006d0580000)
 Metaspace       used 55882K, capacity 59400K, committed 59492K, reserved 1101824K
  class space    used 6499K, capacity 7050K, committed 7080K, reserved 1048576K
}

