# JRE version: Java(TM) SE Runtime Environment (8.0_181-b13) (build 1.8.0_181-b13)
# Java VM: Java HotSpot(TM) 64-Bit Server VM (25.181-b13 mixed mode windows-amd64 compressed oops)
Heap:
 PSYoungGen      total 1221632K, used 1008319K [0x000000076af00000, 0x00000007bff00000, 0x00000007c0000000)
  eden space 1184256K, 84% used [0x000000076af00000,0x00000007a8460760,0x00000007b3380000)
  from space 37376K, 9% used [0x00000007b3380000,0x00000007b36cf688,0x00000007b5800000)
  to   space 36864K, 0% used [0x00000007bdb00000,0x00000007bdb00000,0x00000007bff00000)
 ParOldGen       total 209408K, used 88150K [0x00000006c0c00000, 0x00000006cd880000, 0x000000076af00000)
  object space 209408K, 42% used [0x00000006c0c00000,0x00000006c6215930,0x00000006cd880000)
 Metaspace       used 60329K, capacity 64246K, committed 64600K, reserved 1105920K
  class space    used 6664K, capacity 7248K, committed 7296K, reserved 1048576K
GC Heap History (10 events):
Event: 8.570 GC heap before
{Heap before GC invocations=12 (full 2):
 PSYoungGen      total 825344K, used 13120K [0x000000076af00000, 0x000000079fe00000, 0x00000007c0000000)
  eden space 812032K, 0% used [0x000000076af00000,0x000000076af00000,0x000000079c800000)
  from space 13312K, 98% used [0x000000079f100000,0x000000079fdd0230,0x000000079fe00000)
  to   space 15872K, 0% used [0x000000079df00000,0x000000079df00000,0x000000079ee80000)
 ParOldGen       total 84992K, used 10299K [0x00000006c0c00000, 0x00000006c5f00000, 0x000000076af00000)
  object space 84992K, 12% used [0x00000006c0c00000,0x00000006c160efc0,0x00000006c5f00000)
 Metaspace       used 34759K, capacity 35270K, committed 35416K, reserved 1081344K
  class space    used 4052K, capacity 4205K, committed 4224K, reserved 1048576K
Event: 8.632 GC heap after
Heap after GC invocations=12 (full 2):
 PSYoungGen      total 825344K, used 0K [0x000000076af00000, 0x000000079fe00000, 0x00000007c0000000)
  eden space 812032K, 0% used [0x000000076af00000,0x000000076af00000,0x000000079c800000)
  from space 13312K, 0% used [0x000000079f100000,0x000000079f100000,0x000000079fe00000)
  to   space 15872K, 0% used [0x000000079df00000,0x000000079df00000,0x000000079ee80000)
 ParOldGen       total 110592K, used 22288K [0x00000006c0c00000, 0x00000006c7800000, 0x000000076af00000)
  object space 110592K, 20% used [0x00000006c0c00000,0x00000006c21c4148,0x00000006c7800000)
 Metaspace       used 34759K, capacity 35270K, committed 35416K, reserved 1081344K
  class space    used 4052K, capacity 4205K, committed 4224K, reserved 1048576K
}
Event: 57.665 GC heap before
{Heap before GC invocations=13 (full 2):
 PSYoungGen      total 825344K, used 812032K [0x000000076af00000, 0x000000079fe00000, 0x00000007c0000000)
  eden space 812032K, 100% used [0x000000076af00000,0x000000079c800000,0x000000079c800000)
  from space 13312K, 0% used [0x000000079f100000,0x000000079f100000,0x000000079fe00000)
  to   space 15872K, 0% used [0x000000079df00000,0x000000079df00000,0x000000079ee80000)
 ParOldGen       total 110592K, used 22288K [0x00000006c0c00000, 0x00000006c7800000, 0x000000076af00000)
  object space 110592K, 20% used [0x00000006c0c00000,0x00000006c21c4148,0x00000006c7800000)
 Metaspace       used 54528K, capacity 58418K, committed 58584K, reserved 1101824K
  class space    used 6251K, capacity 6821K, committed 6912K, reserved 1048576K
Event: 57.704 GC heap after
Heap after GC invocations=13 (full 2):
 PSYoungGen      total 851456K, used 15847K [0x000000076af00000, 0x00000007b7c80000, 0x00000007c0000000)
  eden space 835584K, 0% used [0x000000076af00000,0x000000076af00000,0x000000079df00000)
  from space 15872K, 99% used [0x000000079df00000,0x000000079ee79f58,0x000000079ee80000)
  to   space 37376K, 0% used [0x00000007b5800000,0x00000007b5800000,0x00000007b7c80000)
 ParOldGen       total 110592K, used 75930K [0x00000006c0c00000, 0x00000006c7800000, 0x000000076af00000)
  object space 110592K, 68% used [0x00000006c0c00000,0x00000006c56268c8,0x00000006c7800000)
 Metaspace       used 54528K, capacity 58418K, committed 58584K, reserved 1101824K
  class space    used 6251K, capacity 6821K, committed 6912K, reserved 1048576K
}
Event: 97.098 GC heap before
{Heap before GC invocations=14 (full 2):
 PSYoungGen      total 851456K, used 409699K [0x000000076af00000, 0x00000007b7c80000, 0x00000007c0000000)
  eden space 835584K, 47% used [0x000000076af00000,0x0000000782f9ed00,0x000000079df00000)
  from space 15872K, 99% used [0x000000079df00000,0x000000079ee79f58,0x000000079ee80000)
  to   space 37376K, 0% used [0x00000007b5800000,0x00000007b5800000,0x00000007b7c80000)
 ParOldGen       total 110592K, used 75930K [0x00000006c0c00000, 0x00000006c7800000, 0x000000076af00000)
  object space 110592K, 68% used [0x00000006c0c00000,0x00000006c56268c8,0x00000006c7800000)
 Metaspace       used 55060K, capacity 58924K, committed 59028K, reserved 1101824K
  class space    used 6287K, capacity 6846K, committed 6912K, reserved 1048576K
Event: 97.110 GC heap after
Heap after GC invocations=14 (full 2):
 PSYoungGen      total 1221632K, used 3670K [0x000000076af00000, 0x00000007b8300000, 0x00000007c0000000)
  eden space 1184256K, 0% used [0x000000076af00000,0x000000076af00000,0x00000007b3380000)
  from space 37376K, 9% used [0x00000007b5800000,0x00000007b5b95830,0x00000007b7c80000)
  to   space 37376K, 0% used [0x00000007b3380000,0x00000007b3380000,0x00000007b5800000)
 ParOldGen       total 110592K, used 92433K [0x00000006c0c00000, 0x00000006c7800000, 0x000000076af00000)
  object space 110592K, 83% used [0x00000006c0c00000,0x00000006c6644440,0x00000006c7800000)
 Metaspace       used 55060K, capacity 58924K, committed 59028K, reserved 1101824K
  class space    used 6287K, capacity 6846K, committed 6912K, reserved 1048576K
}
Event: 97.110 GC heap before
{Heap before GC invocations=15 (full 3):
 PSYoungGen      total 1221632K, used 3670K [0x000000076af00000, 0x00000007b8300000, 0x00000007c0000000)
  eden space 1184256K, 0% used [0x000000076af00000,0x000000076af00000,0x00000007b3380000)
  from space 37376K, 9% used [0x00000007b5800000,0x00000007b5b95830,0x00000007b7c80000)
  to   space 37376K, 0% used [0x00000007b3380000,0x00000007b3380000,0x00000007b5800000)
 ParOldGen       total 110592K, used 92433K [0x00000006c0c00000, 0x00000006c7800000, 0x000000076af00000)
  object space 110592K, 83% used [0x00000006c0c00000,0x00000006c6644440,0x00000006c7800000)
 Metaspace       used 55060K, capacity 58924K, committed 59028K, reserved 1101824K
  class space    used 6287K, capacity 6846K, committed 6912K, reserved 1048576K
Event: 97.343 GC heap after
Heap after GC invocations=15 (full 3):
 PSYoungGen      total 1221632K, used 0K [0x000000076af00000, 0x00000007b8300000, 0x00000007c0000000)
  eden space 1184256K, 0% used [0x000000076af00000,0x000000076af00000,0x00000007b3380000)
  from space 37376K, 0% used [0x00000007b5800000,0x00000007b5800000,0x00000007b7c80000)
  to   space 37376K, 0% used [0x00000007b3380000,0x00000007b3380000,0x00000007b5800000)
 ParOldGen       total 209408K, used 88142K [0x00000006c0c00000, 0x00000006cd880000, 0x000000076af00000)
  object space 209408K, 42% used [0x00000006c0c00000,0x00000006c6213930,0x00000006cd880000)
 Metaspace       used 55060K, capacity 58924K, committed 59028K, reserved 1101824K
  class space    used 6287K, capacity 6846K, committed 6912K, reserved 1048576K
}
Event: 227.367 GC heap before
{Heap before GC invocations=16 (full 3):
 PSYoungGen      total 1221632K, used 1184256K [0x000000076af00000, 0x00000007b8300000, 0x00000007c0000000)
  eden space 1184256K, 100% used [0x000000076af00000,0x00000007b3380000,0x00000007b3380000)
  from space 37376K, 0% used [0x00000007b5800000,0x00000007b5800000,0x00000007b7c80000)
  to   space 37376K, 0% used [0x00000007b3380000,0x00000007b3380000,0x00000007b5800000)
 ParOldGen       total 209408K, used 88142K [0x00000006c0c00000, 0x00000006cd880000, 0x000000076af00000)
  object space 209408K, 42% used [0x00000006c0c00000,0x00000006c6213930,0x00000006cd880000)
 Metaspace       used 55673K, capacity 59596K, committed 59924K, reserved 1101824K
  class space    used 6359K, capacity 6924K, committed 7040K, reserved 1048576K
Event: 227.371 GC heap after
Heap after GC invocations=16 (full 3):
 PSYoungGen      total 1221632K, used 3389K [0x000000076af00000, 0x00000007bff00000, 0x00000007c0000000)
  eden space 1184256K, 0% used [0x000000076af00000,0x000000076af00000,0x00000007b3380000)
  from space 37376K, 9% used [0x00000007b3380000,0x00000007b36cf688,0x00000007b5800000)
  to   space 36864K, 0% used [0x00000007bdb00000,0x00000007bdb00000,0x00000007bff00000)
 ParOldGen       total 209408K, used 88150K [0x00000006c0c00000, 0x00000006cd880000, 0x000000076af00000)
  object space 209408K, 42% used [0x00000006c0c00000,0x00000006c6215930,0x00000006cd880000)
 Metaspace       used 55673K, capacity 59596K, committed 59924K, reserved 1101824K
  class space    used 6359K, capacity 6924K, committed 7040K, reserved 1048576K
}

